#
# There is insufficient memory for the Java Runtime Environment to continue.
# Native memory allocation (malloc) failed to allocate 1048576 bytes for AllocateHeap
# Possible reasons:
#   The system is out of physical RAM or swap space
#   The process is running with CompressedOops enabled, and the Java Heap may be blocking the growth of the native heap
# Possible solutions:
#   Reduce memory load on the system
#   Increase physical memory or swap space
#   Check if swap backing store is full
#   Decrease Java heap size (-Xmx/-Xms)
#   Decrease number of Java threads
#   Decrease Java thread stack sizes (-Xss)
#   Set larger code cache with -XX:ReservedCodeCacheSize=
#   JVM is running with Unscaled Compressed Oops mode in which the Java heap is
#     placed in the first 4GB address space. The Java Heap base address is the
#     maximum limit for the native heap growth. Please use -XX:HeapBaseMinAddress
#     to set the Java Heap base and to place the Java Heap above 4GB virtual address.
# This output file may be truncated or incomplete.
#
#  Out of Memory Error (t:/workspace/open/src/hotspot/share/memory/allocation.cpp:46), pid=25188, tid=8080
#
# JRE version:  (11.0.6+8) (build )
# Java VM: Java HotSpot(TM) 64-Bit Server VM (11.0.6+8-LTS, mixed mode, sharing, tiered, compressed oops, g1 gc, windows-amd64)
# No core dump will be written. Minidumps are not enabled by default on client versions of Windows
#

---------------  S U M M A R Y ------------

Command Line: -Dapplication.home=C:\Program Files\Java\jdk-11.0.6 --add-modules=ALL-DEFAULT -Xms8m -Djdk.module.main=jdk.compiler jdk.compiler/com.sun.tools.javac.Main -d C:\Users\rk565\Documents\NetBeansProjects\HotelManagementSystem\build\classes -classpath C:\Users\rk565\Documents\NetBeansProjects\HotelManagementSystem\build\classes;C:\Users\rk565\Desktop\mysql-connector-java-8.0.20.jar -sourcepath C:\Users\rk565\Documents\NetBeansProjects\HotelManagementSystem\src -target 11 -encoding UTF-8 -g -processorpath C:\Users\rk565\Desktop\mysql-connector-java-8.0.20.jar;C:\Users\rk565\Documents\NetBeansProjects\HotelManagementSystem\build\empty -s C:\Users\rk565\Documents\NetBeansProjects\HotelManagementSystem\build\generated-sources\ap-source-output -source 11 C:\Users\rk565\Documents\NetBeansProjects\HotelManagementSystem\src\hotelmanagementsystem\HotelManagementSystem.java

Host: Intel(R) Core(TM) i5-8265U CPU @ 1.60GHz, 8 cores, 7G,  Windows 10 , 64 bit Build 18362 (10.0.18362.778)
Time: Fri May 22 05:40:14 2020 India Standard Time elapsed time: 0 seconds (0d 0h 0m 0s)

---------------  T H R E A D  ---------------

Current thread (0x000002094039a000):  JavaThread "Unknown thread" [_thread_in_vm, id=8080, stack(0x00000098eea00000,0x00000098eeb00000)]

Stack: [0x00000098eea00000,0x00000098eeb00000]
Native frames: (J=compiled Java code, j=interpreted, Vv=VM code, C=native code)
V  [jvm.dll+0x63679a]
V  [jvm.dll+0x7755bf]
V  [jvm.dll+0x776c65]
V  [jvm.dll+0x7772d3]
V  [jvm.dll+0x25e7f8]
V  [jvm.dll+0xb9544]
V  [jvm.dll+0x2ed6e3]
V  [jvm.dll+0x74e6f7]
V  [jvm.dll+0x74fe7f]
V  [jvm.dll+0x373349]
V  [jvm.dll+0x734e5e]
V  [jvm.dll+0x3e2b5d]
V  [jvm.dll+0x3e4ef1]
C  [jli.dll+0x51bf]
C  [jli.dll+0x16f34]
C  [KERNEL32.DLL+0x17bd4]
C  [ntdll.dll+0x6ce51]


---------------  P R O C E S S  ---------------

Threads class SMR info:
_java_thread_list=0x000002093e21ef50, length=0, elements={
}

Java Threads: ( => current thread )

Other Threads:

[error occurred during error reporting (printing all threads), id 0xc0000005, EXCEPTION_ACCESS_VIOLATION (0xc0000005) at pc=0x00007fff306b9bcd]

VM state:not at safepoint (not fully initialized)

VM Mutex/Monitor currently owned by a thread: None


[error occurred during error reporting (printing compressed oops mode), id 0xc0000005, EXCEPTION_ACCESS_VIOLATION (0xc0000005) at pc=0x00007fff306cf4e7]

GC Heap History (0 events):
No events

Deoptimization events (0 events):
No events

Classes redefined (0 events):
No events

Internal exceptions (0 events):
No events

Events (0 events):
No events


Dynamic libraries:
0x00007ff65fbd0000 - 0x00007ff65fbd8000 	C:\Program Files\Java\jdk-11.0.6\bin\javac.exe
0x00007fff6d760000 - 0x00007fff6d950000 	C:\Windows\SYSTEM32\ntdll.dll
0x00007fff6c340000 - 0x00007fff6c3f2000 	C:\Windows\System32\KERNEL32.DLL
0x00007fff6b170000 - 0x00007fff6b414000 	C:\Windows\System32\KERNELBASE.dll
0x00007fff6af80000 - 0x00007fff6b07a000 	C:\Windows\System32\ucrtbase.dll
0x00007fff633f0000 - 0x00007fff63406000 	C:\Program Files\Java\jdk-11.0.6\bin\VCRUNTIME140.dll
0x00007fff60d90000 - 0x00007fff60dcf000 	C:\Program Files\Java\jdk-11.0.6\bin\jli.dll
0x00007fff6c960000 - 0x00007fff6ca03000 	C:\Windows\System32\ADVAPI32.dll
0x00007fff6ba20000 - 0x00007fff6babe000 	C:\Windows\System32\msvcrt.dll
0x00007fff6cd50000 - 0x00007fff6cde7000 	C:\Windows\System32\sechost.dll
0x00007fff6bac0000 - 0x00007fff6bbe0000 	C:\Windows\System32\RPCRT4.dll
0x00007fff6cbb0000 - 0x00007fff6cd44000 	C:\Windows\System32\USER32.dll
0x00007fff6b7b0000 - 0x00007fff6b7d1000 	C:\Windows\System32\win32u.dll
0x00007fff56850000 - 0x00007fff56ad4000 	C:\Windows\WinSxS\amd64_microsoft.windows.common-controls_6595b64144ccf1df_6.0.18362.836_none_e6c4b943130f18ed\COMCTL32.dll
0x00007fff6d280000 - 0x00007fff6d2a6000 	C:\Windows\System32\GDI32.dll
0x00007fff6cdf0000 - 0x00007fff6d126000 	C:\Windows\System32\combase.dll
0x00007fff6b4c0000 - 0x00007fff6b654000 	C:\Windows\System32\gdi32full.dll
0x00007fff6b440000 - 0x00007fff6b4c0000 	C:\Windows\System32\bcryptPrimitives.dll
0x00007fff6b080000 - 0x00007fff6b11e000 	C:\Windows\System32\msvcp_win.dll
0x00007fff65600000 - 0x00007fff6560a000 	C:\Windows\SYSTEM32\VERSION.dll
0x00007fff6b810000 - 0x00007fff6b83e000 	C:\Windows\System32\IMM32.DLL
0x00007fff5e520000 - 0x00007fff5e5ca000 	C:\Program Files\Java\jdk-11.0.6\bin\msvcp140.dll
0x00007fff2ff80000 - 0x00007fff30aa9000 	C:\Program Files\Java\jdk-11.0.6\bin\server\jvm.dll
0x00007fff6b840000 - 0x00007fff6b848000 	C:\Windows\System32\PSAPI.DLL
0x00007fff68310000 - 0x00007fff68334000 	C:\Windows\SYSTEM32\WINMM.dll
0x00007fff64fd0000 - 0x00007fff64fd9000 	C:\Windows\SYSTEM32\WSOCK32.dll
0x00007fff6ca90000 - 0x00007fff6caff000 	C:\Windows\System32\WS2_32.dll
0x00007fff682e0000 - 0x00007fff6830d000 	C:\Windows\SYSTEM32\winmmbase.dll
0x00007fff6b120000 - 0x00007fff6b16a000 	C:\Windows\System32\cfgmgr32.dll
0x00007fff6a6b0000 - 0x00007fff6a6c1000 	C:\Windows\System32\kernel.appcore.dll
0x00007fff633d0000 - 0x00007fff633e1000 	C:\Program Files\Java\jdk-11.0.6\bin\verify.dll
0x00007fff68f40000 - 0x00007fff69134000 	C:\Windows\SYSTEM32\DBGHELP.DLL
0x00007fff61320000 - 0x00007fff6134a000 	C:\Windows\SYSTEM32\dbgcore.DLL
0x00007fff60bc0000 - 0x00007fff60be9000 	C:\Program Files\Java\jdk-11.0.6\bin\java.dll
0x00007fff60ba0000 - 0x00007fff60bb6000 	C:\Program Files\Java\jdk-11.0.6\bin\zip.dll
0x00007fff632c0000 - 0x00007fff632ca000 	C:\Program Files\Java\jdk-11.0.6\bin\jimage.dll

dbghelp: loaded successfully - version: 4.0.5 - missing functions: none
symbol engine: initialized successfully - sym options: 0x614 - pdb path: .;C:\Program Files\Java\jdk-11.0.6\bin;C:\Windows\SYSTEM32;C:\Windows\WinSxS\amd64_microsoft.windows.common-controls_6595b64144ccf1df_6.0.18362.836_none_e6c4b943130f18ed;C:\Program Files\Java\jdk-11.0.6\bin\server

VM Arguments:
jvm_args: -Dapplication.home=C:\Program Files\Java\jdk-11.0.6 --add-modules=ALL-DEFAULT -Xms8m -Djdk.module.main=jdk.compiler 
java_command: jdk.compiler/com.sun.tools.javac.Main -d C:\Users\rk565\Documents\NetBeansProjects\HotelManagementSystem\build\classes -classpath C:\Users\rk565\Documents\NetBeansProjects\HotelManagementSystem\build\classes;C:\Users\rk565\Desktop\mysql-connector-java-8.0.20.jar -sourcepath C:\Users\rk565\Documents\NetBeansProjects\HotelManagementSystem\src -target 11 -encoding UTF-8 -g -processorpath C:\Users\rk565\Desktop\mysql-connector-java-8.0.20.jar;C:\Users\rk565\Documents\NetBeansProjects\HotelManagementSystem\build\empty -s C:\Users\rk565\Documents\NetBeansProjects\HotelManagementSystem\build\generated-sources\ap-source-output -source 11 C:\Users\rk565\Documents\NetBeansProjects\HotelManagementSystem\src\hotelmanagementsystem\HotelManagementSystem.java
java_class_path (initial): <not set>
Launcher Type: SUN_STANDARD

[Global flags]
     intx CICompilerCount                          = 4                                         {product} {ergonomic}
     uint G1ConcRefinementThreads                  = 8                                         {product} {ergonomic}
   size_t G1HeapRegionSize                         = 1048576                                   {product} {ergonomic}
    uintx GCDrainStackTargetSize                   = 64                                        {product} {ergonomic}
   size_t InitialHeapSize                          = 8388608                                   {product} {command line}
   size_t MaxHeapSize                              = 2109734912                                {product} {ergonomic}
   size_t MinHeapDeltaBytes                        = 1048576                                   {product} {ergonomic}
    uintx NonNMethodCodeHeapSize                   = 5836300                                {pd product} {ergonomic}
    uintx NonProfiledCodeHeapSize                  = 122910970                              {pd product} {ergonomic}
    uintx ProfiledCodeHeapSize                     = 122910970                              {pd product} {ergonomic}
    uintx ReservedCodeCacheSize                    = 251658240                              {pd product} {ergonomic}
     bool SegmentedCodeCache                       = true                                      {product} {ergonomic}
     bool UseCompressedClassPointers               = true                                 {lp64_product} {ergonomic}
     bool UseCompressedOops                        = true                                 {lp64_product} {ergonomic}
     bool UseG1GC                                  = true                                      {product} {ergonomic}
     bool UseLargePagesIndividualAllocation        = false                                  {pd product} {ergonomic}

Logging:
Log output configuration:
 #0: stdout all=warning uptime,level,tags
 #1: stderr all=off uptime,level,tags

Environment Variables:
JAVA_HOME=C:\Program Files\Java\jdk-11.0.6
PATH=C:\Program Files (x86)\Common Files\Oracle\Java\javapath;C:\Windows\system32;C:\Windows;C:\Windows\System32\Wbem;C:\Windows\System32\WindowsPowerShell\v1.0\C:;C:\Windows\System32\OpenSSH\;C:\Program Files (x86)\NVIDIA Corporation\PhysX\Common;C:\Program Files\Intel\WiFi\bin\;C:\Program Files\Common Files\Intel\WirelessCommon\;C:\Program Files\Java;C:\Program Files\Java\jdk-11.0.6\bin;C:\Program Files\MySQL\MySQL Server 5.5\bin;C:\Users\rk565\AppData\Local\Microsoft\WindowsApps;C:\Users\rk565\AppData\Local\atom\bin
USERNAME=rk565
OS=Windows_NT
PROCESSOR_IDENTIFIER=Intel64 Family 6 Model 142 Stepping 12, GenuineIntel



---------------  S Y S T E M  ---------------

OS: Windows 10 , 64 bit Build 18362 (10.0.18362.778)

CPU:total 8 (initial active 8) (4 cores per cpu, 2 threads per core) family 6 model 142 stepping 12, cmov, cx8, fxsr, mmx, sse, sse2, sse3, ssse3, sse4.1, sse4.2, popcnt, avx, avx2, aes, clmul, erms, 3dnowpref, lzcnt, ht, tsc, tscinvbit, bmi1, bmi2, adx, fma

Memory: 4k page, system-wide physical 8043M (1190M free)
TotalPageFile size 20843M (AvailPageFile size 5M)
current process WorkingSet (physical memory assigned to process): 9M, peak: 9M
current process commit charge ("private bytes"): 16M, peak: 17M

vm_info: Java HotSpot(TM) 64-Bit Server VM (11.0.6+8-LTS) for windows-amd64 JRE (11.0.6+8-LTS), built on Dec 11 2019 09:17:57 by "mach5one" with MS VC++ 15.5 (VS2017)

END.
