#
# There is insufficient memory for the Java Runtime Environment to continue.
# Native memory allocation (malloc) failed to allocate 1048576 bytes for AllocateHeap
# Possible reasons:
#   The system is out of physical RAM or swap space
#   The process is running with CompressedOops enabled, and the Java Heap may be blocking the growth of the native heap
# Possible solutions:
#   Reduce memory load on the system
#   Increase physical memory or swap space
#   Check if swap backing store is full
#   Decrease Java heap size (-Xmx/-Xms)
#   Decrease number of Java threads
#   Decrease Java thread stack sizes (-Xss)
#   Set larger code cache with -XX:ReservedCodeCacheSize=
#   JVM is running with Unscaled Compressed Oops mode in which the Java heap is
#     placed in the first 4GB address space. The Java Heap base address is the
#     maximum limit for the native heap growth. Please use -XX:HeapBaseMinAddress
#     to set the Java Heap base and to place the Java Heap above 4GB virtual address.
# This output file may be truncated or incomplete.
#
#  Out of Memory Error (t:/workspace/open/src/hotspot/share/memory/allocation.cpp:46), pid=31344, tid=11756
#
# JRE version: Java(TM) SE Runtime Environment (11.0.6+8) (build 11.0.6+8-LTS)
# Java VM: Java HotSpot(TM) 64-Bit Server VM (11.0.6+8-LTS, mixed mode, tiered, compressed oops, g1 gc, windows-amd64)
# No core dump will be written. Minidumps are not enabled by default on client versions of Windows
#

---------------  S U M M A R Y ------------

Command Line: -Dfile.encoding=UTF-8 hotelmanagementsystem.HotelManagementSystem

Host: Intel(R) Core(TM) i5-8265U CPU @ 1.60GHz, 8 cores, 7G,  Windows 10 , 64 bit Build 18362 (10.0.18362.778)
Time: Fri May 22 05:33:50 2020 India Standard Time elapsed time: 0 seconds (0d 0h 0m 0s)

---------------  T H R E A D  ---------------

Current thread (0x0000019896833800):  VMThread "VM Thread" [stack: 0x00000026c8000000,0x00000026c8100000] [id=11756]

Stack: [0x00000026c8000000,0x00000026c8100000]
[error occurred during error reporting (printing stack bounds), id 0xc0000005, EXCEPTION_ACCESS_VIOLATION (0xc0000005) at pc=0x0000019880000bad]

Native frames: (J=compiled Java code, j=interpreted, Vv=VM code, C=native code)
V  [jvm.dll+0x63679a]
V  [jvm.dll+0x7755bf]
V  [jvm.dll+0x776c65]
V  [jvm.dll+0x777235]
V  [jvm.dll+0x7771eb]
V  [jvm.dll+0x635e96]
V  [jvm.dll+0x636268]
C  [ntdll.dll+0xa11cf]
C  [ntdll.dll+0x6a209]
C  [ntdll.dll+0x9fe3e]
C  0x0000019880000bad

VM_Operation (0x00000026c7af9a40): CollectForMetadataAllocation, mode: safepoint, requested by thread 0x00000198f7bc4000


---------------  P R O C E S S  ---------------

Threads class SMR info:
_java_thread_list=0x0000019897227920, length=10, elements={
0x00000198f7bc4000, 0x0000019896836000, 0x0000019896837800, 0x00000198970b0800,
0x00000198970b1800, 0x00000198970b7800, 0x00000198970b9000, 0x00000198970bb000,
0x000001989725d800, 0x000001989724e800
}

Java Threads: ( => current thread )
  0x00000198f7bc4000 JavaThread "main" [_thread_blocked, id=21008, stack(0x00000026c7a00000,0x00000026c7b00000)]
  0x0000019896836000 JavaThread "Reference Handler" daemon [_thread_blocked, id=3748, stack(0x00000026c8100000,0x00000026c8200000)]
  0x0000019896837800 JavaThread "Finalizer" daemon [_thread_blocked, id=22764, stack(0x00000026c8200000,0x00000026c8300000)]
  0x00000198970b0800 JavaThread "Signal Dispatcher" daemon [_thread_blocked, id=21264, stack(0x00000026c8300000,0x00000026c8400000)]
  0x00000198970b1800 JavaThread "Attach Listener" daemon [_thread_blocked, id=23604, stack(0x00000026c8400000,0x00000026c8500000)]
  0x00000198970b7800 JavaThread "C2 CompilerThread0" daemon [_thread_blocked, id=11004, stack(0x00000026c8500000,0x00000026c8600000)]
  0x00000198970b9000 JavaThread "C1 CompilerThread0" daemon [_thread_blocked, id=15520, stack(0x00000026c8600000,0x00000026c8700000)]
  0x00000198970bb000 JavaThread "Sweeper thread" daemon [_thread_blocked, id=19452, stack(0x00000026c8700000,0x00000026c8800000)]
  0x000001989725d800 JavaThread "Service Thread" daemon [_thread_blocked, id=23420, stack(0x00000026c8800000,0x00000026c8900000)]
  0x000001989724e800 JavaThread "Common-Cleaner" daemon [_thread_blocked, id=1092, stack(0x00000026c8a00000,0x00000026c8b00000)]

Other Threads:
=>0x0000019896833800 VMThread "VM Thread" [stack: 0x00000026c8000000,0x00000026c8100000] [id=11756]
  0x0000019897262000 WatcherThread [stack: 0x00000026c8900000,0x00000026c8a00000] [id=12824]
  0x00000198f7bd7800 GCTaskThread "GC Thread#0" [stack: 0x00000026c7b00000,0x00000026c7c00000] [id=21360]
  0x00000198972b7800 GCTaskThread "GC Thread#1" [stack: 0x00000026c8b00000,0x00000026c8c00000] [id=28348]
  0x00000198972b8000 GCTaskThread "GC Thread#2" [stack: 0x00000026c8c00000,0x00000026c8d00000] [id=13872]
  0x00000198f7c09800 ConcurrentGCThread "G1 Main Marker" [stack: 0x00000026c7c00000,0x00000026c7d00000] [id=29112]
  0x00000198f7c0d000 ConcurrentGCThread "G1 Conc#0" [stack: 0x00000026c7d00000,0x00000026c7e00000] [id=29540]
  0x00000198f7c9e800 ConcurrentGCThread "G1 Refine#0" [stack: 0x00000026c7e00000,0x00000026c7f00000] [id=8432]
  0x00000198966a1800 ConcurrentGCThread "G1 Young RemSet Sampling" [stack: 0x00000026c7f00000,0x00000026c8000000] [id=28028]

Threads with active compile tasks:

VM state:at safepoint (normal execution)

VM Mutex/Monitor currently owned by a thread:  ([mutex/lock_event])
[0x00000198f7bc0030] Threads_lock - owner thread: 0x0000019896833800
[0x00000198f7bc0db0] Heap_lock - owner thread: 0x00000198f7bc4000

Heap address: 0x0000000082400000, size: 2012 MB, Compressed Oops mode: 32-bit
Narrow klass base: 0x0000000000000000, Narrow klass shift: 3
Compressed class space size: 1073741824 Address: 0x0000000100000000

Heap:
 garbage-first heap   total 129024K, used 761K [0x0000000082400000, 0x0000000100000000)
  region size 1024K, 1 young (1024K), 1 survivors (1024K)
 Metaspace       used 5581K, capacity 5630K, committed 5760K, reserved 1069056K
  class space    used 509K, capacity 554K, committed 640K, reserved 1048576K
Heap Regions: E=young(eden), S=young(survivor), O=old, HS=humongous(starts), HC=humongous(continues), CS=collection set, F=free, A=archive, TAMS=top-at-mark-start (previous, next)
|   0|0x0000000082400000, 0x0000000082400000, 0x0000000082500000|  0%| F|  |TAMS 0x0000000082400000, 0x0000000082400000| Untracked 
|   1|0x0000000082500000, 0x0000000082500000, 0x0000000082600000|  0%| F|  |TAMS 0x0000000082500000, 0x0000000082500000| Untracked 
|   2|0x0000000082600000, 0x0000000082600000, 0x0000000082700000|  0%| F|  |TAMS 0x0000000082600000, 0x0000000082600000| Untracked 
|   3|0x0000000082700000, 0x0000000082700000, 0x0000000082800000|  0%| F|  |TAMS 0x0000000082700000, 0x0000000082700000| Untracked 
|   4|0x0000000082800000, 0x0000000082800000, 0x0000000082900000|  0%| F|  |TAMS 0x0000000082800000, 0x0000000082800000| Untracked 
|   5|0x0000000082900000, 0x0000000082900000, 0x0000000082a00000|  0%| F|  |TAMS 0x0000000082900000, 0x0000000082900000| Untracked 
|   6|0x0000000082a00000, 0x0000000082a00000, 0x0000000082b00000|  0%| F|  |TAMS 0x0000000082a00000, 0x0000000082a00000| Untracked 
|   7|0x0000000082b00000, 0x0000000082b00000, 0x0000000082c00000|  0%| F|  |TAMS 0x0000000082b00000, 0x0000000082b00000| Untracked 
|   8|0x0000000082c00000, 0x0000000082c00000, 0x0000000082d00000|  0%| F|  |TAMS 0x0000000082c00000, 0x0000000082c00000| Untracked 
|   9|0x0000000082d00000, 0x0000000082d00000, 0x0000000082e00000|  0%| F|  |TAMS 0x0000000082d00000, 0x0000000082d00000| Untracked 
|  10|0x0000000082e00000, 0x0000000082e00000, 0x0000000082f00000|  0%| F|  |TAMS 0x0000000082e00000, 0x0000000082e00000| Untracked 
|  11|0x0000000082f00000, 0x0000000082f00000, 0x0000000083000000|  0%| F|  |TAMS 0x0000000082f00000, 0x0000000082f00000| Untracked 
|  12|0x0000000083000000, 0x0000000083000000, 0x0000000083100000|  0%| F|  |TAMS 0x0000000083000000, 0x0000000083000000| Untracked 
|  13|0x0000000083100000, 0x0000000083100000, 0x0000000083200000|  0%| F|  |TAMS 0x0000000083100000, 0x0000000083100000| Untracked 
|  14|0x0000000083200000, 0x0000000083200000, 0x0000000083300000|  0%| F|  |TAMS 0x0000000083200000, 0x0000000083200000| Untracked 
|  15|0x0000000083300000, 0x0000000083300000, 0x0000000083400000|  0%| F|  |TAMS 0x0000000083300000, 0x0000000083300000| Untracked 
|  16|0x0000000083400000, 0x0000000083400000, 0x0000000083500000|  0%| F|  |TAMS 0x0000000083400000, 0x0000000083400000| Untracked 
|  17|0x0000000083500000, 0x0000000083500000, 0x0000000083600000|  0%| F|  |TAMS 0x0000000083500000, 0x0000000083500000| Untracked 
|  18|0x0000000083600000, 0x0000000083600000, 0x0000000083700000|  0%| F|  |TAMS 0x0000000083600000, 0x0000000083600000| Untracked 
|  19|0x0000000083700000, 0x0000000083700000, 0x0000000083800000|  0%| F|  |TAMS 0x0000000083700000, 0x0000000083700000| Untracked 
|  20|0x0000000083800000, 0x0000000083800000, 0x0000000083900000|  0%| F|  |TAMS 0x0000000083800000, 0x0000000083800000| Untracked 
|  21|0x0000000083900000, 0x0000000083900000, 0x0000000083a00000|  0%| F|  |TAMS 0x0000000083900000, 0x0000000083900000| Untracked 
|  22|0x0000000083a00000, 0x0000000083a00000, 0x0000000083b00000|  0%| F|  |TAMS 0x0000000083a00000, 0x0000000083a00000| Untracked 
|  23|0x0000000083b00000, 0x0000000083b00000, 0x0000000083c00000|  0%| F|  |TAMS 0x0000000083b00000, 0x0000000083b00000| Untracked 
|  24|0x0000000083c00000, 0x0000000083c00000, 0x0000000083d00000|  0%| F|  |TAMS 0x0000000083c00000, 0x0000000083c00000| Untracked 
|  25|0x0000000083d00000, 0x0000000083d00000, 0x0000000083e00000|  0%| F|  |TAMS 0x0000000083d00000, 0x0000000083d00000| Untracked 
|  26|0x0000000083e00000, 0x0000000083e00000, 0x0000000083f00000|  0%| F|  |TAMS 0x0000000083e00000, 0x0000000083e00000| Untracked 
|  27|0x0000000083f00000, 0x0000000083f00000, 0x0000000084000000|  0%| F|  |TAMS 0x0000000083f00000, 0x0000000083f00000| Untracked 
|  28|0x0000000084000000, 0x0000000084000000, 0x0000000084100000|  0%| F|  |TAMS 0x0000000084000000, 0x0000000084000000| Untracked 
|  29|0x0000000084100000, 0x0000000084100000, 0x0000000084200000|  0%| F|  |TAMS 0x0000000084100000, 0x0000000084100000| Untracked 
|  30|0x0000000084200000, 0x0000000084200000, 0x0000000084300000|  0%| F|  |TAMS 0x0000000084200000, 0x0000000084200000| Untracked 
|  31|0x0000000084300000, 0x0000000084300000, 0x0000000084400000|  0%| F|  |TAMS 0x0000000084300000, 0x0000000084300000| Untracked 
|  32|0x0000000084400000, 0x0000000084400000, 0x0000000084500000|  0%| F|  |TAMS 0x0000000084400000, 0x0000000084400000| Untracked 
|  33|0x0000000084500000, 0x0000000084500000, 0x0000000084600000|  0%| F|  |TAMS 0x0000000084500000, 0x0000000084500000| Untracked 
|  34|0x0000000084600000, 0x0000000084600000, 0x0000000084700000|  0%| F|  |TAMS 0x0000000084600000, 0x0000000084600000| Untracked 
|  35|0x0000000084700000, 0x0000000084700000, 0x0000000084800000|  0%| F|  |TAMS 0x0000000084700000, 0x0000000084700000| Untracked 
|  36|0x0000000084800000, 0x0000000084800000, 0x0000000084900000|  0%| F|  |TAMS 0x0000000084800000, 0x0000000084800000| Untracked 
|  37|0x0000000084900000, 0x0000000084900000, 0x0000000084a00000|  0%| F|  |TAMS 0x0000000084900000, 0x0000000084900000| Untracked 
|  38|0x0000000084a00000, 0x0000000084a00000, 0x0000000084b00000|  0%| F|  |TAMS 0x0000000084a00000, 0x0000000084a00000| Untracked 
|  39|0x0000000084b00000, 0x0000000084b00000, 0x0000000084c00000|  0%| F|  |TAMS 0x0000000084b00000, 0x0000000084b00000| Untracked 
|  40|0x0000000084c00000, 0x0000000084c00000, 0x0000000084d00000|  0%| F|  |TAMS 0x0000000084c00000, 0x0000000084c00000| Untracked 
|  41|0x0000000084d00000, 0x0000000084d00000, 0x0000000084e00000|  0%| F|  |TAMS 0x0000000084d00000, 0x0000000084d00000| Untracked 
|  42|0x0000000084e00000, 0x0000000084e00000, 0x0000000084f00000|  0%| F|  |TAMS 0x0000000084e00000, 0x0000000084e00000| Untracked 
|  43|0x0000000084f00000, 0x0000000084f00000, 0x0000000085000000|  0%| F|  |TAMS 0x0000000084f00000, 0x0000000084f00000| Untracked 
|  44|0x0000000085000000, 0x0000000085000000, 0x0000000085100000|  0%| F|  |TAMS 0x0000000085000000, 0x0000000085000000| Untracked 
|  45|0x0000000085100000, 0x0000000085100000, 0x0000000085200000|  0%| F|  |TAMS 0x0000000085100000, 0x0000000085100000| Untracked 
|  46|0x0000000085200000, 0x0000000085200000, 0x0000000085300000|  0%| F|  |TAMS 0x0000000085200000, 0x0000000085200000| Untracked 
|  47|0x0000000085300000, 0x0000000085300000, 0x0000000085400000|  0%| F|  |TAMS 0x0000000085300000, 0x0000000085300000| Untracked 
|  48|0x0000000085400000, 0x0000000085400000, 0x0000000085500000|  0%| F|  |TAMS 0x0000000085400000, 0x0000000085400000| Untracked 
|  49|0x0000000085500000, 0x0000000085500000, 0x0000000085600000|  0%| F|  |TAMS 0x0000000085500000, 0x0000000085500000| Untracked 
|  50|0x0000000085600000, 0x0000000085600000, 0x0000000085700000|  0%| F|  |TAMS 0x0000000085600000, 0x0000000085600000| Untracked 
|  51|0x0000000085700000, 0x0000000085700000, 0x0000000085800000|  0%| F|  |TAMS 0x0000000085700000, 0x0000000085700000| Untracked 
|  52|0x0000000085800000, 0x0000000085800000, 0x0000000085900000|  0%| F|  |TAMS 0x0000000085800000, 0x0000000085800000| Untracked 
|  53|0x0000000085900000, 0x0000000085900000, 0x0000000085a00000|  0%| F|  |TAMS 0x0000000085900000, 0x0000000085900000| Untracked 
|  54|0x0000000085a00000, 0x0000000085a00000, 0x0000000085b00000|  0%| F|  |TAMS 0x0000000085a00000, 0x0000000085a00000| Untracked 
|  55|0x0000000085b00000, 0x0000000085b00000, 0x0000000085c00000|  0%| F|  |TAMS 0x0000000085b00000, 0x0000000085b00000| Untracked 
|  56|0x0000000085c00000, 0x0000000085c00000, 0x0000000085d00000|  0%| F|  |TAMS 0x0000000085c00000, 0x0000000085c00000| Untracked 
|  57|0x0000000085d00000, 0x0000000085d00000, 0x0000000085e00000|  0%| F|  |TAMS 0x0000000085d00000, 0x0000000085d00000| Untracked 
|  58|0x0000000085e00000, 0x0000000085e00000, 0x0000000085f00000|  0%| F|  |TAMS 0x0000000085e00000, 0x0000000085e00000| Untracked 
|  59|0x0000000085f00000, 0x0000000085f00000, 0x0000000086000000|  0%| F|  |TAMS 0x0000000085f00000, 0x0000000085f00000| Untracked 
|  60|0x0000000086000000, 0x0000000086000000, 0x0000000086100000|  0%| F|  |TAMS 0x0000000086000000, 0x0000000086000000| Untracked 
|  61|0x0000000086100000, 0x0000000086100000, 0x0000000086200000|  0%| F|  |TAMS 0x0000000086100000, 0x0000000086100000| Untracked 
|  62|0x0000000086200000, 0x0000000086200000, 0x0000000086300000|  0%| F|  |TAMS 0x0000000086200000, 0x0000000086200000| Untracked 
|  63|0x0000000086300000, 0x0000000086300000, 0x0000000086400000|  0%| F|  |TAMS 0x0000000086300000, 0x0000000086300000| Untracked 
|  64|0x0000000086400000, 0x0000000086400000, 0x0000000086500000|  0%| F|  |TAMS 0x0000000086400000, 0x0000000086400000| Untracked 
|  65|0x0000000086500000, 0x0000000086500000, 0x0000000086600000|  0%| F|  |TAMS 0x0000000086500000, 0x0000000086500000| Untracked 
|  66|0x0000000086600000, 0x0000000086600000, 0x0000000086700000|  0%| F|  |TAMS 0x0000000086600000, 0x0000000086600000| Untracked 
|  67|0x0000000086700000, 0x0000000086700000, 0x0000000086800000|  0%| F|  |TAMS 0x0000000086700000, 0x0000000086700000| Untracked 
|  68|0x0000000086800000, 0x0000000086800000, 0x0000000086900000|  0%| F|  |TAMS 0x0000000086800000, 0x0000000086800000| Untracked 
|  69|0x0000000086900000, 0x0000000086900000, 0x0000000086a00000|  0%| F|  |TAMS 0x0000000086900000, 0x0000000086900000| Untracked 
|  70|0x0000000086a00000, 0x0000000086a00000, 0x0000000086b00000|  0%| F|  |TAMS 0x0000000086a00000, 0x0000000086a00000| Untracked 
|  71|0x0000000086b00000, 0x0000000086b00000, 0x0000000086c00000|  0%| F|  |TAMS 0x0000000086b00000, 0x0000000086b00000| Untracked 
|  72|0x0000000086c00000, 0x0000000086c00000, 0x0000000086d00000|  0%| F|  |TAMS 0x0000000086c00000, 0x0000000086c00000| Untracked 
|  73|0x0000000086d00000, 0x0000000086d00000, 0x0000000086e00000|  0%| F|  |TAMS 0x0000000086d00000, 0x0000000086d00000| Untracked 
|  74|0x0000000086e00000, 0x0000000086e00000, 0x0000000086f00000|  0%| F|  |TAMS 0x0000000086e00000, 0x0000000086e00000| Untracked 
|  75|0x0000000086f00000, 0x0000000086f00000, 0x0000000087000000|  0%| F|  |TAMS 0x0000000086f00000, 0x0000000086f00000| Untracked 
|  76|0x0000000087000000, 0x0000000087000000, 0x0000000087100000|  0%| F|  |TAMS 0x0000000087000000, 0x0000000087000000| Untracked 
|  77|0x0000000087100000, 0x0000000087100000, 0x0000000087200000|  0%| F|  |TAMS 0x0000000087100000, 0x0000000087100000| Untracked 
|  78|0x0000000087200000, 0x0000000087200000, 0x0000000087300000|  0%| F|  |TAMS 0x0000000087200000, 0x0000000087200000| Untracked 
|  79|0x0000000087300000, 0x0000000087300000, 0x0000000087400000|  0%| F|  |TAMS 0x0000000087300000, 0x0000000087300000| Untracked 
|  80|0x0000000087400000, 0x0000000087400000, 0x0000000087500000|  0%| F|  |TAMS 0x0000000087400000, 0x0000000087400000| Untracked 
|  81|0x0000000087500000, 0x0000000087500000, 0x0000000087600000|  0%| F|  |TAMS 0x0000000087500000, 0x0000000087500000| Untracked 
|  82|0x0000000087600000, 0x0000000087600000, 0x0000000087700000|  0%| F|  |TAMS 0x0000000087600000, 0x0000000087600000| Untracked 
|  83|0x0000000087700000, 0x0000000087700000, 0x0000000087800000|  0%| F|  |TAMS 0x0000000087700000, 0x0000000087700000| Untracked 
|  84|0x0000000087800000, 0x0000000087800000, 0x0000000087900000|  0%| F|  |TAMS 0x0000000087800000, 0x0000000087800000| Untracked 
|  85|0x0000000087900000, 0x0000000087900000, 0x0000000087a00000|  0%| F|  |TAMS 0x0000000087900000, 0x0000000087900000| Untracked 
|  86|0x0000000087a00000, 0x0000000087a00000, 0x0000000087b00000|  0%| F|  |TAMS 0x0000000087a00000, 0x0000000087a00000| Untracked 
|  87|0x0000000087b00000, 0x0000000087b00000, 0x0000000087c00000|  0%| F|  |TAMS 0x0000000087b00000, 0x0000000087b00000| Untracked 
|  88|0x0000000087c00000, 0x0000000087c00000, 0x0000000087d00000|  0%| F|  |TAMS 0x0000000087c00000, 0x0000000087c00000| Untracked 
|  89|0x0000000087d00000, 0x0000000087d00000, 0x0000000087e00000|  0%| F|  |TAMS 0x0000000087d00000, 0x0000000087d00000| Untracked 
|  90|0x0000000087e00000, 0x0000000087e00000, 0x0000000087f00000|  0%| F|  |TAMS 0x0000000087e00000, 0x0000000087e00000| Untracked 
|  91|0x0000000087f00000, 0x0000000087f00000, 0x0000000088000000|  0%| F|  |TAMS 0x0000000087f00000, 0x0000000087f00000| Untracked 
|  92|0x0000000088000000, 0x0000000088000000, 0x0000000088100000|  0%| F|  |TAMS 0x0000000088000000, 0x0000000088000000| Untracked 
|  93|0x0000000088100000, 0x0000000088100000, 0x0000000088200000|  0%| F|  |TAMS 0x0000000088100000, 0x0000000088100000| Untracked 
|  94|0x0000000088200000, 0x0000000088200000, 0x0000000088300000|  0%| F|  |TAMS 0x0000000088200000, 0x0000000088200000| Untracked 
|  95|0x0000000088300000, 0x0000000088300000, 0x0000000088400000|  0%| F|  |TAMS 0x0000000088300000, 0x0000000088300000| Untracked 
|  96|0x0000000088400000, 0x0000000088400000, 0x0000000088500000|  0%| F|  |TAMS 0x0000000088400000, 0x0000000088400000| Untracked 
|  97|0x0000000088500000, 0x0000000088500000, 0x0000000088600000|  0%| F|  |TAMS 0x0000000088500000, 0x0000000088500000| Untracked 
|  98|0x0000000088600000, 0x0000000088600000, 0x0000000088700000|  0%| F|  |TAMS 0x0000000088600000, 0x0000000088600000| Untracked 
|  99|0x0000000088700000, 0x0000000088700000, 0x0000000088800000|  0%| F|  |TAMS 0x0000000088700000, 0x0000000088700000| Untracked 
| 100|0x0000000088800000, 0x0000000088800000, 0x0000000088900000|  0%| F|  |TAMS 0x0000000088800000, 0x0000000088800000| Untracked 
| 101|0x0000000088900000, 0x0000000088900000, 0x0000000088a00000|  0%| F|  |TAMS 0x0000000088900000, 0x0000000088900000| Untracked 
| 102|0x0000000088a00000, 0x0000000088a00000, 0x0000000088b00000|  0%| F|  |TAMS 0x0000000088a00000, 0x0000000088a00000| Untracked 
| 103|0x0000000088b00000, 0x0000000088b00000, 0x0000000088c00000|  0%| F|  |TAMS 0x0000000088b00000, 0x0000000088b00000| Untracked 
| 104|0x0000000088c00000, 0x0000000088c00000, 0x0000000088d00000|  0%| F|  |TAMS 0x0000000088c00000, 0x0000000088c00000| Untracked 
| 105|0x0000000088d00000, 0x0000000088d00000, 0x0000000088e00000|  0%| F|  |TAMS 0x0000000088d00000, 0x0000000088d00000| Untracked 
| 106|0x0000000088e00000, 0x0000000088e00000, 0x0000000088f00000|  0%| F|  |TAMS 0x0000000088e00000, 0x0000000088e00000| Untracked 
| 107|0x0000000088f00000, 0x0000000088f00000, 0x0000000089000000|  0%| F|  |TAMS 0x0000000088f00000, 0x0000000088f00000| Untracked 
| 108|0x0000000089000000, 0x0000000089000000, 0x0000000089100000|  0%| F|  |TAMS 0x0000000089000000, 0x0000000089000000| Untracked 
| 109|0x0000000089100000, 0x0000000089100000, 0x0000000089200000|  0%| F|  |TAMS 0x0000000089100000, 0x0000000089100000| Untracked 
| 110|0x0000000089200000, 0x0000000089200000, 0x0000000089300000|  0%| F|  |TAMS 0x0000000089200000, 0x0000000089200000| Untracked 
| 111|0x0000000089300000, 0x0000000089300000, 0x0000000089400000|  0%| F|  |TAMS 0x0000000089300000, 0x0000000089300000| Untracked 
| 112|0x0000000089400000, 0x0000000089400000, 0x0000000089500000|  0%| F|  |TAMS 0x0000000089400000, 0x0000000089400000| Untracked 
| 113|0x0000000089500000, 0x0000000089500000, 0x0000000089600000|  0%| F|  |TAMS 0x0000000089500000, 0x0000000089500000| Untracked 
| 114|0x0000000089600000, 0x0000000089600000, 0x0000000089700000|  0%| F|  |TAMS 0x0000000089600000, 0x0000000089600000| Untracked 
| 115|0x0000000089700000, 0x0000000089700000, 0x0000000089800000|  0%| F|  |TAMS 0x0000000089700000, 0x0000000089700000| Untracked 
| 116|0x0000000089800000, 0x0000000089800000, 0x0000000089900000|  0%| F|  |TAMS 0x0000000089800000, 0x0000000089800000| Untracked 
| 117|0x0000000089900000, 0x0000000089900000, 0x0000000089a00000|  0%| F|  |TAMS 0x0000000089900000, 0x0000000089900000| Untracked 
| 118|0x0000000089a00000, 0x0000000089a00000, 0x0000000089b00000|  0%| F|  |TAMS 0x0000000089a00000, 0x0000000089a00000| Untracked 
| 119|0x0000000089b00000, 0x0000000089b00000, 0x0000000089c00000|  0%| F|  |TAMS 0x0000000089b00000, 0x0000000089b00000| Untracked 
| 120|0x0000000089c00000, 0x0000000089c00000, 0x0000000089d00000|  0%| F|  |TAMS 0x0000000089c00000, 0x0000000089c00000| Untracked 
| 121|0x0000000089d00000, 0x0000000089d00000, 0x0000000089e00000|  0%| F|  |TAMS 0x0000000089d00000, 0x0000000089d00000| Untracked 
| 122|0x0000000089e00000, 0x0000000089e00000, 0x0000000089f00000|  0%| F|  |TAMS 0x0000000089e00000, 0x0000000089e00000| Untracked 
| 123|0x0000000089f00000, 0x0000000089fbe630, 0x000000008a000000| 74%| S|CS|TAMS 0x0000000089f00000, 0x0000000089f00000| Complete 
| 124|0x000000008a000000, 0x000000008a000000, 0x000000008a100000|  0%| F|  |TAMS 0x000000008a000000, 0x000000008a000000| Untracked 
| 125|0x000000008a100000, 0x000000008a100000, 0x000000008a200000|  0%| F|  |TAMS 0x000000008a100000, 0x000000008a100000| Untracked 

Card table byte_map: [0x000001988f720000,0x000001988fb10000] _byte_map_base: 0x000001988f30e000

Marking Bits (Prev, Next): (CMBitMap*) 0x00000198f7c01038, (CMBitMap*) 0x00000198f7c01070
 Prev Bits: [0x000001988ff00000, 0x0000019891e70000)
 Next Bits: [0x0000019891e70000, 0x0000019893de0000)

Polling page: 0x00000198f5ac0000

Metaspace:

Usage:
  Non-class:      4.96 MB capacity,     4.95 MB (>99%) used,     2.03 KB ( <1%) free+waste,     1.31 KB ( <1%) overhead. 
      Class:    554.00 KB capacity,   509.12 KB ( 92%) used,    44.20 KB (  8%) free+waste,   704 bytes ( <1%) overhead. 
       Both:      5.50 MB capacity,     5.45 MB (>99%) used,    46.23 KB ( <1%) free+waste,     2.00 KB ( <1%) overhead. 

Virtual space:
  Non-class space:       20.00 MB reserved,       5.00 MB ( 25%) committed 
      Class space:        1.00 GB reserved,     640.00 KB ( <1%) committed 
             Both:        1.02 GB reserved,       5.63 MB ( <1%) committed 

Chunk freelists:
   Non-Class:  5.50 KB
       Class:  2.75 KB
        Both:  8.25 KB

CodeHeap 'non-profiled nmethods': size=120000Kb used=25Kb max_used=25Kb free=119974Kb
 bounds [0x0000019887ad0000, 0x0000019887d40000, 0x000001988f000000]
CodeHeap 'profiled nmethods': size=120000Kb used=143Kb max_used=143Kb free=119856Kb
 bounds [0x00000198805a0000, 0x0000019880810000, 0x0000019887ad0000]
CodeHeap 'non-nmethods': size=5760Kb used=1026Kb max_used=1031Kb free=4733Kb
 bounds [0x0000019880000000, 0x0000019880270000, 0x00000198805a0000]
 total_blobs=461 nmethods=107 adapters=211
 compilation: enabled
              stopped_count=0, restarted_count=0
 full_count=0

Compilation events (10 events):
Event: 0.076 Thread 0x00000198970b9000  102       3       java.lang.Math::max (11 bytes)
Event: 0.076 Thread 0x00000198970b9000 nmethod 102 0x00000198805c2190 code [0x00000198805c2340, 0x00000198805c24d8]
Event: 0.077 Thread 0x00000198970b9000  103       3       java.util.AbstractMap::<init> (5 bytes)
Event: 0.078 Thread 0x00000198970b9000 nmethod 103 0x00000198805c2590 code [0x00000198805c2740, 0x00000198805c28f8]
Event: 0.078 Thread 0x00000198970b9000  104       3       java.lang.StringBuilder::append (8 bytes)
Event: 0.078 Thread 0x00000198970b9000 nmethod 104 0x00000198805c2990 code [0x00000198805c2b40, 0x00000198805c2cf0]
Event: 0.078 Thread 0x00000198970b9000  105       3       java.lang.AbstractStringBuilder::append (77 bytes)
Event: 0.078 Thread 0x00000198970b9000 nmethod 105 0x00000198805c2d90 code [0x00000198805c2fc0, 0x00000198805c36b0]
Event: 0.079 Thread 0x00000198970b9000  106       3       java.lang.Math::min (11 bytes)
Event: 0.079 Thread 0x00000198970b9000 nmethod 106 0x00000198805c3910 code [0x00000198805c3ac0, 0x00000198805c3c58]

GC Heap History (2 events):
Event: 0.089 GC heap before
{Heap before GC invocations=0 (full 0):
 garbage-first heap   total 129024K, used 1024K [0x0000000082400000, 0x0000000100000000)
  region size 1024K, 2 young (2048K), 0 survivors (0K)
 Metaspace       used 5581K, capacity 5630K, committed 5760K, reserved 1067008K
  class space    used 509K, capacity 554K, committed 640K, reserved 1048576K
}
Event: 0.090 GC heap after
{Heap after GC invocations=1 (full 0):
 garbage-first heap   total 129024K, used 761K [0x0000000082400000, 0x0000000100000000)
  region size 1024K, 1 young (1024K), 1 survivors (1024K)
 Metaspace       used 5581K, capacity 5630K, committed 5760K, reserved 1067008K
  class space    used 509K, capacity 554K, committed 640K, reserved 1048576K
}

Deoptimization events (1 events):
Event: 0.055 Thread 0x00000198f7bc4000 Uncommon trap: reason=unstable_if action=reinterpret pc=0x0000019887ad5690 method=java.lang.String.hashCode()I @ 14 c2

Classes redefined (0 events):
No events

Internal exceptions (0 events):
No events

Events (10 events):
Event: 0.088 loading class java/util/function/Consumer
Event: 0.088 loading class java/util/function/Consumer done
Event: 0.088 loading class java/util/Spliterators$1Adapter done
Event: 0.088 loading class java/lang/invoke/LambdaMetafactory
Event: 0.088 loading class java/lang/invoke/LambdaMetafactory done
Event: 0.088 loading class java/lang/invoke/LambdaForm$NamedFunction
Event: 0.088 loading class java/lang/invoke/LambdaForm$NamedFunction done
Event: 0.088 loading class java/lang/invoke/DirectMethodHandle$Holder
Event: 0.088 loading class java/lang/invoke/DirectMethodHandle$Holder done
Event: 0.089 Executing VM operation: CollectForMetadataAllocation


Dynamic libraries:
0x00007ff6a4c60000 - 0x00007ff6a4ca7000 	C:\Program Files\Java\jdk-11.0.6\bin\java.exe
0x00007fff6d760000 - 0x00007fff6d950000 	C:\Windows\SYSTEM32\ntdll.dll
0x00007fff6c340000 - 0x00007fff6c3f2000 	C:\Windows\System32\KERNEL32.DLL
0x00007fff6b170000 - 0x00007fff6b414000 	C:\Windows\System32\KERNELBASE.dll
0x00007fff6c960000 - 0x00007fff6ca03000 	C:\Windows\System32\ADVAPI32.dll
0x00007fff6ba20000 - 0x00007fff6babe000 	C:\Windows\System32\msvcrt.dll
0x00007fff6cd50000 - 0x00007fff6cde7000 	C:\Windows\System32\sechost.dll
0x00007fff6bac0000 - 0x00007fff6bbe0000 	C:\Windows\System32\RPCRT4.dll
0x00007fff6cbb0000 - 0x00007fff6cd44000 	C:\Windows\System32\USER32.dll
0x00007fff6b7b0000 - 0x00007fff6b7d1000 	C:\Windows\System32\win32u.dll
0x00007fff6d280000 - 0x00007fff6d2a6000 	C:\Windows\System32\GDI32.dll
0x00007fff6b4c0000 - 0x00007fff6b654000 	C:\Windows\System32\gdi32full.dll
0x00007fff6b080000 - 0x00007fff6b11e000 	C:\Windows\System32\msvcp_win.dll
0x00007fff6af80000 - 0x00007fff6b07a000 	C:\Windows\System32\ucrtbase.dll
0x00007fff56850000 - 0x00007fff56ad4000 	C:\Windows\WinSxS\amd64_microsoft.windows.common-controls_6595b64144ccf1df_6.0.18362.836_none_e6c4b943130f18ed\COMCTL32.dll
0x00007fff65600000 - 0x00007fff6560a000 	C:\Windows\SYSTEM32\VERSION.dll
0x00007fff6cdf0000 - 0x00007fff6d126000 	C:\Windows\System32\combase.dll
0x00007fff6b440000 - 0x00007fff6b4c0000 	C:\Windows\System32\bcryptPrimitives.dll
0x00007fff6b810000 - 0x00007fff6b83e000 	C:\Windows\System32\IMM32.DLL
0x00007fff633f0000 - 0x00007fff63406000 	C:\Program Files\Java\jdk-11.0.6\bin\vcruntime140.dll
0x00007fff5e520000 - 0x00007fff5e5ca000 	C:\Program Files\Java\jdk-11.0.6\bin\msvcp140.dll
0x00007fff2ff80000 - 0x00007fff30aa9000 	C:\Program Files\Java\jdk-11.0.6\bin\server\jvm.dll
0x00007fff6b840000 - 0x00007fff6b848000 	C:\Windows\System32\PSAPI.DLL
0x00007fff64fd0000 - 0x00007fff64fd9000 	C:\Windows\SYSTEM32\WSOCK32.dll
0x00007fff6ca90000 - 0x00007fff6caff000 	C:\Windows\System32\WS2_32.dll
0x00007fff68310000 - 0x00007fff68334000 	C:\Windows\SYSTEM32\WINMM.dll
0x00007fff682e0000 - 0x00007fff6830d000 	C:\Windows\SYSTEM32\winmmbase.dll
0x00007fff6b120000 - 0x00007fff6b16a000 	C:\Windows\System32\cfgmgr32.dll
0x00007fff6a6b0000 - 0x00007fff6a6c1000 	C:\Windows\System32\kernel.appcore.dll
0x00007fff633d0000 - 0x00007fff633e1000 	C:\Program Files\Java\jdk-11.0.6\bin\verify.dll
0x00007fff68f40000 - 0x00007fff69134000 	C:\Windows\SYSTEM32\DBGHELP.DLL
0x00007fff61320000 - 0x00007fff6134a000 	C:\Windows\SYSTEM32\dbgcore.DLL
0x00007fff60bc0000 - 0x00007fff60be9000 	C:\Program Files\Java\jdk-11.0.6\bin\java.dll
0x00007fff60ba0000 - 0x00007fff60bb6000 	C:\Program Files\Java\jdk-11.0.6\bin\zip.dll
0x00007fff632c0000 - 0x00007fff632ca000 	C:\Program Files\Java\jdk-11.0.6\bin\jimage.dll
0x00007fff6bbe0000 - 0x00007fff6c2c4000 	C:\Windows\System32\SHELL32.dll
0x00007fff6c460000 - 0x00007fff6c509000 	C:\Windows\System32\shcore.dll
0x00007fff6a6f0000 - 0x00007fff6ae6e000 	C:\Windows\System32\windows.storage.dll
0x00007fff6a630000 - 0x00007fff6a653000 	C:\Windows\System32\profapi.dll
0x00007fff6a660000 - 0x00007fff6a6aa000 	C:\Windows\System32\powrprof.dll
0x00007fff6a620000 - 0x00007fff6a630000 	C:\Windows\System32\UMPDC.dll
0x00007fff6c2d0000 - 0x00007fff6c322000 	C:\Windows\System32\shlwapi.dll
0x00007fff6b420000 - 0x00007fff6b437000 	C:\Windows\System32\cryptsp.dll
0x00007fff60b80000 - 0x00007fff60b99000 	C:\Program Files\Java\jdk-11.0.6\bin\net.dll
0x00007fff5bcf0000 - 0x00007fff5bde0000 	C:\Windows\SYSTEM32\WINHTTP.dll
0x00007fff69e90000 - 0x00007fff69ef7000 	C:\Windows\system32\mswsock.dll
0x00007fff60b60000 - 0x00007fff60b73000 	C:\Program Files\Java\jdk-11.0.6\bin\nio.dll

dbghelp: loaded successfully - version: 4.0.5 - missing functions: none
symbol engine: initialized successfully - sym options: 0x614 - pdb path: .;C:\Program Files\Java\jdk-11.0.6\bin;C:\Windows\SYSTEM32;C:\Windows\WinSxS\amd64_microsoft.windows.common-controls_6595b64144ccf1df_6.0.18362.836_none_e6c4b943130f18ed;C:\Program Files\Java\jdk-11.0.6\bin\server

VM Arguments:
jvm_args: -Dfile.encoding=UTF-8 
java_command: hotelmanagementsystem.HotelManagementSystem
java_class_path (initial): C:\Users\rk565\Desktop\mysql-connector-java-8.0.20.jar;C:\Users\rk565\Documents\NetBeansProjects\HotelManagementSystem\build\classes
Launcher Type: SUN_STANDARD

[Global flags]
     intx CICompilerCount                          = 4                                         {product} {ergonomic}
     uint ConcGCThreads                            = 2                                         {product} {ergonomic}
     uint G1ConcRefinementThreads                  = 8                                         {product} {ergonomic}
   size_t G1HeapRegionSize                         = 1048576                                   {product} {ergonomic}
    uintx GCDrainStackTargetSize                   = 64                                        {product} {ergonomic}
   size_t InitialHeapSize                          = 132120576                                 {product} {ergonomic}
   size_t MarkStackSize                            = 4194304                                   {product} {ergonomic}
   size_t MaxHeapSize                              = 2109734912                                {product} {ergonomic}
   size_t MaxNewSize                               = 1265631232                                {product} {ergonomic}
   size_t MinHeapDeltaBytes                        = 1048576                                   {product} {ergonomic}
    uintx NonNMethodCodeHeapSize                   = 5836300                                {pd product} {ergonomic}
    uintx NonProfiledCodeHeapSize                  = 122910970                              {pd product} {ergonomic}
    uintx ProfiledCodeHeapSize                     = 122910970                              {pd product} {ergonomic}
    uintx ReservedCodeCacheSize                    = 251658240                              {pd product} {ergonomic}
     bool SegmentedCodeCache                       = true                                      {product} {ergonomic}
     bool UseCompressedClassPointers               = true                                 {lp64_product} {ergonomic}
     bool UseCompressedOops                        = true                                 {lp64_product} {ergonomic}
     bool UseG1GC                                  = true                                      {product} {ergonomic}
     bool UseLargePagesIndividualAllocation        = false                                  {pd product} {ergonomic}

Logging:
Log output configuration:
 #0: stdout all=warning uptime,level,tags
 #1: stderr all=off uptime,level,tags

Environment Variables:
JAVA_HOME=C:\Program Files\Java\jdk-11.0.6
PATH=C:\Program Files (x86)\Common Files\Oracle\Java\javapath;C:\Windows\system32;C:\Windows;C:\Windows\System32\Wbem;C:\Windows\System32\WindowsPowerShell\v1.0\C:;C:\Windows\System32\OpenSSH\;C:\Program Files (x86)\NVIDIA Corporation\PhysX\Common;C:\Program Files\Intel\WiFi\bin\;C:\Program Files\Common Files\Intel\WirelessCommon\;C:\Program Files\Java;C:\Program Files\Java\jdk-11.0.6\bin;C:\Program Files\MySQL\MySQL Server 5.5\bin;C:\Users\rk565\AppData\Local\Microsoft\WindowsApps;C:\Users\rk565\AppData\Local\atom\bin
USERNAME=rk565
OS=Windows_NT
PROCESSOR_IDENTIFIER=Intel64 Family 6 Model 142 Stepping 12, GenuineIntel



---------------  S Y S T E M  ---------------

OS: Windows 10 , 64 bit Build 18362 (10.0.18362.778)

CPU:total 8 (initial active 8) (4 cores per cpu, 2 threads per core) family 6 model 142 stepping 12, cmov, cx8, fxsr, mmx, sse, sse2, sse3, ssse3, sse4.1, sse4.2, popcnt, avx, avx2, aes, clmul, erms, 3dnowpref, lzcnt, ht, tsc, tscinvbit, bmi1, bmi2, adx, fma

Memory: 4k page, system-wide physical 8043M (865M free)
TotalPageFile size 20843M (AvailPageFile size 5M)
current process WorkingSet (physical memory assigned to process): 33M, peak: 33M
current process commit charge ("private bytes"): 202M, peak: 203M

vm_info: Java HotSpot(TM) 64-Bit Server VM (11.0.6+8-LTS) for windows-amd64 JRE (11.0.6+8-LTS), built on Dec 11 2019 09:17:57 by "mach5one" with MS VC++ 15.5 (VS2017)

END.
