#
# There is insufficient memory for the Java Runtime Environment to continue.
# Native memory allocation (malloc) failed to allocate 32744 bytes for ChunkPool::allocate
# Possible reasons:
#   The system is out of physical RAM or swap space
#   The process is running with CompressedOops enabled, and the Java Heap may be blocking the growth of the native heap
# Possible solutions:
#   Reduce memory load on the system
#   Increase physical memory or swap space
#   Check if swap backing store is full
#   Decrease Java heap size (-Xmx/-Xms)
#   Decrease number of Java threads
#   Decrease Java thread stack sizes (-Xss)
#   Set larger code cache with -XX:ReservedCodeCacheSize=
#   JVM is running with Unscaled Compressed Oops mode in which the Java heap is
#     placed in the first 4GB address space. The Java Heap base address is the
#     maximum limit for the native heap growth. Please use -XX:HeapBaseMinAddress
#     to set the Java Heap base and to place the Java Heap above 4GB virtual address.
# This output file may be truncated or incomplete.
#
#  Out of Memory Error (t:/workspace/open/src/hotspot/share/memory/arena.cpp:81), pid=18696, tid=15192
#
# JRE version: Java(TM) SE Runtime Environment (11.0.6+8) (build 11.0.6+8-LTS)
# Java VM: Java HotSpot(TM) 64-Bit Server VM (11.0.6+8-LTS, mixed mode, tiered, compressed oops, g1 gc, windows-amd64)
# No core dump will be written. Minidumps are not enabled by default on client versions of Windows
#

---------------  S U M M A R Y ------------

Command Line: -Dfile.encoding=UTF-8 hotelmanagementsystem.AddCustomer

Host: Intel(R) Core(TM) i5-8265U CPU @ 1.60GHz, 8 cores, 7G,  Windows 10 , 64 bit Build 18362 (10.0.18362.778)
Time: Sun May 24 07:00:15 2020 India Standard Time elapsed time: 551 seconds (0d 0h 9m 11s)

---------------  T H R E A D  ---------------

Current thread (0x00000235458f2800):  JavaThread "C1 CompilerThread0" daemon [_thread_in_native, id=15192, stack(0x000000ef8be00000,0x000000ef8bf00000)]


Current CompileTask:
C1: 551631 1527       3      
[error occurred during error reporting (printing current compile task), id 0xe0000001, Out of Memory Error (t:/workspace/open/src/hotspot/share/memory/arena.cpp:81)]

Stack: [0x000000ef8be00000,0x000000ef8bf00000]
Native frames: (J=compiled Java code, j=interpreted, Vv=VM code, C=native code)
V  [jvm.dll+0x63679a]
V  [jvm.dll+0x7755bf]
V  [jvm.dll+0x776c65]
V  [jvm.dll+0x7772d3]
V  [jvm.dll+0x25e7f8]
V  [jvm.dll+0xc1e3b]
V  [jvm.dll+0xc219c]
V  [jvm.dll+0x704bdb]
V  [jvm.dll+0x704d49]
V  [jvm.dll+0x515ed2]
V  [jvm.dll+0x5ec129]
V  [jvm.dll+0x22a78f]
V  [jvm.dll+0x22accf]
V  [jvm.dll+0x77545d]
V  [jvm.dll+0x776c65]
V  [jvm.dll+0x7772d3]
V  [jvm.dll+0x25e7f8]
V  [jvm.dll+0xc1e3b]
V  [jvm.dll+0xc219c]
V  [jvm.dll+0x1300c6]
V  [jvm.dll+0x13daf1]
V  [jvm.dll+0x141609]
V  [jvm.dll+0x141028]
V  [jvm.dll+0x1371c6]
V  [jvm.dll+0x139a87]
V  [jvm.dll+0x130c4b]
V  [jvm.dll+0x142f97]
V  [jvm.dll+0x142dd4]
V  [jvm.dll+0x12bb56]
V  [jvm.dll+0x12bed2]
V  [jvm.dll+0x12c1ff]
V  [jvm.dll+0x12b377]
V  [jvm.dll+0x12d417]
V  [jvm.dll+0x226544]
V  [jvm.dll+0x224b28]
V  [jvm.dll+0x73a9c5]
V  [jvm.dll+0x733905]
V  [jvm.dll+0x635846]
C  [ucrtbase.dll+0x20e82]
C  [KERNEL32.DLL+0x17bd4]
C  [ntdll.dll+0x6ce51]


---------------  P R O C E S S  ---------------

Threads class SMR info:
_java_thread_list=0x000002354786f170, length=15, elements={
0x0000023544f7f800, 0x0000023544f88800, 0x0000023544f98000, 0x0000023544f99000,
0x0000023544f9d000, 0x00000235458f2800, 0x00000235458fb800, 0x0000023545a7a000,
0x0000023545a6e000, 0x0000023545dd6000, 0x0000023545dcc800, 0x0000023545db6800,
0x0000023545f75000, 0x00000235463e9800, 0x00000235263c0000
}

Java Threads: ( => current thread )
  0x0000023544f7f800 JavaThread "Reference Handler" daemon [_thread_blocked, id=16028, stack(0x000000ef8b900000,0x000000ef8ba00000)]
  0x0000023544f88800 JavaThread "Finalizer" daemon [_thread_blocked, id=18660, stack(0x000000ef8ba00000,0x000000ef8bb00000)]
  0x0000023544f98000 JavaThread "Signal Dispatcher" daemon [_thread_blocked, id=17796, stack(0x000000ef8bb00000,0x000000ef8bc00000)]
  0x0000023544f99000 JavaThread "Attach Listener" daemon [_thread_blocked, id=2900, stack(0x000000ef8bc00000,0x000000ef8bd00000)]
  0x0000023544f9d000 JavaThread "C2 CompilerThread0" daemon [_thread_blocked, id=13308, stack(0x000000ef8bd00000,0x000000ef8be00000)]
=>0x00000235458f2800 JavaThread "C1 CompilerThread0" daemon [_thread_in_native, id=15192, stack(0x000000ef8be00000,0x000000ef8bf00000)]
  0x00000235458fb800 JavaThread "Sweeper thread" daemon [_thread_blocked, id=6656, stack(0x000000ef8bf00000,0x000000ef8c000000)]
  0x0000023545a7a000 JavaThread "Service Thread" daemon [_thread_blocked, id=11316, stack(0x000000ef8c000000,0x000000ef8c100000)]
  0x0000023545a6e000 JavaThread "Common-Cleaner" daemon [_thread_blocked, id=19164, stack(0x000000ef8c200000,0x000000ef8c300000)]
  0x0000023545dd6000 JavaThread "Java2D Disposer" daemon [_thread_blocked, id=19252, stack(0x000000ef8c300000,0x000000ef8c400000)]
  0x0000023545dcc800 JavaThread "AWT-Shutdown" [_thread_blocked, id=19160, stack(0x000000ef8c400000,0x000000ef8c500000)]
  0x0000023545db6800 JavaThread "AWT-Windows" daemon [_thread_in_native, id=19156, stack(0x000000ef8c500000,0x000000ef8c600000)]
  0x0000023545f75000 JavaThread "AWT-EventQueue-0" [_thread_blocked, id=14236, stack(0x000000ef8c700000,0x000000ef8c800000)]
  0x00000235463e9800 JavaThread "mysql-cj-abandoned-connection-cleanup" daemon [_thread_blocked, id=9420, stack(0x000000ef8c800000,0x000000ef8c900000)]
  0x00000235263c0000 JavaThread "DestroyJavaVM" [_thread_blocked, id=18556, stack(0x000000ef8b200000,0x000000ef8b300000)]

Other Threads:
  0x0000023544f5d000 VMThread "VM Thread" [stack: 0x000000ef8b800000,0x000000ef8b900000] [id=18204]
  0x0000023545a7f000 WatcherThread [stack: 0x000000ef8c100000,0x000000ef8c200000] [id=8560]
  0x00000235263d6000 GCTaskThread "GC Thread#0" [stack: 0x000000ef8b300000,0x000000ef8b400000] [id=18548]
  0x000002354799a000 GCTaskThread "GC Thread#1" [stack: 0x000000ef8cc00000,0x000000ef8cd00000] [id=4480]
  0x000002354799a800 GCTaskThread "GC Thread#2" [stack: 0x000000ef8cd00000,0x000000ef8ce00000] [id=14188]
  0x000002354799b800 GCTaskThread "GC Thread#3" [stack: 0x000000ef8ce00000,0x000000ef8cf00000] [id=9212]
  0x000002354799c000 GCTaskThread "GC Thread#4" [stack: 0x000000ef8cf00000,0x000000ef8d000000] [id=15160]
  0x000002354799d000 GCTaskThread "GC Thread#5" [stack: 0x000000ef8d000000,0x000000ef8d100000] [id=6572]
  0x0000023526406000 ConcurrentGCThread "G1 Main Marker" [stack: 0x000000ef8b400000,0x000000ef8b500000] [id=14888]
  0x0000023526409800 ConcurrentGCThread "G1 Conc#0" [stack: 0x000000ef8b500000,0x000000ef8b600000] [id=17688]
  0x0000023545d90000 ConcurrentGCThread "G1 Conc#1" [stack: 0x000000ef8d100000,0x000000ef8d200000] [id=15204]
  0x000002352649e000 ConcurrentGCThread "G1 Refine#0" [stack: 0x000000ef8b600000,0x000000ef8b700000] [id=13980]
  0x0000023544dc2800 ConcurrentGCThread "G1 Young RemSet Sampling" [stack: 0x000000ef8b700000,0x000000ef8b800000] [id=18656]

Threads with active compile tasks:
C1 CompilerThread01527       3       java.net.URLStreamHandler::parseURL (1201 bytes)

VM state:not at safepoint (normal execution)

VM Mutex/Monitor currently owned by a thread: None

Heap address: 0x0000000082400000, size: 2012 MB, Compressed Oops mode: 32-bit
Narrow klass base: 0x0000000000000000, Narrow klass shift: 3
Compressed class space size: 1073741824 Address: 0x0000000100000000

Heap:
 garbage-first heap   total 129024K, used 9298K [0x0000000082400000, 0x0000000100000000)
  region size 1024K, 5 young (5120K), 3 survivors (3072K)
 Metaspace       used 21282K, capacity 21766K, committed 22016K, reserved 1069056K
  class space    used 2342K, capacity 2536K, committed 2560K, reserved 1048576K
Heap Regions: E=young(eden), S=young(survivor), O=old, HS=humongous(starts), HC=humongous(continues), CS=collection set, F=free, A=archive, TAMS=top-at-mark-start (previous, next)
|   0|0x0000000082400000, 0x0000000082500000, 0x0000000082500000|100%|HS|  |TAMS 0x0000000082500000, 0x0000000082400000| Complete 
|   1|0x0000000082500000, 0x0000000082600000, 0x0000000082600000|100%|HC|  |TAMS 0x0000000082600000, 0x0000000082500000| Complete 
|   2|0x0000000082600000, 0x0000000082700000, 0x0000000082700000|100%|HC|  |TAMS 0x0000000082700000, 0x0000000082600000| Complete 
|   3|0x0000000082700000, 0x0000000082800000, 0x0000000082800000|100%| O|  |TAMS 0x0000000082800000, 0x0000000082700000| Untracked 
|   4|0x0000000082800000, 0x0000000082900000, 0x0000000082900000|100%| O|  |TAMS 0x0000000082900000, 0x0000000082800000| Untracked 
|   5|0x0000000082900000, 0x0000000082914800, 0x0000000082a00000|  8%| O|  |TAMS 0x0000000082914800, 0x0000000082900000| Untracked 
|   6|0x0000000082a00000, 0x0000000082a00000, 0x0000000082b00000|  0%| F|  |TAMS 0x0000000082a00000, 0x0000000082a00000| Untracked 
|   7|0x0000000082b00000, 0x0000000082b00000, 0x0000000082c00000|  0%| F|  |TAMS 0x0000000082b00000, 0x0000000082b00000| Untracked 
|   8|0x0000000082c00000, 0x0000000082c00000, 0x0000000082d00000|  0%| F|  |TAMS 0x0000000082c00000, 0x0000000082c00000| Untracked 
|   9|0x0000000082d00000, 0x0000000082d00000, 0x0000000082e00000|  0%| F|  |TAMS 0x0000000082d00000, 0x0000000082d00000| Untracked 
|  10|0x0000000082e00000, 0x0000000082e00000, 0x0000000082f00000|  0%| F|  |TAMS 0x0000000082e00000, 0x0000000082e00000| Untracked 
|  11|0x0000000082f00000, 0x0000000082f00000, 0x0000000083000000|  0%| F|  |TAMS 0x0000000082f00000, 0x0000000082f00000| Untracked 
|  12|0x0000000083000000, 0x0000000083000000, 0x0000000083100000|  0%| F|  |TAMS 0x0000000083000000, 0x0000000083000000| Untracked 
|  13|0x0000000083100000, 0x0000000083100000, 0x0000000083200000|  0%| F|  |TAMS 0x0000000083100000, 0x0000000083100000| Untracked 
|  14|0x0000000083200000, 0x0000000083200000, 0x0000000083300000|  0%| F|  |TAMS 0x0000000083200000, 0x0000000083200000| Untracked 
|  15|0x0000000083300000, 0x0000000083300000, 0x0000000083400000|  0%| F|  |TAMS 0x0000000083300000, 0x0000000083300000| Untracked 
|  16|0x0000000083400000, 0x0000000083400000, 0x0000000083500000|  0%| F|  |TAMS 0x0000000083400000, 0x0000000083400000| Untracked 
|  17|0x0000000083500000, 0x0000000083500000, 0x0000000083600000|  0%| F|  |TAMS 0x0000000083500000, 0x0000000083500000| Untracked 
|  18|0x0000000083600000, 0x0000000083600000, 0x0000000083700000|  0%| F|  |TAMS 0x0000000083600000, 0x0000000083600000| Untracked 
|  19|0x0000000083700000, 0x0000000083700000, 0x0000000083800000|  0%| F|  |TAMS 0x0000000083700000, 0x0000000083700000| Untracked 
|  20|0x0000000083800000, 0x0000000083800000, 0x0000000083900000|  0%| F|  |TAMS 0x0000000083800000, 0x0000000083800000| Untracked 
|  21|0x0000000083900000, 0x0000000083900000, 0x0000000083a00000|  0%| F|  |TAMS 0x0000000083900000, 0x0000000083900000| Untracked 
|  22|0x0000000083a00000, 0x0000000083a00000, 0x0000000083b00000|  0%| F|  |TAMS 0x0000000083a00000, 0x0000000083a00000| Untracked 
|  23|0x0000000083b00000, 0x0000000083b00000, 0x0000000083c00000|  0%| F|  |TAMS 0x0000000083b00000, 0x0000000083b00000| Untracked 
|  24|0x0000000083c00000, 0x0000000083c00000, 0x0000000083d00000|  0%| F|  |TAMS 0x0000000083c00000, 0x0000000083c00000| Untracked 
|  25|0x0000000083d00000, 0x0000000083d00000, 0x0000000083e00000|  0%| F|  |TAMS 0x0000000083d00000, 0x0000000083d00000| Untracked 
|  26|0x0000000083e00000, 0x0000000083e00000, 0x0000000083f00000|  0%| F|  |TAMS 0x0000000083e00000, 0x0000000083e00000| Untracked 
|  27|0x0000000083f00000, 0x0000000083f00000, 0x0000000084000000|  0%| F|  |TAMS 0x0000000083f00000, 0x0000000083f00000| Untracked 
|  28|0x0000000084000000, 0x0000000084000000, 0x0000000084100000|  0%| F|  |TAMS 0x0000000084000000, 0x0000000084000000| Untracked 
|  29|0x0000000084100000, 0x0000000084100000, 0x0000000084200000|  0%| F|  |TAMS 0x0000000084100000, 0x0000000084100000| Untracked 
|  30|0x0000000084200000, 0x0000000084200000, 0x0000000084300000|  0%| F|  |TAMS 0x0000000084200000, 0x0000000084200000| Untracked 
|  31|0x0000000084300000, 0x0000000084300000, 0x0000000084400000|  0%| F|  |TAMS 0x0000000084300000, 0x0000000084300000| Untracked 
|  32|0x0000000084400000, 0x0000000084400000, 0x0000000084500000|  0%| F|  |TAMS 0x0000000084400000, 0x0000000084400000| Untracked 
|  33|0x0000000084500000, 0x0000000084500000, 0x0000000084600000|  0%| F|  |TAMS 0x0000000084500000, 0x0000000084500000| Untracked 
|  34|0x0000000084600000, 0x0000000084600000, 0x0000000084700000|  0%| F|  |TAMS 0x0000000084600000, 0x0000000084600000| Untracked 
|  35|0x0000000084700000, 0x0000000084700000, 0x0000000084800000|  0%| F|  |TAMS 0x0000000084700000, 0x0000000084700000| Untracked 
|  36|0x0000000084800000, 0x0000000084800000, 0x0000000084900000|  0%| F|  |TAMS 0x0000000084800000, 0x0000000084800000| Untracked 
|  37|0x0000000084900000, 0x0000000084900000, 0x0000000084a00000|  0%| F|  |TAMS 0x0000000084900000, 0x0000000084900000| Untracked 
|  38|0x0000000084a00000, 0x0000000084a00000, 0x0000000084b00000|  0%| F|  |TAMS 0x0000000084a00000, 0x0000000084a00000| Untracked 
|  39|0x0000000084b00000, 0x0000000084b00000, 0x0000000084c00000|  0%| F|  |TAMS 0x0000000084b00000, 0x0000000084b00000| Untracked 
|  40|0x0000000084c00000, 0x0000000084c00000, 0x0000000084d00000|  0%| F|  |TAMS 0x0000000084c00000, 0x0000000084c00000| Untracked 
|  41|0x0000000084d00000, 0x0000000084d00000, 0x0000000084e00000|  0%| F|  |TAMS 0x0000000084d00000, 0x0000000084d00000| Untracked 
|  42|0x0000000084e00000, 0x0000000084e00000, 0x0000000084f00000|  0%| F|  |TAMS 0x0000000084e00000, 0x0000000084e00000| Untracked 
|  43|0x0000000084f00000, 0x0000000084f00000, 0x0000000085000000|  0%| F|  |TAMS 0x0000000084f00000, 0x0000000084f00000| Untracked 
|  44|0x0000000085000000, 0x0000000085000000, 0x0000000085100000|  0%| F|  |TAMS 0x0000000085000000, 0x0000000085000000| Untracked 
|  45|0x0000000085100000, 0x0000000085100000, 0x0000000085200000|  0%| F|  |TAMS 0x0000000085100000, 0x0000000085100000| Untracked 
|  46|0x0000000085200000, 0x0000000085200000, 0x0000000085300000|  0%| F|  |TAMS 0x0000000085200000, 0x0000000085200000| Untracked 
|  47|0x0000000085300000, 0x0000000085300000, 0x0000000085400000|  0%| F|  |TAMS 0x0000000085300000, 0x0000000085300000| Untracked 
|  48|0x0000000085400000, 0x0000000085400000, 0x0000000085500000|  0%| F|  |TAMS 0x0000000085400000, 0x0000000085400000| Untracked 
|  49|0x0000000085500000, 0x0000000085500000, 0x0000000085600000|  0%| F|  |TAMS 0x0000000085500000, 0x0000000085500000| Untracked 
|  50|0x0000000085600000, 0x0000000085600000, 0x0000000085700000|  0%| F|  |TAMS 0x0000000085600000, 0x0000000085600000| Untracked 
|  51|0x0000000085700000, 0x0000000085700000, 0x0000000085800000|  0%| F|  |TAMS 0x0000000085700000, 0x0000000085700000| Untracked 
|  52|0x0000000085800000, 0x0000000085800000, 0x0000000085900000|  0%| F|  |TAMS 0x0000000085800000, 0x0000000085800000| Untracked 
|  53|0x0000000085900000, 0x0000000085900000, 0x0000000085a00000|  0%| F|  |TAMS 0x0000000085900000, 0x0000000085900000| Untracked 
|  54|0x0000000085a00000, 0x0000000085a00000, 0x0000000085b00000|  0%| F|  |TAMS 0x0000000085a00000, 0x0000000085a00000| Untracked 
|  55|0x0000000085b00000, 0x0000000085b00000, 0x0000000085c00000|  0%| F|  |TAMS 0x0000000085b00000, 0x0000000085b00000| Untracked 
|  56|0x0000000085c00000, 0x0000000085c00000, 0x0000000085d00000|  0%| F|  |TAMS 0x0000000085c00000, 0x0000000085c00000| Untracked 
|  57|0x0000000085d00000, 0x0000000085d00000, 0x0000000085e00000|  0%| F|  |TAMS 0x0000000085d00000, 0x0000000085d00000| Untracked 
|  58|0x0000000085e00000, 0x0000000085e00000, 0x0000000085f00000|  0%| F|  |TAMS 0x0000000085e00000, 0x0000000085e00000| Untracked 
|  59|0x0000000085f00000, 0x0000000085f00000, 0x0000000086000000|  0%| F|  |TAMS 0x0000000085f00000, 0x0000000085f00000| Untracked 
|  60|0x0000000086000000, 0x0000000086000000, 0x0000000086100000|  0%| F|  |TAMS 0x0000000086000000, 0x0000000086000000| Untracked 
|  61|0x0000000086100000, 0x0000000086100000, 0x0000000086200000|  0%| F|  |TAMS 0x0000000086100000, 0x0000000086100000| Untracked 
|  62|0x0000000086200000, 0x0000000086200000, 0x0000000086300000|  0%| F|  |TAMS 0x0000000086200000, 0x0000000086200000| Untracked 
|  63|0x0000000086300000, 0x0000000086300000, 0x0000000086400000|  0%| F|  |TAMS 0x0000000086300000, 0x0000000086300000| Untracked 
|  64|0x0000000086400000, 0x0000000086400000, 0x0000000086500000|  0%| F|  |TAMS 0x0000000086400000, 0x0000000086400000| Untracked 
|  65|0x0000000086500000, 0x0000000086500000, 0x0000000086600000|  0%| F|  |TAMS 0x0000000086500000, 0x0000000086500000| Untracked 
|  66|0x0000000086600000, 0x0000000086600000, 0x0000000086700000|  0%| F|  |TAMS 0x0000000086600000, 0x0000000086600000| Untracked 
|  67|0x0000000086700000, 0x0000000086700000, 0x0000000086800000|  0%| F|  |TAMS 0x0000000086700000, 0x0000000086700000| Untracked 
|  68|0x0000000086800000, 0x0000000086800000, 0x0000000086900000|  0%| F|  |TAMS 0x0000000086800000, 0x0000000086800000| Untracked 
|  69|0x0000000086900000, 0x0000000086900000, 0x0000000086a00000|  0%| F|  |TAMS 0x0000000086900000, 0x0000000086900000| Untracked 
|  70|0x0000000086a00000, 0x0000000086a00000, 0x0000000086b00000|  0%| F|  |TAMS 0x0000000086a00000, 0x0000000086a00000| Untracked 
|  71|0x0000000086b00000, 0x0000000086b00000, 0x0000000086c00000|  0%| F|  |TAMS 0x0000000086b00000, 0x0000000086b00000| Untracked 
|  72|0x0000000086c00000, 0x0000000086c00000, 0x0000000086d00000|  0%| F|  |TAMS 0x0000000086c00000, 0x0000000086c00000| Untracked 
|  73|0x0000000086d00000, 0x0000000086d00000, 0x0000000086e00000|  0%| F|  |TAMS 0x0000000086d00000, 0x0000000086d00000| Untracked 
|  74|0x0000000086e00000, 0x0000000086e00000, 0x0000000086f00000|  0%| F|  |TAMS 0x0000000086e00000, 0x0000000086e00000| Untracked 
|  75|0x0000000086f00000, 0x0000000086f00000, 0x0000000087000000|  0%| F|  |TAMS 0x0000000086f00000, 0x0000000086f00000| Untracked 
|  76|0x0000000087000000, 0x0000000087000000, 0x0000000087100000|  0%| F|  |TAMS 0x0000000087000000, 0x0000000087000000| Untracked 
|  77|0x0000000087100000, 0x0000000087100000, 0x0000000087200000|  0%| F|  |TAMS 0x0000000087100000, 0x0000000087100000| Untracked 
|  78|0x0000000087200000, 0x0000000087200000, 0x0000000087300000|  0%| F|  |TAMS 0x0000000087200000, 0x0000000087200000| Untracked 
|  79|0x0000000087300000, 0x0000000087300000, 0x0000000087400000|  0%| F|  |TAMS 0x0000000087300000, 0x0000000087300000| Untracked 
|  80|0x0000000087400000, 0x0000000087400000, 0x0000000087500000|  0%| F|  |TAMS 0x0000000087400000, 0x0000000087400000| Untracked 
|  81|0x0000000087500000, 0x0000000087500000, 0x0000000087600000|  0%| F|  |TAMS 0x0000000087500000, 0x0000000087500000| Untracked 
|  82|0x0000000087600000, 0x0000000087600000, 0x0000000087700000|  0%| F|  |TAMS 0x0000000087600000, 0x0000000087600000| Untracked 
|  83|0x0000000087700000, 0x0000000087700000, 0x0000000087800000|  0%| F|  |TAMS 0x0000000087700000, 0x0000000087700000| Untracked 
|  84|0x0000000087800000, 0x0000000087800000, 0x0000000087900000|  0%| F|  |TAMS 0x0000000087800000, 0x0000000087800000| Untracked 
|  85|0x0000000087900000, 0x0000000087900000, 0x0000000087a00000|  0%| F|  |TAMS 0x0000000087900000, 0x0000000087900000| Untracked 
|  86|0x0000000087a00000, 0x0000000087a00000, 0x0000000087b00000|  0%| F|  |TAMS 0x0000000087a00000, 0x0000000087a00000| Untracked 
|  87|0x0000000087b00000, 0x0000000087b00000, 0x0000000087c00000|  0%| F|  |TAMS 0x0000000087b00000, 0x0000000087b00000| Untracked 
|  88|0x0000000087c00000, 0x0000000087c00000, 0x0000000087d00000|  0%| F|  |TAMS 0x0000000087c00000, 0x0000000087c00000| Untracked 
|  89|0x0000000087d00000, 0x0000000087d00000, 0x0000000087e00000|  0%| F|  |TAMS 0x0000000087d00000, 0x0000000087d00000| Untracked 
|  90|0x0000000087e00000, 0x0000000087e00000, 0x0000000087f00000|  0%| F|  |TAMS 0x0000000087e00000, 0x0000000087e00000| Untracked 
|  91|0x0000000087f00000, 0x0000000087f00000, 0x0000000088000000|  0%| F|  |TAMS 0x0000000087f00000, 0x0000000087f00000| Untracked 
|  92|0x0000000088000000, 0x0000000088000000, 0x0000000088100000|  0%| F|  |TAMS 0x0000000088000000, 0x0000000088000000| Untracked 
|  93|0x0000000088100000, 0x0000000088100000, 0x0000000088200000|  0%| F|  |TAMS 0x0000000088100000, 0x0000000088100000| Untracked 
|  94|0x0000000088200000, 0x0000000088200000, 0x0000000088300000|  0%| F|  |TAMS 0x0000000088200000, 0x0000000088200000| Untracked 
|  95|0x0000000088300000, 0x0000000088300000, 0x0000000088400000|  0%| F|  |TAMS 0x0000000088300000, 0x0000000088300000| Untracked 
|  96|0x0000000088400000, 0x0000000088400000, 0x0000000088500000|  0%| F|  |TAMS 0x0000000088400000, 0x0000000088400000| Untracked 
|  97|0x0000000088500000, 0x0000000088500000, 0x0000000088600000|  0%| F|  |TAMS 0x0000000088500000, 0x0000000088500000| Untracked 
|  98|0x0000000088600000, 0x0000000088600000, 0x0000000088700000|  0%| F|  |TAMS 0x0000000088600000, 0x0000000088600000| Untracked 
|  99|0x0000000088700000, 0x0000000088700000, 0x0000000088800000|  0%| F|  |TAMS 0x0000000088700000, 0x0000000088700000| Untracked 
| 100|0x0000000088800000, 0x0000000088800000, 0x0000000088900000|  0%| F|  |TAMS 0x0000000088800000, 0x0000000088800000| Untracked 
| 101|0x0000000088900000, 0x0000000088900000, 0x0000000088a00000|  0%| F|  |TAMS 0x0000000088900000, 0x0000000088900000| Untracked 
| 102|0x0000000088a00000, 0x0000000088a00000, 0x0000000088b00000|  0%| F|  |TAMS 0x0000000088a00000, 0x0000000088a00000| Untracked 
| 103|0x0000000088b00000, 0x0000000088c00000, 0x0000000088c00000|100%| S|CS|TAMS 0x0000000088b00000, 0x0000000088b00000| Complete 
| 104|0x0000000088c00000, 0x0000000088d00000, 0x0000000088d00000|100%| S|CS|TAMS 0x0000000088c00000, 0x0000000088c00000| Complete 
| 105|0x0000000088d00000, 0x0000000088e00000, 0x0000000088e00000|100%| S|CS|TAMS 0x0000000088d00000, 0x0000000088d00000| Complete 
| 106|0x0000000088e00000, 0x0000000088e00000, 0x0000000088f00000|  0%| F|  |TAMS 0x0000000088e00000, 0x0000000088e00000| Untracked 
| 107|0x0000000088f00000, 0x0000000088f00000, 0x0000000089000000|  0%| F|  |TAMS 0x0000000088f00000, 0x0000000088f00000| Untracked 
| 108|0x0000000089000000, 0x0000000089000000, 0x0000000089100000|  0%| F|  |TAMS 0x0000000089000000, 0x0000000089000000| Untracked 
| 109|0x0000000089100000, 0x0000000089100000, 0x0000000089200000|  0%| F|  |TAMS 0x0000000089100000, 0x0000000089100000| Untracked 
| 110|0x0000000089200000, 0x0000000089200000, 0x0000000089300000|  0%| F|  |TAMS 0x0000000089200000, 0x0000000089200000| Untracked 
| 111|0x0000000089300000, 0x0000000089300000, 0x0000000089400000|  0%| F|  |TAMS 0x0000000089300000, 0x0000000089300000| Untracked 
| 112|0x0000000089400000, 0x0000000089400000, 0x0000000089500000|  0%| F|  |TAMS 0x0000000089400000, 0x0000000089400000| Untracked 
| 113|0x0000000089500000, 0x0000000089500000, 0x0000000089600000|  0%| F|  |TAMS 0x0000000089500000, 0x0000000089500000| Untracked 
| 114|0x0000000089600000, 0x0000000089600000, 0x0000000089700000|  0%| F|  |TAMS 0x0000000089600000, 0x0000000089600000| Untracked 
| 115|0x0000000089700000, 0x0000000089700000, 0x0000000089800000|  0%| F|  |TAMS 0x0000000089700000, 0x0000000089700000| Untracked 
| 116|0x0000000089800000, 0x0000000089800000, 0x0000000089900000|  0%| F|  |TAMS 0x0000000089800000, 0x0000000089800000| Untracked 
| 117|0x0000000089900000, 0x0000000089900000, 0x0000000089a00000|  0%| F|  |TAMS 0x0000000089900000, 0x0000000089900000| Untracked 
| 118|0x0000000089a00000, 0x0000000089a00000, 0x0000000089b00000|  0%| F|  |TAMS 0x0000000089a00000, 0x0000000089a00000| Untracked 
| 119|0x0000000089b00000, 0x0000000089b00000, 0x0000000089c00000|  0%| F|  |TAMS 0x0000000089b00000, 0x0000000089b00000| Untracked 
| 120|0x0000000089c00000, 0x0000000089c00000, 0x0000000089d00000|  0%| F|  |TAMS 0x0000000089c00000, 0x0000000089c00000| Untracked 
| 121|0x0000000089d00000, 0x0000000089d00000, 0x0000000089e00000|  0%| F|  |TAMS 0x0000000089d00000, 0x0000000089d00000| Untracked 
| 122|0x0000000089e00000, 0x0000000089e00000, 0x0000000089f00000|  0%| F|  |TAMS 0x0000000089e00000, 0x0000000089e00000| Untracked 
| 123|0x0000000089f00000, 0x0000000089f00000, 0x000000008a000000|  0%| F|  |TAMS 0x0000000089f00000, 0x0000000089f00000| Untracked 
| 124|0x000000008a000000, 0x000000008a100000, 0x000000008a100000|100%| E|  |TAMS 0x000000008a000000, 0x000000008a000000| Complete 
| 125|0x000000008a100000, 0x000000008a200000, 0x000000008a200000|100%| E|CS|TAMS 0x000000008a100000, 0x000000008a100000| Complete 

Card table byte_map: [0x000002353de70000,0x000002353e260000] _byte_map_base: 0x000002353da5e000

Marking Bits (Prev, Next): (CMBitMap*) 0x00000235263fd970, (CMBitMap*) 0x00000235263fd938
 Prev Bits: [0x00000235405c0000, 0x0000023542530000)
 Next Bits: [0x000002353e650000, 0x00000235405c0000)

Polling page: 0x00000235243a0000

Metaspace:

Usage:
  Non-class:     18.78 MB capacity,    18.50 MB ( 98%) used,   235.78 KB (  1%) free+waste,    53.81 KB ( <1%) overhead. 
      Class:      2.48 MB capacity,     2.29 MB ( 92%) used,   166.13 KB (  7%) free+waste,    27.44 KB (  1%) overhead. 
       Both:     21.26 MB capacity,    20.78 MB ( 98%) used,   401.91 KB (  2%) free+waste,    81.25 KB ( <1%) overhead. 

Virtual space:
  Non-class space:       20.00 MB reserved,      19.00 MB ( 95%) committed 
      Class space:        1.00 GB reserved,       2.50 MB ( <1%) committed 
             Both:        1.02 GB reserved,      21.50 MB (  2%) committed 

Chunk freelists:
   Non-Class:  4.25 KB
       Class:  3.00 KB
        Both:  7.25 KB

CodeHeap 'non-profiled nmethods': size=120000Kb used=541Kb max_used=541Kb free=119458Kb
 bounds [0x0000023536220000, 0x0000023536490000, 0x000002353d750000]
CodeHeap 'profiled nmethods': size=120000Kb used=2974Kb max_used=2974Kb free=117025Kb
 bounds [0x000002352ecf0000, 0x000002352efe0000, 0x0000023536220000]
CodeHeap 'non-nmethods': size=5760Kb used=1262Kb max_used=1292Kb free=4497Kb
 bounds [0x000002352e750000, 0x000002352e9c0000, 0x000002352ecf0000]
 total_blobs=2446 nmethods=1526 adapters=577
 compilation: enabled
              stopped_count=0, restarted_count=0
 full_count=0

Compilation events (10 events):
Event: 376.296 Thread 0x00000235458f2800 nmethod 1522 0x000002352efd1510 code [0x000002352efd17e0, 0x000002352efd2990]
Event: 386.314 Thread 0x00000235458f2800 1523   !   3       jdk.internal.loader.BuiltinClassLoader::findResource (154 bytes)
Event: 386.318 Thread 0x00000235458f2800 nmethod 1523 0x000002352efd2e90 code [0x000002352efd3200, 0x000002352efd4650]
Event: 386.318 Thread 0x00000235458f2800 1524       3       jdk.internal.loader.BuiltinClassLoader::findResourceOnClassPath (41 bytes)
Event: 386.319 Thread 0x00000235458f2800 nmethod 1524 0x000002352efd4e10 code [0x000002352efd5020, 0x000002352efd55f0]
Event: 411.369 Thread 0x00000235458f2800 1525       3       java.io.WinNTFileSystem::prefixLength (91 bytes)
Event: 411.371 Thread 0x00000235458f2800 nmethod 1525 0x000002352efd5790 code [0x000002352efd5aa0, 0x000002352efd6e00]
Event: 551.625 Thread 0x00000235458f2800 1526       3       sun.net.www.protocol.file.Handler::parseURL (18 bytes)
Event: 551.626 Thread 0x00000235458f2800 nmethod 1526 0x000002352efd7490 code [0x000002352efd7660, 0x000002352efd7860]
Event: 551.626 Thread 0x00000235458f2800 1527       3       java.net.URLStreamHandler::parseURL (1201 bytes)

GC Heap History (2 events):
Event: 0.642 GC heap before
{Heap before GC invocations=0 (full 0):
 garbage-first heap   total 129024K, used 21504K [0x0000000082400000, 0x0000000100000000)
  region size 1024K, 20 young (20480K), 0 survivors (0K)
 Metaspace       used 20664K, capacity 21143K, committed 21248K, reserved 1069056K
  class space    used 2289K, capacity 2499K, committed 2560K, reserved 1048576K
}
Event: 0.647 GC heap after
{Heap after GC invocations=1 (full 0):
 garbage-first heap   total 129024K, used 8274K [0x0000000082400000, 0x0000000100000000)
  region size 1024K, 3 young (3072K), 3 survivors (3072K)
 Metaspace       used 20664K, capacity 21143K, committed 21248K, reserved 1069056K
  class space    used 2289K, capacity 2499K, committed 2560K, reserved 1048576K
}

Deoptimization events (10 events):
Event: 0.330 Thread 0x00000235263c0000 Uncommon trap: reason=unstable_if action=reinterpret pc=0x0000023536248134 method=jdk.internal.org.objectweb.asm.Type.getArgumentsAndReturnSizes(Ljava/lang/String;)I @ 88 c2
Event: 0.332 Thread 0x00000235263c0000 Uncommon trap: reason=unstable_if action=reinterpret pc=0x0000023536254818 method=jdk.internal.org.objectweb.asm.Frame.execute(IILjdk/internal/org/objectweb/asm/ClassWriter;Ljdk/internal/org/objectweb/asm/Item;)V @ 1 c2
Event: 0.505 Thread 0x0000023545db6800 Uncommon trap: reason=class_check action=maybe_recompile pc=0x000002353627a5e0 method=java.util.HashMap.putVal(ILjava/lang/Object;Ljava/lang/Object;ZZ)Ljava/lang/Object; @ 203 c2
Event: 0.505 Thread 0x0000023545db6800 Uncommon trap: reason=class_check action=maybe_recompile pc=0x000002353627a5b0 method=java.util.HashMap.putVal(ILjava/lang/Object;Ljava/lang/Object;ZZ)Ljava/lang/Object; @ 91 c2
Event: 0.505 Thread 0x0000023545db6800 Uncommon trap: reason=class_check action=maybe_recompile pc=0x000002353627a5e0 method=java.util.HashMap.putVal(ILjava/lang/Object;Ljava/lang/Object;ZZ)Ljava/lang/Object; @ 203 c2
Event: 0.506 Thread 0x0000023545db6800 Uncommon trap: reason=class_check action=maybe_recompile pc=0x000002353627a5e0 method=java.util.HashMap.putVal(ILjava/lang/Object;Ljava/lang/Object;ZZ)Ljava/lang/Object; @ 203 c2
Event: 0.528 Thread 0x00000235263c0000 Uncommon trap: reason=unstable_if action=reinterpret pc=0x000002353625fbc4 method=java.lang.StringUTF16.compress([CI[BII)I @ 20 c2
Event: 0.657 Thread 0x00000235463e9800 Uncommon trap: reason=unstable_if action=reinterpret pc=0x0000023536280c38 method=java.util.Properties$LineReader.readLine()I @ 153 c2
Event: 0.657 Thread 0x00000235463e9800 Uncommon trap: reason=unstable_if action=reinterpret pc=0x0000023536260bbc method=java.util.Properties$LineReader.readLine()I @ 117 c2
Event: 0.658 Thread 0x00000235463e9800 Uncommon trap: reason=unstable_if action=reinterpret pc=0x000002353628ff48 method=java.lang.ref.ReferenceQueue.poll()Ljava/lang/ref/Reference; @ 4 c2

Classes redefined (0 events):
No events

Internal exceptions (10 events):
Event: 0.244 Thread 0x00000235263c0000 Exception <a 'java/lang/ClassNotFoundException'{0x0000000089b3b348}: com/sun/swing/internal/plaf/basic/resources/spi/basicProvider> (0x0000000089b3b348) thrown at [t:/workspace/open/src/hotspot/share/classfile/systemDictionary.cpp, line 231]
Event: 0.332 Thread 0x00000235263c0000 Exception <a 'java/lang/NoSuchMethodError'{0x00000000899463d0}: java.lang.invoke.DirectMethodHandle$Holder.invokeSpecialIFC(Ljava/lang/Object;Ljava/lang/Object;I)I> (0x00000000899463d0) thrown at [t:/workspace/open/src/hotspot/share/interpreter/linkResolv
Event: 0.363 Thread 0x00000235263c0000 Exception <a 'java/lang/NoSuchMethodError'{0x0000000089864d30}: java.lang.invoke.DirectMethodHandle$Holder.invokeVirtual(Ljava/lang/Object;Ljava/lang/Object;Ljava/lang/Object;)Ljava/lang/Object;> (0x0000000089864d30) thrown at [t:/workspace/open/src/hotsp
Event: 0.519 Thread 0x00000235263c0000 Exception <a 'java/lang/NoSuchMethodError'{0x00000000891a3af8}: java.lang.invoke.DirectMethodHandle$Holder.invokeStaticInit(Ljava/lang/Object;)V> (0x00000000891a3af8) thrown at [t:/workspace/open/src/hotspot/share/interpreter/linkResolver.cpp, line 772]
Event: 0.543 Thread 0x00000235263c0000 Exception <a 'java/lang/NoSuchMethodError'{0x00000000890b51a0}: java.lang.invoke.DirectMethodHandle$Holder.invokeStatic(Ljava/lang/Object;Ljava/lang/Object;Ljava/lang/Object;Ljava/lang/Object;Ljava/lang/Object;Ljava/lang/Object;Ljava/lang/Object;Ljava/lan
Event: 0.544 Thread 0x00000235263c0000 Exception <a 'java/lang/NoSuchMethodError'{0x00000000890d3180}: java.lang.invoke.DirectMethodHandle$Holder.invokeStatic(Ljava/lang/Object;Ljava/lang/Object;Ljava/lang/Object;Ljava/lang/Object;Ljava/lang/Object;Ljava/lang/Object;Ljava/lang/Object;Ljava/lan
Event: 0.546 Thread 0x00000235263c0000 Exception <a 'java/lang/NoSuchMethodError'{0x00000000890f2110}: java.lang.invoke.DirectMethodHandle$Holder.invokeStatic(Ljava/lang/Object;Ljava/lang/Object;Ljava/lang/Object;Ljava/lang/Object;Ljava/lang/Object;Ljava/lang/Object;Ljava/lang/Object;Ljava/lan
Event: 0.546 Thread 0x00000235263c0000 Exception <a 'java/lang/NoSuchMethodError'{0x00000000890fe300}: java.lang.invoke.Invokers$Holder.linkToTargetMethod(Ljava/lang/Object;ILjava/lang/Object;)Ljava/lang/Object;> (0x00000000890fe300) thrown at [t:/workspace/open/src/hotspot/share/interpreter/l
Event: 0.567 Thread 0x0000023545db6800 Exception <a 'java/lang/NoSuchMethodError'{0x0000000089d4d508}: java.lang.invoke.DirectMethodHandle$Holder.invokeStatic(Ljava/lang/Object;Ljava/lang/Object;Ljava/lang/Object;Ljava/lang/Object;Ljava/lang/Object;Ljava/lang/Object;Ljava/lang/Object;Ljava/lan
Event: 0.659 Thread 0x00000235463e9800 Exception <a 'java/lang/NoSuchMethodError'{0x000000008a1aed50}: java.lang.invoke.DirectMethodHandle$Holder.invokeStaticInit(Ljava/lang/Object;Ljava/lang/Object;)V> (0x000000008a1aed50) thrown at [t:/workspace/open/src/hotspot/share/interpreter/linkResolve

Events (10 events):
Event: 3.077 loading class javax/swing/JInternalFrame
Event: 3.079 loading class javax/swing/JInternalFrame done
Event: 3.079 loading class java/awt/Canvas
Event: 3.080 loading class java/awt/Canvas done
Event: 3.080 loading class java/awt/Scrollbar
Event: 3.080 loading class java/awt/Scrollbar done
Event: 3.222 loading class java/awt/Event
Event: 3.222 loading class java/awt/Event done
Event: 293.099 Executing VM operation: RevokeBias
Event: 293.099 Executing VM operation: RevokeBias done


Dynamic libraries:
0x00007ff7bdec0000 - 0x00007ff7bdf07000 	C:\Program Files\Java\jdk-11.0.6\bin\java.exe
0x00007ff8c7160000 - 0x00007ff8c7350000 	C:\Windows\SYSTEM32\ntdll.dll
0x00007ff8c69f0000 - 0x00007ff8c6aa2000 	C:\Windows\System32\KERNEL32.DLL
0x00007ff8c4de0000 - 0x00007ff8c5084000 	C:\Windows\System32\KERNELBASE.dll
0x00007ff8c6390000 - 0x00007ff8c6433000 	C:\Windows\System32\ADVAPI32.dll
0x00007ff8c7020000 - 0x00007ff8c70be000 	C:\Windows\System32\msvcrt.dll
0x00007ff8c5830000 - 0x00007ff8c58c7000 	C:\Windows\System32\sechost.dll
0x00007ff8c64c0000 - 0x00007ff8c65e0000 	C:\Windows\System32\RPCRT4.dll
0x00007ff8c6e80000 - 0x00007ff8c7014000 	C:\Windows\System32\USER32.dll
0x00007ff8c4aa0000 - 0x00007ff8c4ac1000 	C:\Windows\System32\win32u.dll
0x00007ff8c6db0000 - 0x00007ff8c6dd6000 	C:\Windows\System32\GDI32.dll
0x00007ff8c4bc0000 - 0x00007ff8c4d54000 	C:\Windows\System32\gdi32full.dll
0x00007ff8c4ad0000 - 0x00007ff8c4b6e000 	C:\Windows\System32\msvcp_win.dll
0x00007ff8c5090000 - 0x00007ff8c518a000 	C:\Windows\System32\ucrtbase.dll
0x00007ff8b5510000 - 0x00007ff8b5794000 	C:\Windows\WinSxS\amd64_microsoft.windows.common-controls_6595b64144ccf1df_6.0.18362.836_none_e6c4b943130f18ed\COMCTL32.dll
0x00007ff8c66b0000 - 0x00007ff8c69e6000 	C:\Windows\System32\combase.dll
0x00007ff8be1c0000 - 0x00007ff8be1ca000 	C:\Windows\SYSTEM32\VERSION.dll
0x00007ff8c5190000 - 0x00007ff8c5210000 	C:\Windows\System32\bcryptPrimitives.dll
0x00007ff8c6100000 - 0x00007ff8c612e000 	C:\Windows\System32\IMM32.DLL
0x00007ff8acc70000 - 0x00007ff8acc86000 	C:\Program Files\Java\jdk-11.0.6\bin\vcruntime140.dll
0x00007ff896c40000 - 0x00007ff896cea000 	C:\Program Files\Java\jdk-11.0.6\bin\msvcp140.dll
0x00007ff892800000 - 0x00007ff893329000 	C:\Program Files\Java\jdk-11.0.6\bin\server\jvm.dll
0x00007ff8c6e70000 - 0x00007ff8c6e78000 	C:\Windows\System32\PSAPI.DLL
0x00007ff8c1de0000 - 0x00007ff8c1e04000 	C:\Windows\SYSTEM32\WINMM.dll
0x00007ff8b3630000 - 0x00007ff8b3639000 	C:\Windows\SYSTEM32\WSOCK32.dll
0x00007ff8c6d40000 - 0x00007ff8c6daf000 	C:\Windows\System32\WS2_32.dll
0x00007ff8c1cf0000 - 0x00007ff8c1d1d000 	C:\Windows\SYSTEM32\winmmbase.dll
0x00007ff8c4b70000 - 0x00007ff8c4bba000 	C:\Windows\System32\cfgmgr32.dll
0x00007ff8c4060000 - 0x00007ff8c4071000 	C:\Windows\System32\kernel.appcore.dll
0x00007ff8a7cd0000 - 0x00007ff8a7ce1000 	C:\Program Files\Java\jdk-11.0.6\bin\verify.dll
0x00007ff8c2950000 - 0x00007ff8c2b44000 	C:\Windows\SYSTEM32\DBGHELP.DLL
0x00007ff8b1e20000 - 0x00007ff8b1e4a000 	C:\Windows\SYSTEM32\dbgcore.DLL
0x00007ff8a7d20000 - 0x00007ff8a7d49000 	C:\Program Files\Java\jdk-11.0.6\bin\java.dll
0x00007ff8a7cb0000 - 0x00007ff8a7cc6000 	C:\Program Files\Java\jdk-11.0.6\bin\zip.dll
0x00007ff8b1c90000 - 0x00007ff8b1c9a000 	C:\Program Files\Java\jdk-11.0.6\bin\jimage.dll
0x00007ff8c59a0000 - 0x00007ff8c6084000 	C:\Windows\System32\SHELL32.dll
0x00007ff8c6c90000 - 0x00007ff8c6d39000 	C:\Windows\System32\shcore.dll
0x00007ff8c4320000 - 0x00007ff8c4a9e000 	C:\Windows\System32\windows.storage.dll
0x00007ff8c4030000 - 0x00007ff8c4053000 	C:\Windows\System32\profapi.dll
0x00007ff8c4080000 - 0x00007ff8c40ca000 	C:\Windows\System32\powrprof.dll
0x00007ff8c4020000 - 0x00007ff8c4030000 	C:\Windows\System32\UMPDC.dll
0x00007ff8c6c30000 - 0x00007ff8c6c82000 	C:\Windows\System32\shlwapi.dll
0x00007ff8c4dc0000 - 0x00007ff8c4dd7000 	C:\Windows\System32\cryptsp.dll
0x00007ff8a7c90000 - 0x00007ff8a7ca9000 	C:\Program Files\Java\jdk-11.0.6\bin\net.dll
0x00007ff8b4ff0000 - 0x00007ff8b50e0000 	C:\Windows\SYSTEM32\WINHTTP.dll
0x00007ff8c3890000 - 0x00007ff8c38f7000 	C:\Windows\system32\mswsock.dll
0x00007ff8a04f0000 - 0x00007ff8a0503000 	C:\Program Files\Java\jdk-11.0.6\bin\nio.dll
0x00007ff896cf0000 - 0x00007ff896e8f000 	C:\Program Files\Java\jdk-11.0.6\bin\awt.dll
0x00007ff8c65e0000 - 0x00007ff8c66a4000 	C:\Windows\System32\OLEAUT32.dll
0x00007ff8c1d20000 - 0x00007ff8c1daf000 	C:\Windows\SYSTEM32\apphelp.dll
0x00007ff8c2420000 - 0x00007ff8c244d000 	C:\Windows\system32\DWMAPI.DLL
0x00007ff8c1ff0000 - 0x00007ff8c2089000 	C:\Windows\system32\uxtheme.dll
0x00007ff8b5ee0000 - 0x00007ff8b6036000 	C:\Windows\system32\opengl32.dll
0x00007ff8bd120000 - 0x00007ff8bd14c000 	C:\Windows\SYSTEM32\GLU32.dll
0x00007ff8c2c90000 - 0x00007ff8c2cb0000 	C:\Windows\SYSTEM32\dxcore.dll
0x00007ff8c6130000 - 0x00007ff8c6266000 	C:\Windows\System32\MSCTF.dll
0x00007ff8c6ad0000 - 0x00007ff8c6c27000 	C:\Windows\System32\ole32.dll
0x00007ff8c35e0000 - 0x00007ff8c36ab000 	C:\Windows\SYSTEM32\DNSAPI.dll
0x00007ff8c6de0000 - 0x00007ff8c6de8000 	C:\Windows\System32\NSI.dll
0x00007ff8c35a0000 - 0x00007ff8c35da000 	C:\Windows\SYSTEM32\IPHLPAPI.DLL
0x00007ff8b4b70000 - 0x00007ff8b4b7a000 	C:\Windows\System32\rasadhlp.dll
0x00007ff8b50e0000 - 0x00007ff8b5157000 	C:\Windows\System32\fwpuclnt.dll
0x00007ff8c42f0000 - 0x00007ff8c4316000 	C:\Windows\System32\bcrypt.dll
0x00007ff896bb0000 - 0x00007ff896c33000 	C:\Program Files\Java\jdk-11.0.6\bin\freetype.dll
0x00007ff896b00000 - 0x00007ff896bab000 	C:\Program Files\Java\jdk-11.0.6\bin\fontmanager.dll
0x00007ff8c62e0000 - 0x00007ff8c6382000 	C:\Windows\System32\clbcatq.dll
0x00007ff8bdc60000 - 0x00007ff8bde0f000 	C:\Windows\SYSTEM32\WindowsCodecs.dll
0x00007ff8b54d0000 - 0x00007ff8b550a000 	C:\Windows\system32\dataexchange.dll
0x00007ff8c0cd0000 - 0x00007ff8c0f2b000 	C:\Windows\system32\d3d11.dll
0x00007ff8c1390000 - 0x00007ff8c156c000 	C:\Windows\system32\dcomp.dll
0x00007ff8c2d20000 - 0x00007ff8c2e0b000 	C:\Windows\system32\dxgi.dll
0x00007ff8c20b0000 - 0x00007ff8c2311000 	C:\Windows\system32\twinapi.appcore.dll
0x00007ff8c2530000 - 0x00007ff8c2559000 	C:\Windows\system32\RMCLIENT.dll
0x00007ff8b69a0000 - 0x00007ff8b6a3e000 	C:\Windows\System32\TextInputFramework.dll
0x00007ff8be330000 - 0x00007ff8be65a000 	C:\Windows\System32\CoreUIComponents.dll
0x00007ff8c1970000 - 0x00007ff8c1a44000 	C:\Windows\System32\CoreMessaging.dll
0x00007ff8c3080000 - 0x00007ff8c30b1000 	C:\Windows\SYSTEM32\ntmarta.dll
0x00007ff8bf500000 - 0x00007ff8bf653000 	C:\Windows\SYSTEM32\wintypes.dll
0x00007ff8b0e60000 - 0x00007ff8b1106000 	C:\Windows\System32\iertutil.dll

dbghelp: loaded successfully - version: 4.0.5 - missing functions: none
symbol engine: initialized successfully - sym options: 0x614 - pdb path: .;C:\Program Files\Java\jdk-11.0.6\bin;C:\Windows\SYSTEM32;C:\Windows\WinSxS\amd64_microsoft.windows.common-controls_6595b64144ccf1df_6.0.18362.836_none_e6c4b943130f18ed;C:\Program Files\Java\jdk-11.0.6\bin\server

VM Arguments:
jvm_args: -Dfile.encoding=UTF-8 
java_command: hotelmanagementsystem.AddCustomer
java_class_path (initial): C:\Users\rk565\Desktop\mysql-connector-java-8.0.20.jar;C:\Users\rk565\Desktop\jar file\rs2xml.jar;C:\Users\rk565\Documents\NetBeansProjects\HotelManagementSystem\build\classes
Launcher Type: SUN_STANDARD

[Global flags]
     intx CICompilerCount                          = 4                                         {product} {ergonomic}
     uint ConcGCThreads                            = 2                                         {product} {ergonomic}
     uint G1ConcRefinementThreads                  = 8                                         {product} {ergonomic}
   size_t G1HeapRegionSize                         = 1048576                                   {product} {ergonomic}
    uintx GCDrainStackTargetSize                   = 64                                        {product} {ergonomic}
   size_t InitialHeapSize                          = 132120576                                 {product} {ergonomic}
   size_t MarkStackSize                            = 4194304                                   {product} {ergonomic}
   size_t MaxHeapSize                              = 2109734912                                {product} {ergonomic}
   size_t MaxNewSize                               = 1265631232                                {product} {ergonomic}
   size_t MinHeapDeltaBytes                        = 1048576                                   {product} {ergonomic}
    uintx NonNMethodCodeHeapSize                   = 5836300                                {pd product} {ergonomic}
    uintx NonProfiledCodeHeapSize                  = 122910970                              {pd product} {ergonomic}
    uintx ProfiledCodeHeapSize                     = 122910970                              {pd product} {ergonomic}
    uintx ReservedCodeCacheSize                    = 251658240                              {pd product} {ergonomic}
     bool SegmentedCodeCache                       = true                                      {product} {ergonomic}
     bool UseCompressedClassPointers               = true                                 {lp64_product} {ergonomic}
     bool UseCompressedOops                        = true                                 {lp64_product} {ergonomic}
     bool UseG1GC                                  = true                                      {product} {ergonomic}
     bool UseLargePagesIndividualAllocation        = false                                  {pd product} {ergonomic}

Logging:
Log output configuration:
 #0: stdout all=warning uptime,level,tags
 #1: stderr all=off uptime,level,tags

Environment Variables:
JAVA_HOME=C:\Program Files\Java\jdk-11.0.6
PATH=C:\Program Files (x86)\Common Files\Oracle\Java\javapath;C:\Windows\system32;C:\Windows;C:\Windows\System32\Wbem;C:\Windows\System32\WindowsPowerShell\v1.0\C:;C:\Windows\System32\OpenSSH\;C:\Program Files (x86)\NVIDIA Corporation\PhysX\Common;C:\Program Files\Intel\WiFi\bin\;C:\Program Files\Common Files\Intel\WirelessCommon\;C:\Program Files\Java;C:\Program Files\Java\jdk-11.0.6\bin;C:\Program Files\MySQL\MySQL Server 5.5\bin;C:\Users\rk565\AppData\Local\Microsoft\WindowsApps;C:\Users\rk565\AppData\Local\atom\bin
USERNAME=rk565
OS=Windows_NT
PROCESSOR_IDENTIFIER=Intel64 Family 6 Model 142 Stepping 12, GenuineIntel



---------------  S Y S T E M  ---------------

OS: Windows 10 , 64 bit Build 18362 (10.0.18362.778)

CPU:total 8 (initial active 8) (4 cores per cpu, 2 threads per core) family 6 model 142 stepping 12, cmov, cx8, fxsr, mmx, sse, sse2, sse3, ssse3, sse4.1, sse4.2, popcnt, avx, avx2, aes, clmul, erms, 3dnowpref, lzcnt, ht, tsc, tscinvbit, bmi1, bmi2, adx, fma

Memory: 4k page, system-wide physical 8043M (2564M free)
TotalPageFile size 20843M (AvailPageFile size 2M)
current process WorkingSet (physical memory assigned to process): 97M, peak: 104M
current process commit charge ("private bytes"): 232M, peak: 239M

vm_info: Java HotSpot(TM) 64-Bit Server VM (11.0.6+8-LTS) for windows-amd64 JRE (11.0.6+8-LTS), built on Dec 11 2019 09:17:57 by "mach5one" with MS VC++ 15.5 (VS2017)

END.
