#
# There is insufficient memory for the Java Runtime Environment to continue.
# Native memory allocation (mmap) failed to map 132120576 bytes for Failed to commit area from 0x0000000082400000 to 0x000000008a200000 of length 132120576.
# Possible reasons:
#   The system is out of physical RAM or swap space
#   The process is running with CompressedOops enabled, and the Java Heap may be blocking the growth of the native heap
# Possible solutions:
#   Reduce memory load on the system
#   Increase physical memory or swap space
#   Check if swap backing store is full
#   Decrease Java heap size (-Xmx/-Xms)
#   Decrease number of Java threads
#   Decrease Java thread stack sizes (-Xss)
#   Set larger code cache with -XX:ReservedCodeCacheSize=
# This output file may be truncated or incomplete.
#
#  Out of Memory Error (t:/workspace/open/src/hotspot/os/windows/os_windows.cpp:3271), pid=11296, tid=14820
#
# JRE version:  (11.0.6+8) (build )
# Java VM: Java HotSpot(TM) 64-Bit Server VM (11.0.6+8-LTS, mixed mode, sharing, tiered, compressed oops, g1 gc, windows-amd64)
# No core dump will be written. Minidumps are not enabled by default on client versions of Windows
#

---------------  S U M M A R Y ------------

Command Line: -Dfile.encoding=UTF-8 hotelmanagementsystem.AddCustomer

Host: Intel(R) Core(TM) i5-8265U CPU @ 1.60GHz, 8 cores, 7G,  Windows 10 , 64 bit Build 18362 (10.0.18362.778)
Time: Sun May 24 06:57:51 2020 India Standard Time elapsed time: 0 seconds (0d 0h 0m 0s)

---------------  T H R E A D  ---------------

Current thread (0x0000024a33f81000):  JavaThread "Unknown thread" [_thread_in_vm, id=14820, stack(0x0000005592100000,0x0000005592200000)]

Stack: [0x0000005592100000,0x0000005592200000]
Native frames: (J=compiled Java code, j=interpreted, Vv=VM code, C=native code)
V  [jvm.dll+0x63679a]
V  [jvm.dll+0x7755bf]
V  [jvm.dll+0x776c65]
V  [jvm.dll+0x7772d3]
V  [jvm.dll+0x25e7f8]
V  [jvm.dll+0x633c4a]
V  [jvm.dll+0x628625]
V  [jvm.dll+0x314a7c]
V  [jvm.dll+0x314902]
V  [jvm.dll+0x31a176]
V  [jvm.dll+0x36650f]
V  [jvm.dll+0x365f30]
V  [jvm.dll+0x2f1a78]
V  [jvm.dll+0x2f2bf6]
V  [jvm.dll+0x74e707]
V  [jvm.dll+0x74fe7f]
V  [jvm.dll+0x373349]
V  [jvm.dll+0x734e5e]
V  [jvm.dll+0x3e2b5d]
V  [jvm.dll+0x3e4ef1]
C  [java.exe+0x3607]
C  [java.exe+0x178dc]
C  [KERNEL32.DLL+0x17bd4]
C  [ntdll.dll+0x6ce51]


---------------  P R O C E S S  ---------------

Threads class SMR info:
_java_thread_list=0x0000024a31ea6ce0, length=0, elements={
}

Java Threads: ( => current thread )

Other Threads:
  0x0000024a33f97800 GCTaskThread "GC Thread#0" [stack: 0x0000005592200000,0x0000005592300000] [id=16020]
  0x0000024a33fc8800 ConcurrentGCThread "G1 Main Marker" [stack: 0x0000005592300000,0x0000005592400000] [id=19268]
  0x0000024a33fca800 ConcurrentGCThread "G1 Conc#0" [stack: 0x0000005592400000,0x0000005592500000] [id=15676]

[error occurred during error reporting (printing all threads), id 0xc0000005, EXCEPTION_ACCESS_VIOLATION (0xc0000005) at pc=0x00007ff892b00207]

VM state:not at safepoint (not fully initialized)

VM Mutex/Monitor currently owned by a thread:  ([mutex/lock_event])
[0x0000024a33f7f500] Heap_lock - owner thread: 0x0000024a33f81000

Heap address: 0x0000000082400000, size: 2012 MB, Compressed Oops mode: Non-zero based: 0x0000000082400000
Narrow klass base: 0x0000000000000000, Narrow klass shift: 0

GC Heap History (0 events):
No events

Deoptimization events (0 events):
No events

Classes redefined (0 events):
No events

Internal exceptions (0 events):
No events

Events (0 events):
No events


Dynamic libraries:
0x00007ff7bdec0000 - 0x00007ff7bdf07000 	C:\Program Files\Java\jdk-11.0.6\bin\java.exe
0x00007ff8c7160000 - 0x00007ff8c7350000 	C:\Windows\SYSTEM32\ntdll.dll
0x00007ff8c69f0000 - 0x00007ff8c6aa2000 	C:\Windows\System32\KERNEL32.DLL
0x00007ff8c4de0000 - 0x00007ff8c5084000 	C:\Windows\System32\KERNELBASE.dll
0x00007ff8c6390000 - 0x00007ff8c6433000 	C:\Windows\System32\ADVAPI32.dll
0x00007ff8c7020000 - 0x00007ff8c70be000 	C:\Windows\System32\msvcrt.dll
0x00007ff8c5830000 - 0x00007ff8c58c7000 	C:\Windows\System32\sechost.dll
0x00007ff8c64c0000 - 0x00007ff8c65e0000 	C:\Windows\System32\RPCRT4.dll
0x00007ff8c6e80000 - 0x00007ff8c7014000 	C:\Windows\System32\USER32.dll
0x00007ff8c4aa0000 - 0x00007ff8c4ac1000 	C:\Windows\System32\win32u.dll
0x00007ff8c6db0000 - 0x00007ff8c6dd6000 	C:\Windows\System32\GDI32.dll
0x00007ff8c4bc0000 - 0x00007ff8c4d54000 	C:\Windows\System32\gdi32full.dll
0x00007ff8c4ad0000 - 0x00007ff8c4b6e000 	C:\Windows\System32\msvcp_win.dll
0x00007ff8c5090000 - 0x00007ff8c518a000 	C:\Windows\System32\ucrtbase.dll
0x00007ff8b5510000 - 0x00007ff8b5794000 	C:\Windows\WinSxS\amd64_microsoft.windows.common-controls_6595b64144ccf1df_6.0.18362.836_none_e6c4b943130f18ed\COMCTL32.dll
0x00007ff8c66b0000 - 0x00007ff8c69e6000 	C:\Windows\System32\combase.dll
0x00007ff8be1c0000 - 0x00007ff8be1ca000 	C:\Windows\SYSTEM32\VERSION.dll
0x00007ff8c5190000 - 0x00007ff8c5210000 	C:\Windows\System32\bcryptPrimitives.dll
0x00007ff8c6100000 - 0x00007ff8c612e000 	C:\Windows\System32\IMM32.DLL
0x00007ff8acc70000 - 0x00007ff8acc86000 	C:\Program Files\Java\jdk-11.0.6\bin\vcruntime140.dll
0x00007ff896c40000 - 0x00007ff896cea000 	C:\Program Files\Java\jdk-11.0.6\bin\msvcp140.dll
0x00007ff892800000 - 0x00007ff893329000 	C:\Program Files\Java\jdk-11.0.6\bin\server\jvm.dll
0x00007ff8c6e70000 - 0x00007ff8c6e78000 	C:\Windows\System32\PSAPI.DLL
0x00007ff8b3630000 - 0x00007ff8b3639000 	C:\Windows\SYSTEM32\WSOCK32.dll
0x00007ff8c1de0000 - 0x00007ff8c1e04000 	C:\Windows\SYSTEM32\WINMM.dll
0x00007ff8c6d40000 - 0x00007ff8c6daf000 	C:\Windows\System32\WS2_32.dll
0x00007ff8c1cf0000 - 0x00007ff8c1d1d000 	C:\Windows\SYSTEM32\winmmbase.dll
0x00007ff8c4b70000 - 0x00007ff8c4bba000 	C:\Windows\System32\cfgmgr32.dll
0x00007ff8c4060000 - 0x00007ff8c4071000 	C:\Windows\System32\kernel.appcore.dll
0x00007ff8a7cd0000 - 0x00007ff8a7ce1000 	C:\Program Files\Java\jdk-11.0.6\bin\verify.dll
0x00007ff8c2950000 - 0x00007ff8c2b44000 	C:\Windows\SYSTEM32\DBGHELP.DLL
0x00007ff8b1e20000 - 0x00007ff8b1e4a000 	C:\Windows\SYSTEM32\dbgcore.DLL
0x00007ff8a7d20000 - 0x00007ff8a7d49000 	C:\Program Files\Java\jdk-11.0.6\bin\java.dll
0x00007ff8a7cb0000 - 0x00007ff8a7cc6000 	C:\Program Files\Java\jdk-11.0.6\bin\zip.dll
0x00007ff8b1c90000 - 0x00007ff8b1c9a000 	C:\Program Files\Java\jdk-11.0.6\bin\jimage.dll

dbghelp: loaded successfully - version: 4.0.5 - missing functions: none
symbol engine: initialized successfully - sym options: 0x614 - pdb path: .;C:\Program Files\Java\jdk-11.0.6\bin;C:\Windows\SYSTEM32;C:\Windows\WinSxS\amd64_microsoft.windows.common-controls_6595b64144ccf1df_6.0.18362.836_none_e6c4b943130f18ed;C:\Program Files\Java\jdk-11.0.6\bin\server

VM Arguments:
jvm_args: -Dfile.encoding=UTF-8 
java_command: hotelmanagementsystem.AddCustomer
java_class_path (initial): C:\Users\rk565\Desktop\mysql-connector-java-8.0.20.jar;C:\Users\rk565\Desktop\jar file\rs2xml.jar;C:\Users\rk565\Documents\NetBeansProjects\HotelManagementSystem\build\classes
Launcher Type: SUN_STANDARD

[Global flags]
     intx CICompilerCount                          = 4                                         {product} {ergonomic}
     uint ConcGCThreads                            = 2                                         {product} {ergonomic}
     uint G1ConcRefinementThreads                  = 8                                         {product} {ergonomic}
   size_t G1HeapRegionSize                         = 1048576                                   {product} {ergonomic}
    uintx GCDrainStackTargetSize                   = 64                                        {product} {ergonomic}
   size_t InitialHeapSize                          = 132120576                                 {product} {ergonomic}
   size_t MarkStackSize                            = 4194304                                   {product} {ergonomic}
   size_t MaxHeapSize                              = 2109734912                                {product} {ergonomic}
   size_t MinHeapDeltaBytes                        = 1048576                                   {product} {ergonomic}
    uintx NonNMethodCodeHeapSize                   = 5836300                                {pd product} {ergonomic}
    uintx NonProfiledCodeHeapSize                  = 122910970                              {pd product} {ergonomic}
    uintx ProfiledCodeHeapSize                     = 122910970                              {pd product} {ergonomic}
    uintx ReservedCodeCacheSize                    = 251658240                              {pd product} {ergonomic}
     bool SegmentedCodeCache                       = true                                      {product} {ergonomic}
     bool UseCompressedClassPointers               = true                                 {lp64_product} {ergonomic}
     bool UseCompressedOops                        = true                                 {lp64_product} {ergonomic}
     bool UseG1GC                                  = true                                      {product} {ergonomic}
     bool UseLargePagesIndividualAllocation        = false                                  {pd product} {ergonomic}

Logging:
Log output configuration:
 #0: stdout all=warning uptime,level,tags
 #1: stderr all=off uptime,level,tags

Environment Variables:
JAVA_HOME=C:\Program Files\Java\jdk-11.0.6
PATH=C:\Program Files (x86)\Common Files\Oracle\Java\javapath;C:\Windows\system32;C:\Windows;C:\Windows\System32\Wbem;C:\Windows\System32\WindowsPowerShell\v1.0\C:;C:\Windows\System32\OpenSSH\;C:\Program Files (x86)\NVIDIA Corporation\PhysX\Common;C:\Program Files\Intel\WiFi\bin\;C:\Program Files\Common Files\Intel\WirelessCommon\;C:\Program Files\Java;C:\Program Files\Java\jdk-11.0.6\bin;C:\Program Files\MySQL\MySQL Server 5.5\bin;C:\Users\rk565\AppData\Local\Microsoft\WindowsApps;C:\Users\rk565\AppData\Local\atom\bin
USERNAME=rk565
OS=Windows_NT
PROCESSOR_IDENTIFIER=Intel64 Family 6 Model 142 Stepping 12, GenuineIntel



---------------  S Y S T E M  ---------------

OS: Windows 10 , 64 bit Build 18362 (10.0.18362.778)

CPU:total 8 (initial active 8) (4 cores per cpu, 2 threads per core) family 6 model 142 stepping 12, cmov, cx8, fxsr, mmx, sse, sse2, sse3, ssse3, sse4.1, sse4.2, popcnt, avx, avx2, aes, clmul, erms, 3dnowpref, lzcnt, ht, tsc, tscinvbit, bmi1, bmi2, adx, fma

Memory: 4k page, system-wide physical 8043M (2615M free)
TotalPageFile size 20843M (AvailPageFile size 106M)
current process WorkingSet (physical memory assigned to process): 9M, peak: 9M
current process commit charge ("private bytes"): 60M, peak: 186M

vm_info: Java HotSpot(TM) 64-Bit Server VM (11.0.6+8-LTS) for windows-amd64 JRE (11.0.6+8-LTS), built on Dec 11 2019 09:17:57 by "mach5one" with MS VC++ 15.5 (VS2017)

END.
