#
# There is insufficient memory for the Java Runtime Environment to continue.
# Native memory allocation (malloc) failed to allocate 294896 bytes for Chunk::new
# Possible reasons:
#   The system is out of physical RAM or swap space
#   The process is running with CompressedOops enabled, and the Java Heap may be blocking the growth of the native heap
# Possible solutions:
#   Reduce memory load on the system
#   Increase physical memory or swap space
#   Check if swap backing store is full
#   Decrease Java heap size (-Xmx/-Xms)
#   Decrease number of Java threads
#   Decrease Java thread stack sizes (-Xss)
#   Set larger code cache with -XX:ReservedCodeCacheSize=
#   JVM is running with Unscaled Compressed Oops mode in which the Java heap is
#     placed in the first 4GB address space. The Java Heap base address is the
#     maximum limit for the native heap growth. Please use -XX:HeapBaseMinAddress
#     to set the Java Heap base and to place the Java Heap above 4GB virtual address.
# This output file may be truncated or incomplete.
#
#  Out of Memory Error (t:/workspace/open/src/hotspot/share/memory/arena.cpp:197), pid=18220, tid=16064
#
# JRE version: Java(TM) SE Runtime Environment (11.0.6+8) (build 11.0.6+8-LTS)
# Java VM: Java HotSpot(TM) 64-Bit Server VM (11.0.6+8-LTS, mixed mode, tiered, compressed oops, g1 gc, windows-amd64)
# No core dump will be written. Minidumps are not enabled by default on client versions of Windows
#

---------------  S U M M A R Y ------------

Command Line: -Dfile.encoding=UTF-8 hotelmanagementsystem.AddCustomer

Host: Intel(R) Core(TM) i5-8265U CPU @ 1.60GHz, 8 cores, 7G,  Windows 10 , 64 bit Build 18362 (10.0.18362.778)
Time: Sun May 24 07:00:21 2020 India Standard Time elapsed time: 0 seconds (0d 0h 0m 0s)

---------------  T H R E A D  ---------------

Current thread (0x0000026106351800):  JavaThread "C2 CompilerThread1" daemon [_thread_in_native, id=16064, stack(0x000000a01d100000,0x000000a01d200000)]


Current CompileTask:
C2:    413  896 %     4       java.util.Properties$LineReader::readLine @ 224 (584 bytes)

Stack: [0x000000a01d100000,0x000000a01d200000]
Native frames: (J=compiled Java code, j=interpreted, Vv=VM code, C=native code)
V  [jvm.dll+0x63679a]
V  [jvm.dll+0x7755bf]
V  [jvm.dll+0x776c65]
V  [jvm.dll+0x7772d3]
V  [jvm.dll+0x25e7f8]
V  [jvm.dll+0xc1c01]
V  [jvm.dll+0xc219c]
V  [jvm.dll+0x36d932]
V  [jvm.dll+0x33a7b3]
V  [jvm.dll+0x339b8a]
V  [jvm.dll+0x218355]
V  [jvm.dll+0x2174fa]
V  [jvm.dll+0x193a2c]
V  [jvm.dll+0x226544]
V  [jvm.dll+0x224b28]
V  [jvm.dll+0x73a9c5]
V  [jvm.dll+0x733905]
V  [jvm.dll+0x635846]
C  [ucrtbase.dll+0x20e82]
C  [KERNEL32.DLL+0x17bd4]
C  [ntdll.dll+0x6ce51]


---------------  P R O C E S S  ---------------

Threads class SMR info:
_java_thread_list=0x00000261071edc40, length=16, elements={
0x0000026164040000, 0x000002617ed0e000, 0x000002617ed0f000, 0x000002617f682800,
0x000002617f683800, 0x000002617ed26000, 0x000002617ed29000, 0x000002617ed2d800,
0x000002617f7f9000, 0x000002617f7ee000, 0x0000026106008800, 0x0000026105fd1000,
0x0000026105fee000, 0x0000026106351800, 0x0000026105fcd800, 0x0000026107405000
}

Java Threads: ( => current thread )
  0x0000026164040000 JavaThread "main" [_thread_blocked, id=19084, stack(0x000000a01bd00000,0x000000a01be00000)]
  0x000002617ed0e000 JavaThread "Reference Handler" daemon [_thread_blocked, id=8344, stack(0x000000a01c400000,0x000000a01c500000)]
  0x000002617ed0f000 JavaThread "Finalizer" daemon [_thread_blocked, id=1084, stack(0x000000a01c500000,0x000000a01c600000)]
  0x000002617f682800 JavaThread "Signal Dispatcher" daemon [_thread_blocked, id=3248, stack(0x000000a01c600000,0x000000a01c700000)]
  0x000002617f683800 JavaThread "Attach Listener" daemon [_thread_blocked, id=15804, stack(0x000000a01c700000,0x000000a01c800000)]
  0x000002617ed26000 JavaThread "C2 CompilerThread0" daemon [_thread_in_native, id=5008, stack(0x000000a01c800000,0x000000a01c900000)]
  0x000002617ed29000 JavaThread "C1 CompilerThread0" daemon [_thread_blocked, id=1544, stack(0x000000a01c900000,0x000000a01ca00000)]
  0x000002617ed2d800 JavaThread "Sweeper thread" daemon [_thread_blocked, id=19028, stack(0x000000a01ca00000,0x000000a01cb00000)]
  0x000002617f7f9000 JavaThread "Service Thread" daemon [_thread_blocked, id=19176, stack(0x000000a01cb00000,0x000000a01cc00000)]
  0x000002617f7ee000 JavaThread "Common-Cleaner" daemon [_thread_blocked, id=13176, stack(0x000000a01cd00000,0x000000a01ce00000)]
  0x0000026106008800 JavaThread "Java2D Disposer" daemon [_thread_blocked, id=15172, stack(0x000000a01ce00000,0x000000a01cf00000)]
  0x0000026105fd1000 JavaThread "AWT-Shutdown" [_thread_blocked, id=8572, stack(0x000000a01cf00000,0x000000a01d000000)]
  0x0000026105fee000 JavaThread "AWT-Windows" daemon [_thread_in_native, id=8912, stack(0x000000a01d000000,0x000000a01d100000)]
=>0x0000026106351800 JavaThread "C2 CompilerThread1" daemon [_thread_in_native, id=16064, stack(0x000000a01d100000,0x000000a01d200000)]
  0x0000026105fcd800 JavaThread "AWT-EventQueue-0" [_thread_blocked, id=6528, stack(0x000000a01d200000,0x000000a01d300000)]
  0x0000026107405000 JavaThread "mysql-cj-abandoned-connection-cleanup" daemon [_thread_blocked, id=980, stack(0x000000a01d300000,0x000000a01d400000)]

Other Threads:
  0x000002617eceb800 VMThread "VM Thread" [stack: 0x000000a01c300000,0x000000a01c400000] [id=17764]
  0x000002617f7e9000 WatcherThread [stack: 0x000000a01cc00000,0x000000a01cd00000] [id=18996]
  0x0000026164056000 GCTaskThread "GC Thread#0" [stack: 0x000000a01be00000,0x000000a01bf00000] [id=5560]
  0x0000026164085800 ConcurrentGCThread "G1 Main Marker" [stack: 0x000000a01bf00000,0x000000a01c000000] [id=13564]
  0x0000026164088800 ConcurrentGCThread "G1 Conc#0" [stack: 0x000000a01c000000,0x000000a01c100000] [id=4264]
  0x000002617eb54800 ConcurrentGCThread "G1 Refine#0" [stack: 0x000000a01c100000,0x000000a01c200000] [id=13724]
  0x000002616411e000 ConcurrentGCThread "G1 Young RemSet Sampling" [stack: 0x000000a01c200000,0x000000a01c300000] [id=11576]

Threads with active compile tasks:
C2 CompilerThread0 919 %     4       java.util.zip.ZipFile$Source::hashN @ 2 (26 bytes)
C1 CompilerThread0 925       3       java.lang.ClassLoader::findBootstrapClassOrNull (16 bytes)
C2 CompilerThread1 896 %     4       java.util.Properties$LineReader::readLine @ 224 (584 bytes)

VM state:at safepoint (normal execution)

VM Mutex/Monitor currently owned by a thread:  ([mutex/lock_event])
[0x000002616403df10] Threads_lock - owner thread: 0x000002617eceb800
[0x000002616403e1e0] Heap_lock - owner thread: 0x0000026164040000

Heap address: 0x0000000082400000, size: 2012 MB, Compressed Oops mode: 32-bit
Narrow klass base: 0x0000000000000000, Narrow klass shift: 3
Compressed class space size: 1073741824 Address: 0x0000000100000000

Heap:
 garbage-first heap   total 129024K, used 13823K [0x0000000082400000, 0x0000000100000000)
  region size 1024K, 15 young (15360K), 1 survivors (1024K)
 Metaspace       used 16703K, capacity 17114K, committed 17152K, reserved 1081344K
  class space    used 1842K, capacity 2028K, committed 2048K, reserved 1048576K
Heap Regions: E=young(eden), S=young(survivor), O=old, HS=humongous(starts), HC=humongous(continues), CS=collection set, F=free, A=archive, TAMS=top-at-mark-start (previous, next)
|   0|0x0000000082400000, 0x0000000082400000, 0x0000000082500000|  0%| F|  |TAMS 0x0000000082400000, 0x0000000082400000| Untracked 
|   1|0x0000000082500000, 0x0000000082500000, 0x0000000082600000|  0%| F|  |TAMS 0x0000000082500000, 0x0000000082500000| Untracked 
|   2|0x0000000082600000, 0x0000000082600000, 0x0000000082700000|  0%| F|  |TAMS 0x0000000082600000, 0x0000000082600000| Untracked 
|   3|0x0000000082700000, 0x0000000082700000, 0x0000000082800000|  0%| F|  |TAMS 0x0000000082700000, 0x0000000082700000| Untracked 
|   4|0x0000000082800000, 0x0000000082800000, 0x0000000082900000|  0%| F|  |TAMS 0x0000000082800000, 0x0000000082800000| Untracked 
|   5|0x0000000082900000, 0x0000000082900000, 0x0000000082a00000|  0%| F|  |TAMS 0x0000000082900000, 0x0000000082900000| Untracked 
|   6|0x0000000082a00000, 0x0000000082a00000, 0x0000000082b00000|  0%| F|  |TAMS 0x0000000082a00000, 0x0000000082a00000| Untracked 
|   7|0x0000000082b00000, 0x0000000082b00000, 0x0000000082c00000|  0%| F|  |TAMS 0x0000000082b00000, 0x0000000082b00000| Untracked 
|   8|0x0000000082c00000, 0x0000000082c00000, 0x0000000082d00000|  0%| F|  |TAMS 0x0000000082c00000, 0x0000000082c00000| Untracked 
|   9|0x0000000082d00000, 0x0000000082d00000, 0x0000000082e00000|  0%| F|  |TAMS 0x0000000082d00000, 0x0000000082d00000| Untracked 
|  10|0x0000000082e00000, 0x0000000082e00000, 0x0000000082f00000|  0%| F|  |TAMS 0x0000000082e00000, 0x0000000082e00000| Untracked 
|  11|0x0000000082f00000, 0x0000000082f00000, 0x0000000083000000|  0%| F|  |TAMS 0x0000000082f00000, 0x0000000082f00000| Untracked 
|  12|0x0000000083000000, 0x0000000083000000, 0x0000000083100000|  0%| F|  |TAMS 0x0000000083000000, 0x0000000083000000| Untracked 
|  13|0x0000000083100000, 0x0000000083100000, 0x0000000083200000|  0%| F|  |TAMS 0x0000000083100000, 0x0000000083100000| Untracked 
|  14|0x0000000083200000, 0x0000000083200000, 0x0000000083300000|  0%| F|  |TAMS 0x0000000083200000, 0x0000000083200000| Untracked 
|  15|0x0000000083300000, 0x0000000083300000, 0x0000000083400000|  0%| F|  |TAMS 0x0000000083300000, 0x0000000083300000| Untracked 
|  16|0x0000000083400000, 0x0000000083400000, 0x0000000083500000|  0%| F|  |TAMS 0x0000000083400000, 0x0000000083400000| Untracked 
|  17|0x0000000083500000, 0x0000000083500000, 0x0000000083600000|  0%| F|  |TAMS 0x0000000083500000, 0x0000000083500000| Untracked 
|  18|0x0000000083600000, 0x0000000083600000, 0x0000000083700000|  0%| F|  |TAMS 0x0000000083600000, 0x0000000083600000| Untracked 
|  19|0x0000000083700000, 0x0000000083700000, 0x0000000083800000|  0%| F|  |TAMS 0x0000000083700000, 0x0000000083700000| Untracked 
|  20|0x0000000083800000, 0x0000000083800000, 0x0000000083900000|  0%| F|  |TAMS 0x0000000083800000, 0x0000000083800000| Untracked 
|  21|0x0000000083900000, 0x0000000083900000, 0x0000000083a00000|  0%| F|  |TAMS 0x0000000083900000, 0x0000000083900000| Untracked 
|  22|0x0000000083a00000, 0x0000000083a00000, 0x0000000083b00000|  0%| F|  |TAMS 0x0000000083a00000, 0x0000000083a00000| Untracked 
|  23|0x0000000083b00000, 0x0000000083b00000, 0x0000000083c00000|  0%| F|  |TAMS 0x0000000083b00000, 0x0000000083b00000| Untracked 
|  24|0x0000000083c00000, 0x0000000083c00000, 0x0000000083d00000|  0%| F|  |TAMS 0x0000000083c00000, 0x0000000083c00000| Untracked 
|  25|0x0000000083d00000, 0x0000000083d00000, 0x0000000083e00000|  0%| F|  |TAMS 0x0000000083d00000, 0x0000000083d00000| Untracked 
|  26|0x0000000083e00000, 0x0000000083e00000, 0x0000000083f00000|  0%| F|  |TAMS 0x0000000083e00000, 0x0000000083e00000| Untracked 
|  27|0x0000000083f00000, 0x0000000083f00000, 0x0000000084000000|  0%| F|  |TAMS 0x0000000083f00000, 0x0000000083f00000| Untracked 
|  28|0x0000000084000000, 0x0000000084000000, 0x0000000084100000|  0%| F|  |TAMS 0x0000000084000000, 0x0000000084000000| Untracked 
|  29|0x0000000084100000, 0x0000000084100000, 0x0000000084200000|  0%| F|  |TAMS 0x0000000084100000, 0x0000000084100000| Untracked 
|  30|0x0000000084200000, 0x0000000084200000, 0x0000000084300000|  0%| F|  |TAMS 0x0000000084200000, 0x0000000084200000| Untracked 
|  31|0x0000000084300000, 0x0000000084300000, 0x0000000084400000|  0%| F|  |TAMS 0x0000000084300000, 0x0000000084300000| Untracked 
|  32|0x0000000084400000, 0x0000000084400000, 0x0000000084500000|  0%| F|  |TAMS 0x0000000084400000, 0x0000000084400000| Untracked 
|  33|0x0000000084500000, 0x0000000084500000, 0x0000000084600000|  0%| F|  |TAMS 0x0000000084500000, 0x0000000084500000| Untracked 
|  34|0x0000000084600000, 0x0000000084600000, 0x0000000084700000|  0%| F|  |TAMS 0x0000000084600000, 0x0000000084600000| Untracked 
|  35|0x0000000084700000, 0x0000000084700000, 0x0000000084800000|  0%| F|  |TAMS 0x0000000084700000, 0x0000000084700000| Untracked 
|  36|0x0000000084800000, 0x0000000084800000, 0x0000000084900000|  0%| F|  |TAMS 0x0000000084800000, 0x0000000084800000| Untracked 
|  37|0x0000000084900000, 0x0000000084900000, 0x0000000084a00000|  0%| F|  |TAMS 0x0000000084900000, 0x0000000084900000| Untracked 
|  38|0x0000000084a00000, 0x0000000084a00000, 0x0000000084b00000|  0%| F|  |TAMS 0x0000000084a00000, 0x0000000084a00000| Untracked 
|  39|0x0000000084b00000, 0x0000000084b00000, 0x0000000084c00000|  0%| F|  |TAMS 0x0000000084b00000, 0x0000000084b00000| Untracked 
|  40|0x0000000084c00000, 0x0000000084c00000, 0x0000000084d00000|  0%| F|  |TAMS 0x0000000084c00000, 0x0000000084c00000| Untracked 
|  41|0x0000000084d00000, 0x0000000084d00000, 0x0000000084e00000|  0%| F|  |TAMS 0x0000000084d00000, 0x0000000084d00000| Untracked 
|  42|0x0000000084e00000, 0x0000000084e00000, 0x0000000084f00000|  0%| F|  |TAMS 0x0000000084e00000, 0x0000000084e00000| Untracked 
|  43|0x0000000084f00000, 0x0000000084f00000, 0x0000000085000000|  0%| F|  |TAMS 0x0000000084f00000, 0x0000000084f00000| Untracked 
|  44|0x0000000085000000, 0x0000000085000000, 0x0000000085100000|  0%| F|  |TAMS 0x0000000085000000, 0x0000000085000000| Untracked 
|  45|0x0000000085100000, 0x0000000085100000, 0x0000000085200000|  0%| F|  |TAMS 0x0000000085100000, 0x0000000085100000| Untracked 
|  46|0x0000000085200000, 0x0000000085200000, 0x0000000085300000|  0%| F|  |TAMS 0x0000000085200000, 0x0000000085200000| Untracked 
|  47|0x0000000085300000, 0x0000000085300000, 0x0000000085400000|  0%| F|  |TAMS 0x0000000085300000, 0x0000000085300000| Untracked 
|  48|0x0000000085400000, 0x0000000085400000, 0x0000000085500000|  0%| F|  |TAMS 0x0000000085400000, 0x0000000085400000| Untracked 
|  49|0x0000000085500000, 0x0000000085500000, 0x0000000085600000|  0%| F|  |TAMS 0x0000000085500000, 0x0000000085500000| Untracked 
|  50|0x0000000085600000, 0x0000000085600000, 0x0000000085700000|  0%| F|  |TAMS 0x0000000085600000, 0x0000000085600000| Untracked 
|  51|0x0000000085700000, 0x0000000085700000, 0x0000000085800000|  0%| F|  |TAMS 0x0000000085700000, 0x0000000085700000| Untracked 
|  52|0x0000000085800000, 0x0000000085800000, 0x0000000085900000|  0%| F|  |TAMS 0x0000000085800000, 0x0000000085800000| Untracked 
|  53|0x0000000085900000, 0x0000000085900000, 0x0000000085a00000|  0%| F|  |TAMS 0x0000000085900000, 0x0000000085900000| Untracked 
|  54|0x0000000085a00000, 0x0000000085a00000, 0x0000000085b00000|  0%| F|  |TAMS 0x0000000085a00000, 0x0000000085a00000| Untracked 
|  55|0x0000000085b00000, 0x0000000085b00000, 0x0000000085c00000|  0%| F|  |TAMS 0x0000000085b00000, 0x0000000085b00000| Untracked 
|  56|0x0000000085c00000, 0x0000000085c00000, 0x0000000085d00000|  0%| F|  |TAMS 0x0000000085c00000, 0x0000000085c00000| Untracked 
|  57|0x0000000085d00000, 0x0000000085d00000, 0x0000000085e00000|  0%| F|  |TAMS 0x0000000085d00000, 0x0000000085d00000| Untracked 
|  58|0x0000000085e00000, 0x0000000085e00000, 0x0000000085f00000|  0%| F|  |TAMS 0x0000000085e00000, 0x0000000085e00000| Untracked 
|  59|0x0000000085f00000, 0x0000000085f00000, 0x0000000086000000|  0%| F|  |TAMS 0x0000000085f00000, 0x0000000085f00000| Untracked 
|  60|0x0000000086000000, 0x0000000086000000, 0x0000000086100000|  0%| F|  |TAMS 0x0000000086000000, 0x0000000086000000| Untracked 
|  61|0x0000000086100000, 0x0000000086100000, 0x0000000086200000|  0%| F|  |TAMS 0x0000000086100000, 0x0000000086100000| Untracked 
|  62|0x0000000086200000, 0x0000000086200000, 0x0000000086300000|  0%| F|  |TAMS 0x0000000086200000, 0x0000000086200000| Untracked 
|  63|0x0000000086300000, 0x0000000086300000, 0x0000000086400000|  0%| F|  |TAMS 0x0000000086300000, 0x0000000086300000| Untracked 
|  64|0x0000000086400000, 0x0000000086400000, 0x0000000086500000|  0%| F|  |TAMS 0x0000000086400000, 0x0000000086400000| Untracked 
|  65|0x0000000086500000, 0x0000000086500000, 0x0000000086600000|  0%| F|  |TAMS 0x0000000086500000, 0x0000000086500000| Untracked 
|  66|0x0000000086600000, 0x0000000086600000, 0x0000000086700000|  0%| F|  |TAMS 0x0000000086600000, 0x0000000086600000| Untracked 
|  67|0x0000000086700000, 0x0000000086700000, 0x0000000086800000|  0%| F|  |TAMS 0x0000000086700000, 0x0000000086700000| Untracked 
|  68|0x0000000086800000, 0x0000000086800000, 0x0000000086900000|  0%| F|  |TAMS 0x0000000086800000, 0x0000000086800000| Untracked 
|  69|0x0000000086900000, 0x0000000086900000, 0x0000000086a00000|  0%| F|  |TAMS 0x0000000086900000, 0x0000000086900000| Untracked 
|  70|0x0000000086a00000, 0x0000000086a00000, 0x0000000086b00000|  0%| F|  |TAMS 0x0000000086a00000, 0x0000000086a00000| Untracked 
|  71|0x0000000086b00000, 0x0000000086b00000, 0x0000000086c00000|  0%| F|  |TAMS 0x0000000086b00000, 0x0000000086b00000| Untracked 
|  72|0x0000000086c00000, 0x0000000086c00000, 0x0000000086d00000|  0%| F|  |TAMS 0x0000000086c00000, 0x0000000086c00000| Untracked 
|  73|0x0000000086d00000, 0x0000000086d00000, 0x0000000086e00000|  0%| F|  |TAMS 0x0000000086d00000, 0x0000000086d00000| Untracked 
|  74|0x0000000086e00000, 0x0000000086e00000, 0x0000000086f00000|  0%| F|  |TAMS 0x0000000086e00000, 0x0000000086e00000| Untracked 
|  75|0x0000000086f00000, 0x0000000086f00000, 0x0000000087000000|  0%| F|  |TAMS 0x0000000086f00000, 0x0000000086f00000| Untracked 
|  76|0x0000000087000000, 0x0000000087000000, 0x0000000087100000|  0%| F|  |TAMS 0x0000000087000000, 0x0000000087000000| Untracked 
|  77|0x0000000087100000, 0x0000000087100000, 0x0000000087200000|  0%| F|  |TAMS 0x0000000087100000, 0x0000000087100000| Untracked 
|  78|0x0000000087200000, 0x0000000087200000, 0x0000000087300000|  0%| F|  |TAMS 0x0000000087200000, 0x0000000087200000| Untracked 
|  79|0x0000000087300000, 0x0000000087300000, 0x0000000087400000|  0%| F|  |TAMS 0x0000000087300000, 0x0000000087300000| Untracked 
|  80|0x0000000087400000, 0x0000000087400000, 0x0000000087500000|  0%| F|  |TAMS 0x0000000087400000, 0x0000000087400000| Untracked 
|  81|0x0000000087500000, 0x0000000087500000, 0x0000000087600000|  0%| F|  |TAMS 0x0000000087500000, 0x0000000087500000| Untracked 
|  82|0x0000000087600000, 0x0000000087600000, 0x0000000087700000|  0%| F|  |TAMS 0x0000000087600000, 0x0000000087600000| Untracked 
|  83|0x0000000087700000, 0x0000000087700000, 0x0000000087800000|  0%| F|  |TAMS 0x0000000087700000, 0x0000000087700000| Untracked 
|  84|0x0000000087800000, 0x0000000087800000, 0x0000000087900000|  0%| F|  |TAMS 0x0000000087800000, 0x0000000087800000| Untracked 
|  85|0x0000000087900000, 0x0000000087900000, 0x0000000087a00000|  0%| F|  |TAMS 0x0000000087900000, 0x0000000087900000| Untracked 
|  86|0x0000000087a00000, 0x0000000087a00000, 0x0000000087b00000|  0%| F|  |TAMS 0x0000000087a00000, 0x0000000087a00000| Untracked 
|  87|0x0000000087b00000, 0x0000000087b00000, 0x0000000087c00000|  0%| F|  |TAMS 0x0000000087b00000, 0x0000000087b00000| Untracked 
|  88|0x0000000087c00000, 0x0000000087c00000, 0x0000000087d00000|  0%| F|  |TAMS 0x0000000087c00000, 0x0000000087c00000| Untracked 
|  89|0x0000000087d00000, 0x0000000087d00000, 0x0000000087e00000|  0%| F|  |TAMS 0x0000000087d00000, 0x0000000087d00000| Untracked 
|  90|0x0000000087e00000, 0x0000000087e00000, 0x0000000087f00000|  0%| F|  |TAMS 0x0000000087e00000, 0x0000000087e00000| Untracked 
|  91|0x0000000087f00000, 0x0000000087f00000, 0x0000000088000000|  0%| F|  |TAMS 0x0000000087f00000, 0x0000000087f00000| Untracked 
|  92|0x0000000088000000, 0x0000000088000000, 0x0000000088100000|  0%| F|  |TAMS 0x0000000088000000, 0x0000000088000000| Untracked 
|  93|0x0000000088100000, 0x0000000088100000, 0x0000000088200000|  0%| F|  |TAMS 0x0000000088100000, 0x0000000088100000| Untracked 
|  94|0x0000000088200000, 0x0000000088200000, 0x0000000088300000|  0%| F|  |TAMS 0x0000000088200000, 0x0000000088200000| Untracked 
|  95|0x0000000088300000, 0x0000000088300000, 0x0000000088400000|  0%| F|  |TAMS 0x0000000088300000, 0x0000000088300000| Untracked 
|  96|0x0000000088400000, 0x0000000088400000, 0x0000000088500000|  0%| F|  |TAMS 0x0000000088400000, 0x0000000088400000| Untracked 
|  97|0x0000000088500000, 0x0000000088500000, 0x0000000088600000|  0%| F|  |TAMS 0x0000000088500000, 0x0000000088500000| Untracked 
|  98|0x0000000088600000, 0x0000000088600000, 0x0000000088700000|  0%| F|  |TAMS 0x0000000088600000, 0x0000000088600000| Untracked 
|  99|0x0000000088700000, 0x0000000088700000, 0x0000000088800000|  0%| F|  |TAMS 0x0000000088700000, 0x0000000088700000| Untracked 
| 100|0x0000000088800000, 0x0000000088800000, 0x0000000088900000|  0%| F|  |TAMS 0x0000000088800000, 0x0000000088800000| Untracked 
| 101|0x0000000088900000, 0x0000000088900000, 0x0000000088a00000|  0%| F|  |TAMS 0x0000000088900000, 0x0000000088900000| Untracked 
| 102|0x0000000088a00000, 0x0000000088a00000, 0x0000000088b00000|  0%| F|  |TAMS 0x0000000088a00000, 0x0000000088a00000| Untracked 
| 103|0x0000000088b00000, 0x0000000088b00000, 0x0000000088c00000|  0%| F|  |TAMS 0x0000000088b00000, 0x0000000088b00000| Untracked 
| 104|0x0000000088c00000, 0x0000000088c00000, 0x0000000088d00000|  0%| F|  |TAMS 0x0000000088c00000, 0x0000000088c00000| Untracked 
| 105|0x0000000088d00000, 0x0000000088d00000, 0x0000000088e00000|  0%| F|  |TAMS 0x0000000088d00000, 0x0000000088d00000| Untracked 
| 106|0x0000000088e00000, 0x0000000088e00000, 0x0000000088f00000|  0%| F|  |TAMS 0x0000000088e00000, 0x0000000088e00000| Untracked 
| 107|0x0000000088f00000, 0x0000000088f00000, 0x0000000089000000|  0%| F|  |TAMS 0x0000000088f00000, 0x0000000088f00000| Untracked 
| 108|0x0000000089000000, 0x0000000089000000, 0x0000000089100000|  0%| F|  |TAMS 0x0000000089000000, 0x0000000089000000| Untracked 
| 109|0x0000000089100000, 0x0000000089100000, 0x0000000089200000|  0%| F|  |TAMS 0x0000000089100000, 0x0000000089100000| Untracked 
| 110|0x0000000089200000, 0x00000000892c0000, 0x0000000089300000| 75%| S|  |TAMS 0x0000000089200000, 0x0000000089200000| Complete 
| 111|0x0000000089300000, 0x0000000089400000, 0x0000000089400000|100%| S|  |TAMS 0x0000000089300000, 0x0000000089300000| Complete 
| 112|0x0000000089400000, 0x000000008947feb0, 0x0000000089500000| 49%| E|CS|TAMS 0x0000000089400000, 0x000000008947feb0| Complete 
| 113|0x0000000089500000, 0x0000000089600000, 0x0000000089600000|100%| E|CS|TAMS 0x0000000089500000, 0x0000000089600000| Complete 
| 114|0x0000000089600000, 0x0000000089700000, 0x0000000089700000|100%| E|CS|TAMS 0x0000000089600000, 0x0000000089700000| Complete 
| 115|0x0000000089700000, 0x0000000089800000, 0x0000000089800000|100%| E|CS|TAMS 0x0000000089700000, 0x0000000089800000| Complete 
| 116|0x0000000089800000, 0x0000000089900000, 0x0000000089900000|100%| E|CS|TAMS 0x0000000089800000, 0x0000000089900000| Complete 
| 117|0x0000000089900000, 0x0000000089a00000, 0x0000000089a00000|100%| E|CS|TAMS 0x0000000089900000, 0x0000000089a00000| Complete 
| 118|0x0000000089a00000, 0x0000000089b00000, 0x0000000089b00000|100%| E|CS|TAMS 0x0000000089a00000, 0x0000000089b00000| Complete 
| 119|0x0000000089b00000, 0x0000000089c00000, 0x0000000089c00000|100%| E|CS|TAMS 0x0000000089b00000, 0x0000000089c00000| Complete 
| 120|0x0000000089c00000, 0x0000000089d00000, 0x0000000089d00000|100%| E|CS|TAMS 0x0000000089c00000, 0x0000000089d00000| Complete 
| 121|0x0000000089d00000, 0x0000000089e00000, 0x0000000089e00000|100%| E|CS|TAMS 0x0000000089d00000, 0x0000000089e00000| Complete 
| 122|0x0000000089e00000, 0x0000000089f00000, 0x0000000089f00000|100%| E|CS|TAMS 0x0000000089e00000, 0x0000000089f00000| Complete 
| 123|0x0000000089f00000, 0x000000008a000000, 0x000000008a000000|100%| E|CS|TAMS 0x0000000089f00000, 0x000000008a000000| Complete 
| 124|0x000000008a000000, 0x000000008a100000, 0x000000008a100000|100%| E|CS|TAMS 0x000000008a000000, 0x000000008a100000| Complete 
| 125|0x000000008a100000, 0x000000008a200000, 0x000000008a200000|100%| E|CS|TAMS 0x000000008a100000, 0x000000008a200000| Complete 

Card table byte_map: [0x000002617da50000,0x000002617de40000] _byte_map_base: 0x000002617d63e000

Marking Bits (Prev, Next): (CMBitMap*) 0x000002616407d168, (CMBitMap*) 0x000002616407d1a0
 Prev Bits: [0x0000026100000000, 0x0000026101f70000)
 Next Bits: [0x0000026101f70000, 0x0000026103ee0000)

Polling page: 0x0000026163ed0000

Metaspace:

Usage:
  Non-class:     14.73 MB capacity,    14.51 MB ( 99%) used,   181.76 KB (  1%) free+waste,    42.88 KB ( <1%) overhead. 
      Class:      1.98 MB capacity,     1.80 MB ( 91%) used,   162.88 KB (  8%) free+waste,    22.81 KB (  1%) overhead. 
       Both:     16.71 MB capacity,    16.31 MB ( 98%) used,   344.63 KB (  2%) free+waste,    65.69 KB ( <1%) overhead. 

Virtual space:
  Non-class space:       32.00 MB reserved,      14.75 MB ( 46%) committed 
      Class space:        1.00 GB reserved,       2.00 MB ( <1%) committed 
             Both:        1.03 GB reserved,      16.75 MB (  2%) committed 

Chunk freelists:
   Non-Class:  2.25 KB
       Class:  2.50 KB
        Both:  4.75 KB

CodeHeap 'non-profiled nmethods': size=120000Kb used=321Kb max_used=321Kb free=119679Kb
 bounds [0x00000261756d0000, 0x0000026175940000, 0x000002617cc00000]
CodeHeap 'profiled nmethods': size=120000Kb used=1623Kb max_used=1623Kb free=118377Kb
 bounds [0x000002616e1a0000, 0x000002616e410000, 0x00000261756d0000]
CodeHeap 'non-nmethods': size=5760Kb used=1176Kb max_used=1183Kb free=4583Kb
 bounds [0x000002616dc00000, 0x000002616de70000, 0x000002616e1a0000]
 total_blobs=1609 nmethods=921 adapters=443
 compilation: enabled
              stopped_count=0, restarted_count=0
 full_count=0

Compilation events (10 events):
Event: 0.407 Thread 0x000002617ed29000  900       3       java.util.zip.ZipFile::ensureOpen (38 bytes)
Event: 0.407 Thread 0x000002617ed29000 nmethod 900 0x000002616e325e90 code [0x000002616e326080, 0x000002616e326400]
Event: 0.407 Thread 0x000002617ed26000  902       4       java.util.concurrent.ConcurrentHashMap::setTabAt (20 bytes)
Event: 0.408 Thread 0x000002617ed26000 nmethod 902 0x0000026175720110 code [0x00000261757202a0, 0x00000261757203b8]
Event: 0.410 Thread 0x000002617ed29000  904       3       java.lang.String::concat (116 bytes)
Event: 0.410 Thread 0x000002617ed29000 nmethod 904 0x000002616e326510 code [0x000002616e3267a0, 0x000002616e3273f0]
Event: 0.410 Thread 0x000002617ed29000  903       3       java.lang.String::substring (68 bytes)
Event: 0.410 Thread 0x000002617ed29000 nmethod 903 0x000002616e327890 code [0x000002616e327ae0, 0x000002616e328280]
Event: 0.410 Thread 0x000002617ed29000  905   !   3       com.mysql.cj.conf.DefaultPropertySet::getProperty (52 bytes)
Event: 0.411 Thread 0x000002617ed29000 nmethod 905 0x000002616e328510 code [0x000002616e328720, 0x000002616e328e50]

GC Heap History (0 events):
No events

Deoptimization events (3 events):
Event: 0.058 Thread 0x0000026164040000 Uncommon trap: reason=unstable_if action=reinterpret pc=0x00000261756d5690 method=java.lang.String.hashCode()I @ 14 c2
Event: 0.311 Thread 0x0000026164040000 Uncommon trap: reason=unstable_if action=reinterpret pc=0x00000261756f85a8 method=jdk.internal.org.objectweb.asm.Type.getArgumentsAndReturnSizes(Ljava/lang/String;)I @ 88 c2
Event: 0.312 Thread 0x0000026164040000 Uncommon trap: reason=unstable_if action=reinterpret pc=0x0000026175707194 method=jdk.internal.org.objectweb.asm.Frame.execute(IILjdk/internal/org/objectweb/asm/ClassWriter;Ljdk/internal/org/objectweb/asm/Item;)V @ 1 c2

Classes redefined (0 events):
No events

Internal exceptions (10 events):
Event: 0.192 Thread 0x0000026164040000 Exception <a 'java/lang/NoSuchMethodError'{0x0000000089eb3588}: java.lang.invoke.DirectMethodHandle$Holder.invokeStatic(Ljava/lang/Object;Ljava/lang/Object;Ljava/lang/Object;Ljava/lang/Object;Ljava/lang/Object;Ljava/lang/Object;Ljava/lang/Object;Ljava/lan
Event: 0.193 Thread 0x0000026164040000 Exception <a 'java/lang/NoSuchMethodError'{0x0000000089ecd4e0}: java.lang.invoke.DirectMethodHandle$Holder.invokeStatic(Ljava/lang/Object;Ljava/lang/Object;Ljava/lang/Object;Ljava/lang/Object;Ljava/lang/Object;Ljava/lang/Object;Ljava/lang/Object;Ljava/lan
Event: 0.221 Thread 0x0000026164040000 Exception <a 'java/lang/NoSuchMethodError'{0x0000000089c69180}: java.lang.invoke.DirectMethodHandle$Holder.invokeStatic(Ljava/lang/Object;ILjava/lang/Object;Ljava/lang/Object;Ljava/lang/Object;Ljava/lang/Object;)Ljava/lang/Object;> (0x0000000089c69180) th
Event: 0.221 Thread 0x0000026164040000 Exception <a 'java/lang/NoSuchMethodError'{0x0000000089c70240}: java.lang.invoke.DirectMethodHandle$Holder.invokeStatic(Ljava/lang/Object;ILjava/lang/Object;Ljava/lang/Object;Ljava/lang/Object;)Ljava/lang/Object;> (0x0000000089c70240) thrown at [t:/worksp
Event: 0.222 Thread 0x0000026164040000 Exception <a 'java/lang/NoSuchMethodError'{0x0000000089c73d80}: java.lang.invoke.DirectMethodHandle$Holder.invokeSpecial(Ljava/lang/Object;Ljava/lang/Object;ILjava/lang/Object;Ljava/lang/Object;Ljava/lang/Object;)Ljava/lang/Object;> (0x0000000089c73d80) t
Event: 0.223 Thread 0x0000026164040000 Exception <a 'java/lang/NoSuchMethodError'{0x0000000089c8b8a8}: java.lang.invoke.DirectMethodHandle$Holder.invokeStatic(Ljava/lang/Object;ILjava/lang/Object;)Ljava/lang/Object;> (0x0000000089c8b8a8) thrown at [t:/workspace/open/src/hotspot/share/interpret
Event: 0.236 Thread 0x0000026164040000 Exception <a 'java/lang/ClassNotFoundException'{0x0000000089b364a8}: com/sun/swing/internal/plaf/metal/resources/spi/metalProvider> (0x0000000089b364a8) thrown at [t:/workspace/open/src/hotspot/share/classfile/systemDictionary.cpp, line 231]
Event: 0.237 Thread 0x0000026164040000 Exception <a 'java/lang/ClassNotFoundException'{0x0000000089b3a718}: com/sun/swing/internal/plaf/basic/resources/spi/basicProvider> (0x0000000089b3a718) thrown at [t:/workspace/open/src/hotspot/share/classfile/systemDictionary.cpp, line 231]
Event: 0.312 Thread 0x0000026164040000 Exception <a 'java/lang/NoSuchMethodError'{0x0000000089946108}: java.lang.invoke.DirectMethodHandle$Holder.invokeSpecialIFC(Ljava/lang/Object;Ljava/lang/Object;I)I> (0x0000000089946108) thrown at [t:/workspace/open/src/hotspot/share/interpreter/linkResolv
Event: 0.344 Thread 0x0000026164040000 Exception <a 'java/lang/NoSuchMethodError'{0x0000000089864d88}: java.lang.invoke.DirectMethodHandle$Holder.invokeVirtual(Ljava/lang/Object;Ljava/lang/Object;Ljava/lang/Object;)Ljava/lang/Object;> (0x0000000089864d88) thrown at [t:/workspace/open/src/hotsp

Events (10 events):
Event: 0.410 loading class com/mysql/cj/log/BaseMetricsHolder
Event: 0.410 loading class com/mysql/cj/log/BaseMetricsHolder done
Event: 0.410 loading class com/mysql/cj/protocol/a/NativePacketPayload
Event: 0.410 loading class com/mysql/cj/protocol/a/NativePacketPayload done
Event: 0.411 loading class com/mysql/cj/protocol/a/SimplePacketSender
Event: 0.411 loading class com/mysql/cj/protocol/a/SimplePacketSender done
Event: 0.411 loading class com/mysql/cj/protocol/a/SimplePacketReader
Event: 0.411 loading class com/mysql/cj/protocol/a/SimplePacketReader done
Event: 0.411 loading class com/mysql/cj/protocol/a/NativeAuthenticationProvider
Event: 0.411 loading class com/mysql/cj/protocol/a/NativeAuthenticationProvider done


Dynamic libraries:
0x00007ff7bdec0000 - 0x00007ff7bdf07000 	C:\Program Files\Java\jdk-11.0.6\bin\java.exe
0x00007ff8c7160000 - 0x00007ff8c7350000 	C:\Windows\SYSTEM32\ntdll.dll
0x00007ff8c69f0000 - 0x00007ff8c6aa2000 	C:\Windows\System32\KERNEL32.DLL
0x00007ff8c4de0000 - 0x00007ff8c5084000 	C:\Windows\System32\KERNELBASE.dll
0x00007ff8c6390000 - 0x00007ff8c6433000 	C:\Windows\System32\ADVAPI32.dll
0x00007ff8c7020000 - 0x00007ff8c70be000 	C:\Windows\System32\msvcrt.dll
0x00007ff8c5830000 - 0x00007ff8c58c7000 	C:\Windows\System32\sechost.dll
0x00007ff8c64c0000 - 0x00007ff8c65e0000 	C:\Windows\System32\RPCRT4.dll
0x00007ff8c6e80000 - 0x00007ff8c7014000 	C:\Windows\System32\USER32.dll
0x00007ff8c4aa0000 - 0x00007ff8c4ac1000 	C:\Windows\System32\win32u.dll
0x00007ff8c6db0000 - 0x00007ff8c6dd6000 	C:\Windows\System32\GDI32.dll
0x00007ff8c4bc0000 - 0x00007ff8c4d54000 	C:\Windows\System32\gdi32full.dll
0x00007ff8c4ad0000 - 0x00007ff8c4b6e000 	C:\Windows\System32\msvcp_win.dll
0x00007ff8c5090000 - 0x00007ff8c518a000 	C:\Windows\System32\ucrtbase.dll
0x00007ff8b5510000 - 0x00007ff8b5794000 	C:\Windows\WinSxS\amd64_microsoft.windows.common-controls_6595b64144ccf1df_6.0.18362.836_none_e6c4b943130f18ed\COMCTL32.dll
0x00007ff8be1c0000 - 0x00007ff8be1ca000 	C:\Windows\SYSTEM32\VERSION.dll
0x00007ff8c66b0000 - 0x00007ff8c69e6000 	C:\Windows\System32\combase.dll
0x00007ff8c5190000 - 0x00007ff8c5210000 	C:\Windows\System32\bcryptPrimitives.dll
0x00007ff8c6100000 - 0x00007ff8c612e000 	C:\Windows\System32\IMM32.DLL
0x00007ff8acc70000 - 0x00007ff8acc86000 	C:\Program Files\Java\jdk-11.0.6\bin\vcruntime140.dll
0x00007ff896c40000 - 0x00007ff896cea000 	C:\Program Files\Java\jdk-11.0.6\bin\msvcp140.dll
0x00007ff892800000 - 0x00007ff893329000 	C:\Program Files\Java\jdk-11.0.6\bin\server\jvm.dll
0x00007ff8c6e70000 - 0x00007ff8c6e78000 	C:\Windows\System32\PSAPI.DLL
0x00007ff8c1de0000 - 0x00007ff8c1e04000 	C:\Windows\SYSTEM32\WINMM.dll
0x00007ff8b3630000 - 0x00007ff8b3639000 	C:\Windows\SYSTEM32\WSOCK32.dll
0x00007ff8c6d40000 - 0x00007ff8c6daf000 	C:\Windows\System32\WS2_32.dll
0x00007ff8c1cf0000 - 0x00007ff8c1d1d000 	C:\Windows\SYSTEM32\winmmbase.dll
0x00007ff8c4b70000 - 0x00007ff8c4bba000 	C:\Windows\System32\cfgmgr32.dll
0x00007ff8c4060000 - 0x00007ff8c4071000 	C:\Windows\System32\kernel.appcore.dll
0x00007ff8a7cd0000 - 0x00007ff8a7ce1000 	C:\Program Files\Java\jdk-11.0.6\bin\verify.dll
0x00007ff8c2950000 - 0x00007ff8c2b44000 	C:\Windows\SYSTEM32\DBGHELP.DLL
0x00007ff8b1e20000 - 0x00007ff8b1e4a000 	C:\Windows\SYSTEM32\dbgcore.DLL
0x00007ff8a7d20000 - 0x00007ff8a7d49000 	C:\Program Files\Java\jdk-11.0.6\bin\java.dll
0x00007ff8a7cb0000 - 0x00007ff8a7cc6000 	C:\Program Files\Java\jdk-11.0.6\bin\zip.dll
0x00007ff8b1c90000 - 0x00007ff8b1c9a000 	C:\Program Files\Java\jdk-11.0.6\bin\jimage.dll
0x00007ff8c59a0000 - 0x00007ff8c6084000 	C:\Windows\System32\SHELL32.dll
0x00007ff8c6c90000 - 0x00007ff8c6d39000 	C:\Windows\System32\shcore.dll
0x00007ff8c4320000 - 0x00007ff8c4a9e000 	C:\Windows\System32\windows.storage.dll
0x00007ff8c4030000 - 0x00007ff8c4053000 	C:\Windows\System32\profapi.dll
0x00007ff8c4080000 - 0x00007ff8c40ca000 	C:\Windows\System32\powrprof.dll
0x00007ff8c4020000 - 0x00007ff8c4030000 	C:\Windows\System32\UMPDC.dll
0x00007ff8c6c30000 - 0x00007ff8c6c82000 	C:\Windows\System32\shlwapi.dll
0x00007ff8c4dc0000 - 0x00007ff8c4dd7000 	C:\Windows\System32\cryptsp.dll
0x00007ff8a7c90000 - 0x00007ff8a7ca9000 	C:\Program Files\Java\jdk-11.0.6\bin\net.dll
0x00007ff8b4ff0000 - 0x00007ff8b50e0000 	C:\Windows\SYSTEM32\WINHTTP.dll
0x00007ff8c3890000 - 0x00007ff8c38f7000 	C:\Windows\system32\mswsock.dll
0x00007ff8a04f0000 - 0x00007ff8a0503000 	C:\Program Files\Java\jdk-11.0.6\bin\nio.dll
0x00007ff896cf0000 - 0x00007ff896e8f000 	C:\Program Files\Java\jdk-11.0.6\bin\awt.dll
0x00007ff8c65e0000 - 0x00007ff8c66a4000 	C:\Windows\System32\OLEAUT32.dll
0x00007ff8c1d20000 - 0x00007ff8c1daf000 	C:\Windows\SYSTEM32\apphelp.dll
0x00007ff8c2420000 - 0x00007ff8c244d000 	C:\Windows\system32\DWMAPI.DLL
0x00007ff8c1ff0000 - 0x00007ff8c2089000 	C:\Windows\system32\uxtheme.dll
0x00007ff8b5ee0000 - 0x00007ff8b6036000 	C:\Windows\system32\opengl32.dll
0x00007ff8bd120000 - 0x00007ff8bd14c000 	C:\Windows\SYSTEM32\GLU32.dll
0x00007ff8c2c90000 - 0x00007ff8c2cb0000 	C:\Windows\SYSTEM32\dxcore.dll
0x00007ff8c6130000 - 0x00007ff8c6266000 	C:\Windows\System32\MSCTF.dll
0x00007ff8c6ad0000 - 0x00007ff8c6c27000 	C:\Windows\System32\ole32.dll
0x00007ff8c35e0000 - 0x00007ff8c36ab000 	C:\Windows\SYSTEM32\DNSAPI.dll
0x00007ff8c6de0000 - 0x00007ff8c6de8000 	C:\Windows\System32\NSI.dll
0x00007ff8c35a0000 - 0x00007ff8c35da000 	C:\Windows\SYSTEM32\IPHLPAPI.DLL
0x00007ff8b4b70000 - 0x00007ff8b4b7a000 	C:\Windows\System32\rasadhlp.dll
0x00007ff8b50e0000 - 0x00007ff8b5157000 	C:\Windows\System32\fwpuclnt.dll
0x00007ff8c42f0000 - 0x00007ff8c4316000 	C:\Windows\System32\bcrypt.dll

dbghelp: loaded successfully - version: 4.0.5 - missing functions: none
symbol engine: initialized successfully - sym options: 0x614 - pdb path: .;C:\Program Files\Java\jdk-11.0.6\bin;C:\Windows\SYSTEM32;C:\Windows\WinSxS\amd64_microsoft.windows.common-controls_6595b64144ccf1df_6.0.18362.836_none_e6c4b943130f18ed;C:\Program Files\Java\jdk-11.0.6\bin\server

VM Arguments:
jvm_args: -Dfile.encoding=UTF-8 
java_command: hotelmanagementsystem.AddCustomer
java_class_path (initial): C:\Users\rk565\Desktop\mysql-connector-java-8.0.20.jar;C:\Users\rk565\Desktop\jar file\rs2xml.jar;C:\Users\rk565\Documents\NetBeansProjects\HotelManagementSystem\build\classes
Launcher Type: SUN_STANDARD

[Global flags]
     intx CICompilerCount                          = 4                                         {product} {ergonomic}
     uint ConcGCThreads                            = 2                                         {product} {ergonomic}
     uint G1ConcRefinementThreads                  = 8                                         {product} {ergonomic}
   size_t G1HeapRegionSize                         = 1048576                                   {product} {ergonomic}
    uintx GCDrainStackTargetSize                   = 64                                        {product} {ergonomic}
   size_t InitialHeapSize                          = 132120576                                 {product} {ergonomic}
   size_t MarkStackSize                            = 4194304                                   {product} {ergonomic}
   size_t MaxHeapSize                              = 2109734912                                {product} {ergonomic}
   size_t MaxNewSize                               = 1265631232                                {product} {ergonomic}
   size_t MinHeapDeltaBytes                        = 1048576                                   {product} {ergonomic}
    uintx NonNMethodCodeHeapSize                   = 5836300                                {pd product} {ergonomic}
    uintx NonProfiledCodeHeapSize                  = 122910970                              {pd product} {ergonomic}
    uintx ProfiledCodeHeapSize                     = 122910970                              {pd product} {ergonomic}
    uintx ReservedCodeCacheSize                    = 251658240                              {pd product} {ergonomic}
     bool SegmentedCodeCache                       = true                                      {product} {ergonomic}
     bool UseCompressedClassPointers               = true                                 {lp64_product} {ergonomic}
     bool UseCompressedOops                        = true                                 {lp64_product} {ergonomic}
     bool UseG1GC                                  = true                                      {product} {ergonomic}
     bool UseLargePagesIndividualAllocation        = false                                  {pd product} {ergonomic}

Logging:
Log output configuration:
 #0: stdout all=warning uptime,level,tags
 #1: stderr all=off uptime,level,tags

Environment Variables:
JAVA_HOME=C:\Program Files\Java\jdk-11.0.6
PATH=C:\Program Files (x86)\Common Files\Oracle\Java\javapath;C:\Windows\system32;C:\Windows;C:\Windows\System32\Wbem;C:\Windows\System32\WindowsPowerShell\v1.0\C:;C:\Windows\System32\OpenSSH\;C:\Program Files (x86)\NVIDIA Corporation\PhysX\Common;C:\Program Files\Intel\WiFi\bin\;C:\Program Files\Common Files\Intel\WirelessCommon\;C:\Program Files\Java;C:\Program Files\Java\jdk-11.0.6\bin;C:\Program Files\MySQL\MySQL Server 5.5\bin;C:\Users\rk565\AppData\Local\Microsoft\WindowsApps;C:\Users\rk565\AppData\Local\atom\bin
USERNAME=rk565
OS=Windows_NT
PROCESSOR_IDENTIFIER=Intel64 Family 6 Model 142 Stepping 12, GenuineIntel



---------------  S Y S T E M  ---------------

OS: Windows 10 , 64 bit Build 18362 (10.0.18362.778)

CPU:total 8 (initial active 8) (4 cores per cpu, 2 threads per core) family 6 model 142 stepping 12, cmov, cx8, fxsr, mmx, sse, sse2, sse3, ssse3, sse4.1, sse4.2, popcnt, avx, avx2, aes, clmul, erms, 3dnowpref, lzcnt, ht, tsc, tscinvbit, bmi1, bmi2, adx, fma

Memory: 4k page, system-wide physical 8043M (2574M free)
TotalPageFile size 20843M (AvailPageFile size 5M)
current process WorkingSet (physical memory assigned to process): 77M, peak: 77M
current process commit charge ("private bytes"): 228M, peak: 229M

vm_info: Java HotSpot(TM) 64-Bit Server VM (11.0.6+8-LTS) for windows-amd64 JRE (11.0.6+8-LTS), built on Dec 11 2019 09:17:57 by "mach5one" with MS VC++ 15.5 (VS2017)

END.
