#
# There is insufficient memory for the Java Runtime Environment to continue.
# Native memory allocation (malloc) failed to allocate 583536 bytes for Chunk::new
# Possible reasons:
#   The system is out of physical RAM or swap space
#   The process is running with CompressedOops enabled, and the Java Heap may be blocking the growth of the native heap
# Possible solutions:
#   Reduce memory load on the system
#   Increase physical memory or swap space
#   Check if swap backing store is full
#   Decrease Java heap size (-Xmx/-Xms)
#   Decrease number of Java threads
#   Decrease Java thread stack sizes (-Xss)
#   Set larger code cache with -XX:ReservedCodeCacheSize=
#   JVM is running with Unscaled Compressed Oops mode in which the Java heap is
#     placed in the first 4GB address space. The Java Heap base address is the
#     maximum limit for the native heap growth. Please use -XX:HeapBaseMinAddress
#     to set the Java Heap base and to place the Java Heap above 4GB virtual address.
# This output file may be truncated or incomplete.
#
#  Out of Memory Error (t:/workspace/open/src/hotspot/share/memory/arena.cpp:197), pid=2564, tid=18796
#
# JRE version: Java(TM) SE Runtime Environment (11.0.6+8) (build 11.0.6+8-LTS)
# Java VM: Java HotSpot(TM) 64-Bit Server VM (11.0.6+8-LTS, mixed mode, tiered, compressed oops, g1 gc, windows-amd64)
# No core dump will be written. Minidumps are not enabled by default on client versions of Windows
#

---------------  S U M M A R Y ------------

Command Line: -Dfile.encoding=UTF-8 hotelmanagementsystem.AddCustomer

Host: Intel(R) Core(TM) i5-8265U CPU @ 1.60GHz, 8 cores, 7G,  Windows 10 , 64 bit Build 18362 (10.0.18362.778)
Time: Sun May 24 06:51:54 2020 India Standard Time elapsed time: 0 seconds (0d 0h 0m 0s)

---------------  T H R E A D  ---------------

Current thread (0x0000024e31bb6000):  JavaThread "C2 CompilerThread0" daemon [_thread_in_native, id=18796, stack(0x000000f82ed00000,0x000000f82ee00000)]


Current CompileTask:
C2:    255  499       4       jdk.internal.org.objectweb.asm.Frame::execute (2264 bytes)

Stack: [0x000000f82ed00000,0x000000f82ee00000]
Native frames: (J=compiled Java code, j=interpreted, Vv=VM code, C=native code)
V  [jvm.dll+0x63679a]
V  [jvm.dll+0x7755bf]
V  [jvm.dll+0x776c65]
V  [jvm.dll+0x7772d3]
V  [jvm.dll+0x25e7f8]
V  [jvm.dll+0xc1c01]
V  [jvm.dll+0xc219c]
V  [jvm.dll+0x2cf424]
V  [jvm.dll+0x552d3f]
V  [jvm.dll+0x21a49f]
V  [jvm.dll+0x2173d6]
V  [jvm.dll+0x193a2c]
V  [jvm.dll+0x226544]
V  [jvm.dll+0x224b28]
V  [jvm.dll+0x73a9c5]
V  [jvm.dll+0x733905]
V  [jvm.dll+0x635846]
C  [ucrtbase.dll+0x20e82]
C  [KERNEL32.DLL+0x17bd4]
C  [ntdll.dll+0x6ce51]


---------------  P R O C E S S  ---------------

Threads class SMR info:
_java_thread_list=0x0000024e32a65f40, length=14, elements={
0x0000024e12fe0000, 0x0000024e31b9c000, 0x0000024e31ba5800, 0x0000024e32512800,
0x0000024e31bb2800, 0x0000024e31bb6000, 0x0000024e31bc4000, 0x0000024e31bca000,
0x0000024e3266e000, 0x0000024e32689800, 0x0000024e329bf800, 0x0000024e32a59800,
0x0000024e32a6f800, 0x0000024e32c2e000
}

Java Threads: ( => current thread )
  0x0000024e12fe0000 JavaThread "main" [_thread_blocked, id=7712, stack(0x000000f82e200000,0x000000f82e300000)]
  0x0000024e31b9c000 JavaThread "Reference Handler" daemon [_thread_blocked, id=15068, stack(0x000000f82e900000,0x000000f82ea00000)]
  0x0000024e31ba5800 JavaThread "Finalizer" daemon [_thread_blocked, id=4132, stack(0x000000f82ea00000,0x000000f82eb00000)]
  0x0000024e32512800 JavaThread "Signal Dispatcher" daemon [_thread_blocked, id=14344, stack(0x000000f82eb00000,0x000000f82ec00000)]
  0x0000024e31bb2800 JavaThread "Attach Listener" daemon [_thread_blocked, id=18732, stack(0x000000f82ec00000,0x000000f82ed00000)]
=>0x0000024e31bb6000 JavaThread "C2 CompilerThread0" daemon [_thread_in_native, id=18796, stack(0x000000f82ed00000,0x000000f82ee00000)]
  0x0000024e31bc4000 JavaThread "C1 CompilerThread0" daemon [_thread_blocked, id=17328, stack(0x000000f82ee00000,0x000000f82ef00000)]
  0x0000024e31bca000 JavaThread "Sweeper thread" daemon [_thread_blocked, id=8968, stack(0x000000f82ef00000,0x000000f82f000000)]
  0x0000024e3266e000 JavaThread "Service Thread" daemon [_thread_blocked, id=4068, stack(0x000000f82f000000,0x000000f82f100000)]
  0x0000024e32689800 JavaThread "Common-Cleaner" daemon [_thread_blocked, id=12396, stack(0x000000f82f200000,0x000000f82f300000)]
  0x0000024e329bf800 JavaThread "Java2D Disposer" daemon [_thread_blocked, id=17596, stack(0x000000f82f300000,0x000000f82f400000)]
  0x0000024e32a59800 JavaThread "AWT-Shutdown" [_thread_blocked, id=17604, stack(0x000000f82f400000,0x000000f82f500000)]
  0x0000024e32a6f800 JavaThread "AWT-Windows" daemon [_thread_in_native, id=17612, stack(0x000000f82f500000,0x000000f82f600000)]
  0x0000024e32c2e000 JavaThread "C2 CompilerThread1" daemon [_thread_in_native, id=17632, stack(0x000000f82f600000,0x000000f82f700000)]

Other Threads:
  0x0000024e31b79800 VMThread "VM Thread" [stack: 0x000000f82e800000,0x000000f82e900000] [id=4840]
  0x0000024e32675000 WatcherThread [stack: 0x000000f82f100000,0x000000f82f200000] [id=16888]
  0x0000024e12ff7000 GCTaskThread "GC Thread#0" [stack: 0x000000f82e300000,0x000000f82e400000] [id=19300]
  0x0000024e32c2e800 GCTaskThread "GC Thread#1" [stack: 0x000000f82f700000,0x000000f82f800000] [id=14920]
  0x0000024e13027000 ConcurrentGCThread "G1 Main Marker" [stack: 0x000000f82e400000,0x000000f82e500000] [id=19108]
  0x0000024e1302c800 ConcurrentGCThread "G1 Conc#0" [stack: 0x000000f82e500000,0x000000f82e600000] [id=19104]
  0x0000024e319e2800 ConcurrentGCThread "G1 Refine#0" [stack: 0x000000f82e600000,0x000000f82e700000] [id=19280]
  0x0000024e319e3000 ConcurrentGCThread "G1 Young RemSet Sampling" [stack: 0x000000f82e700000,0x000000f82e800000] [id=19276]

Threads with active compile tasks:
C2 CompilerThread0 499       4       jdk.internal.org.objectweb.asm.Frame::execute (2264 bytes)
C2 CompilerThread1 587       4       jdk.internal.org.objectweb.asm.ClassWriter::newUTF8 (70 bytes)

VM state:at safepoint (normal execution)

VM Mutex/Monitor currently owned by a thread:  ([mutex/lock_event])
[0x0000024e12fdcbe0] FreeList_lock - owner thread: 0x0000000000000000
[0x0000024e12fdf4b0] Threads_lock - owner thread: 0x0000024e31b79800
[0x0000024e12fde340] Heap_lock - owner thread: 0x0000024e12fe0000

Heap address: 0x0000000082400000, size: 2012 MB, Compressed Oops mode: 32-bit
Narrow klass base: 0x0000000000000000, Narrow klass shift: 3
Compressed class space size: 1073741824 Address: 0x0000000100000000

Heap:
 garbage-first heap   total 129024K, used 1748K [0x0000000082400000, 0x0000000100000000)
  region size 1024K, 2 young (2048K), 2 survivors (2048K)
 Metaspace       used 11291K, capacity 11627K, committed 11904K, reserved 1064960K
  class space    used 1192K, capacity 1353K, committed 1408K, reserved 1048576K
Heap Regions: E=young(eden), S=young(survivor), O=old, HS=humongous(starts), HC=humongous(continues), CS=collection set, F=free, A=archive, TAMS=top-at-mark-start (previous, next)
|   0|0x0000000082400000, 0x0000000082400000, 0x0000000082500000|  0%| F|  |TAMS 0x0000000082400000, 0x0000000082400000| Untracked 
|   1|0x0000000082500000, 0x0000000082500000, 0x0000000082600000|  0%| F|  |TAMS 0x0000000082500000, 0x0000000082500000| Untracked 
|   2|0x0000000082600000, 0x0000000082600000, 0x0000000082700000|  0%| F|  |TAMS 0x0000000082600000, 0x0000000082600000| Untracked 
|   3|0x0000000082700000, 0x0000000082700000, 0x0000000082800000|  0%| F|  |TAMS 0x0000000082700000, 0x0000000082700000| Untracked 
|   4|0x0000000082800000, 0x0000000082800000, 0x0000000082900000|  0%| F|  |TAMS 0x0000000082800000, 0x0000000082800000| Untracked 
|   5|0x0000000082900000, 0x0000000082900000, 0x0000000082a00000|  0%| F|  |TAMS 0x0000000082900000, 0x0000000082900000| Untracked 
|   6|0x0000000082a00000, 0x0000000082a00000, 0x0000000082b00000|  0%| F|  |TAMS 0x0000000082a00000, 0x0000000082a00000| Untracked 
|   7|0x0000000082b00000, 0x0000000082b00000, 0x0000000082c00000|  0%| F|  |TAMS 0x0000000082b00000, 0x0000000082b00000| Untracked 
|   8|0x0000000082c00000, 0x0000000082c00000, 0x0000000082d00000|  0%| F|  |TAMS 0x0000000082c00000, 0x0000000082c00000| Untracked 
|   9|0x0000000082d00000, 0x0000000082d00000, 0x0000000082e00000|  0%| F|  |TAMS 0x0000000082d00000, 0x0000000082d00000| Untracked 
|  10|0x0000000082e00000, 0x0000000082e00000, 0x0000000082f00000|  0%| F|  |TAMS 0x0000000082e00000, 0x0000000082e00000| Untracked 
|  11|0x0000000082f00000, 0x0000000082f00000, 0x0000000083000000|  0%| F|  |TAMS 0x0000000082f00000, 0x0000000082f00000| Untracked 
|  12|0x0000000083000000, 0x0000000083000000, 0x0000000083100000|  0%| F|  |TAMS 0x0000000083000000, 0x0000000083000000| Untracked 
|  13|0x0000000083100000, 0x0000000083100000, 0x0000000083200000|  0%| F|  |TAMS 0x0000000083100000, 0x0000000083100000| Untracked 
|  14|0x0000000083200000, 0x0000000083200000, 0x0000000083300000|  0%| F|  |TAMS 0x0000000083200000, 0x0000000083200000| Untracked 
|  15|0x0000000083300000, 0x0000000083300000, 0x0000000083400000|  0%| F|  |TAMS 0x0000000083300000, 0x0000000083300000| Untracked 
|  16|0x0000000083400000, 0x0000000083400000, 0x0000000083500000|  0%| F|  |TAMS 0x0000000083400000, 0x0000000083400000| Untracked 
|  17|0x0000000083500000, 0x0000000083500000, 0x0000000083600000|  0%| F|  |TAMS 0x0000000083500000, 0x0000000083500000| Untracked 
|  18|0x0000000083600000, 0x0000000083600000, 0x0000000083700000|  0%| F|  |TAMS 0x0000000083600000, 0x0000000083600000| Untracked 
|  19|0x0000000083700000, 0x0000000083700000, 0x0000000083800000|  0%| F|  |TAMS 0x0000000083700000, 0x0000000083700000| Untracked 
|  20|0x0000000083800000, 0x0000000083800000, 0x0000000083900000|  0%| F|  |TAMS 0x0000000083800000, 0x0000000083800000| Untracked 
|  21|0x0000000083900000, 0x0000000083900000, 0x0000000083a00000|  0%| F|  |TAMS 0x0000000083900000, 0x0000000083900000| Untracked 
|  22|0x0000000083a00000, 0x0000000083a00000, 0x0000000083b00000|  0%| F|  |TAMS 0x0000000083a00000, 0x0000000083a00000| Untracked 
|  23|0x0000000083b00000, 0x0000000083b00000, 0x0000000083c00000|  0%| F|  |TAMS 0x0000000083b00000, 0x0000000083b00000| Untracked 
|  24|0x0000000083c00000, 0x0000000083c00000, 0x0000000083d00000|  0%| F|  |TAMS 0x0000000083c00000, 0x0000000083c00000| Untracked 
|  25|0x0000000083d00000, 0x0000000083d00000, 0x0000000083e00000|  0%| F|  |TAMS 0x0000000083d00000, 0x0000000083d00000| Untracked 
|  26|0x0000000083e00000, 0x0000000083e00000, 0x0000000083f00000|  0%| F|  |TAMS 0x0000000083e00000, 0x0000000083e00000| Untracked 
|  27|0x0000000083f00000, 0x0000000083f00000, 0x0000000084000000|  0%| F|  |TAMS 0x0000000083f00000, 0x0000000083f00000| Untracked 
|  28|0x0000000084000000, 0x0000000084000000, 0x0000000084100000|  0%| F|  |TAMS 0x0000000084000000, 0x0000000084000000| Untracked 
|  29|0x0000000084100000, 0x0000000084100000, 0x0000000084200000|  0%| F|  |TAMS 0x0000000084100000, 0x0000000084100000| Untracked 
|  30|0x0000000084200000, 0x0000000084200000, 0x0000000084300000|  0%| F|  |TAMS 0x0000000084200000, 0x0000000084200000| Untracked 
|  31|0x0000000084300000, 0x0000000084300000, 0x0000000084400000|  0%| F|  |TAMS 0x0000000084300000, 0x0000000084300000| Untracked 
|  32|0x0000000084400000, 0x0000000084400000, 0x0000000084500000|  0%| F|  |TAMS 0x0000000084400000, 0x0000000084400000| Untracked 
|  33|0x0000000084500000, 0x0000000084500000, 0x0000000084600000|  0%| F|  |TAMS 0x0000000084500000, 0x0000000084500000| Untracked 
|  34|0x0000000084600000, 0x0000000084600000, 0x0000000084700000|  0%| F|  |TAMS 0x0000000084600000, 0x0000000084600000| Untracked 
|  35|0x0000000084700000, 0x0000000084700000, 0x0000000084800000|  0%| F|  |TAMS 0x0000000084700000, 0x0000000084700000| Untracked 
|  36|0x0000000084800000, 0x0000000084800000, 0x0000000084900000|  0%| F|  |TAMS 0x0000000084800000, 0x0000000084800000| Untracked 
|  37|0x0000000084900000, 0x0000000084900000, 0x0000000084a00000|  0%| F|  |TAMS 0x0000000084900000, 0x0000000084900000| Untracked 
|  38|0x0000000084a00000, 0x0000000084a00000, 0x0000000084b00000|  0%| F|  |TAMS 0x0000000084a00000, 0x0000000084a00000| Untracked 
|  39|0x0000000084b00000, 0x0000000084b00000, 0x0000000084c00000|  0%| F|  |TAMS 0x0000000084b00000, 0x0000000084b00000| Untracked 
|  40|0x0000000084c00000, 0x0000000084c00000, 0x0000000084d00000|  0%| F|  |TAMS 0x0000000084c00000, 0x0000000084c00000| Untracked 
|  41|0x0000000084d00000, 0x0000000084d00000, 0x0000000084e00000|  0%| F|  |TAMS 0x0000000084d00000, 0x0000000084d00000| Untracked 
|  42|0x0000000084e00000, 0x0000000084e00000, 0x0000000084f00000|  0%| F|  |TAMS 0x0000000084e00000, 0x0000000084e00000| Untracked 
|  43|0x0000000084f00000, 0x0000000084f00000, 0x0000000085000000|  0%| F|  |TAMS 0x0000000084f00000, 0x0000000084f00000| Untracked 
|  44|0x0000000085000000, 0x0000000085000000, 0x0000000085100000|  0%| F|  |TAMS 0x0000000085000000, 0x0000000085000000| Untracked 
|  45|0x0000000085100000, 0x0000000085100000, 0x0000000085200000|  0%| F|  |TAMS 0x0000000085100000, 0x0000000085100000| Untracked 
|  46|0x0000000085200000, 0x0000000085200000, 0x0000000085300000|  0%| F|  |TAMS 0x0000000085200000, 0x0000000085200000| Untracked 
|  47|0x0000000085300000, 0x0000000085300000, 0x0000000085400000|  0%| F|  |TAMS 0x0000000085300000, 0x0000000085300000| Untracked 
|  48|0x0000000085400000, 0x0000000085400000, 0x0000000085500000|  0%| F|  |TAMS 0x0000000085400000, 0x0000000085400000| Untracked 
|  49|0x0000000085500000, 0x0000000085500000, 0x0000000085600000|  0%| F|  |TAMS 0x0000000085500000, 0x0000000085500000| Untracked 
|  50|0x0000000085600000, 0x0000000085600000, 0x0000000085700000|  0%| F|  |TAMS 0x0000000085600000, 0x0000000085600000| Untracked 
|  51|0x0000000085700000, 0x0000000085700000, 0x0000000085800000|  0%| F|  |TAMS 0x0000000085700000, 0x0000000085700000| Untracked 
|  52|0x0000000085800000, 0x0000000085800000, 0x0000000085900000|  0%| F|  |TAMS 0x0000000085800000, 0x0000000085800000| Untracked 
|  53|0x0000000085900000, 0x0000000085900000, 0x0000000085a00000|  0%| F|  |TAMS 0x0000000085900000, 0x0000000085900000| Untracked 
|  54|0x0000000085a00000, 0x0000000085a00000, 0x0000000085b00000|  0%| F|  |TAMS 0x0000000085a00000, 0x0000000085a00000| Untracked 
|  55|0x0000000085b00000, 0x0000000085b00000, 0x0000000085c00000|  0%| F|  |TAMS 0x0000000085b00000, 0x0000000085b00000| Untracked 
|  56|0x0000000085c00000, 0x0000000085c00000, 0x0000000085d00000|  0%| F|  |TAMS 0x0000000085c00000, 0x0000000085c00000| Untracked 
|  57|0x0000000085d00000, 0x0000000085d00000, 0x0000000085e00000|  0%| F|  |TAMS 0x0000000085d00000, 0x0000000085d00000| Untracked 
|  58|0x0000000085e00000, 0x0000000085e00000, 0x0000000085f00000|  0%| F|  |TAMS 0x0000000085e00000, 0x0000000085e00000| Untracked 
|  59|0x0000000085f00000, 0x0000000085f00000, 0x0000000086000000|  0%| F|  |TAMS 0x0000000085f00000, 0x0000000085f00000| Untracked 
|  60|0x0000000086000000, 0x0000000086000000, 0x0000000086100000|  0%| F|  |TAMS 0x0000000086000000, 0x0000000086000000| Untracked 
|  61|0x0000000086100000, 0x0000000086100000, 0x0000000086200000|  0%| F|  |TAMS 0x0000000086100000, 0x0000000086100000| Untracked 
|  62|0x0000000086200000, 0x0000000086200000, 0x0000000086300000|  0%| F|  |TAMS 0x0000000086200000, 0x0000000086200000| Untracked 
|  63|0x0000000086300000, 0x0000000086300000, 0x0000000086400000|  0%| F|  |TAMS 0x0000000086300000, 0x0000000086300000| Untracked 
|  64|0x0000000086400000, 0x0000000086400000, 0x0000000086500000|  0%| F|  |TAMS 0x0000000086400000, 0x0000000086400000| Untracked 
|  65|0x0000000086500000, 0x0000000086500000, 0x0000000086600000|  0%| F|  |TAMS 0x0000000086500000, 0x0000000086500000| Untracked 
|  66|0x0000000086600000, 0x0000000086600000, 0x0000000086700000|  0%| F|  |TAMS 0x0000000086600000, 0x0000000086600000| Untracked 
|  67|0x0000000086700000, 0x0000000086700000, 0x0000000086800000|  0%| F|  |TAMS 0x0000000086700000, 0x0000000086700000| Untracked 
|  68|0x0000000086800000, 0x0000000086800000, 0x0000000086900000|  0%| F|  |TAMS 0x0000000086800000, 0x0000000086800000| Untracked 
|  69|0x0000000086900000, 0x0000000086900000, 0x0000000086a00000|  0%| F|  |TAMS 0x0000000086900000, 0x0000000086900000| Untracked 
|  70|0x0000000086a00000, 0x0000000086a00000, 0x0000000086b00000|  0%| F|  |TAMS 0x0000000086a00000, 0x0000000086a00000| Untracked 
|  71|0x0000000086b00000, 0x0000000086b00000, 0x0000000086c00000|  0%| F|  |TAMS 0x0000000086b00000, 0x0000000086b00000| Untracked 
|  72|0x0000000086c00000, 0x0000000086c00000, 0x0000000086d00000|  0%| F|  |TAMS 0x0000000086c00000, 0x0000000086c00000| Untracked 
|  73|0x0000000086d00000, 0x0000000086d00000, 0x0000000086e00000|  0%| F|  |TAMS 0x0000000086d00000, 0x0000000086d00000| Untracked 
|  74|0x0000000086e00000, 0x0000000086e00000, 0x0000000086f00000|  0%| F|  |TAMS 0x0000000086e00000, 0x0000000086e00000| Untracked 
|  75|0x0000000086f00000, 0x0000000086f00000, 0x0000000087000000|  0%| F|  |TAMS 0x0000000086f00000, 0x0000000086f00000| Untracked 
|  76|0x0000000087000000, 0x0000000087000000, 0x0000000087100000|  0%| F|  |TAMS 0x0000000087000000, 0x0000000087000000| Untracked 
|  77|0x0000000087100000, 0x0000000087100000, 0x0000000087200000|  0%| F|  |TAMS 0x0000000087100000, 0x0000000087100000| Untracked 
|  78|0x0000000087200000, 0x0000000087200000, 0x0000000087300000|  0%| F|  |TAMS 0x0000000087200000, 0x0000000087200000| Untracked 
|  79|0x0000000087300000, 0x0000000087300000, 0x0000000087400000|  0%| F|  |TAMS 0x0000000087300000, 0x0000000087300000| Untracked 
|  80|0x0000000087400000, 0x0000000087400000, 0x0000000087500000|  0%| F|  |TAMS 0x0000000087400000, 0x0000000087400000| Untracked 
|  81|0x0000000087500000, 0x0000000087500000, 0x0000000087600000|  0%| F|  |TAMS 0x0000000087500000, 0x0000000087500000| Untracked 
|  82|0x0000000087600000, 0x0000000087600000, 0x0000000087700000|  0%| F|  |TAMS 0x0000000087600000, 0x0000000087600000| Untracked 
|  83|0x0000000087700000, 0x0000000087700000, 0x0000000087800000|  0%| F|  |TAMS 0x0000000087700000, 0x0000000087700000| Untracked 
|  84|0x0000000087800000, 0x0000000087800000, 0x0000000087900000|  0%| F|  |TAMS 0x0000000087800000, 0x0000000087800000| Untracked 
|  85|0x0000000087900000, 0x0000000087900000, 0x0000000087a00000|  0%| F|  |TAMS 0x0000000087900000, 0x0000000087900000| Untracked 
|  86|0x0000000087a00000, 0x0000000087a00000, 0x0000000087b00000|  0%| F|  |TAMS 0x0000000087a00000, 0x0000000087a00000| Untracked 
|  87|0x0000000087b00000, 0x0000000087b00000, 0x0000000087c00000|  0%| F|  |TAMS 0x0000000087b00000, 0x0000000087b00000| Untracked 
|  88|0x0000000087c00000, 0x0000000087c00000, 0x0000000087d00000|  0%| F|  |TAMS 0x0000000087c00000, 0x0000000087c00000| Untracked 
|  89|0x0000000087d00000, 0x0000000087d00000, 0x0000000087e00000|  0%| F|  |TAMS 0x0000000087d00000, 0x0000000087d00000| Untracked 
|  90|0x0000000087e00000, 0x0000000087e00000, 0x0000000087f00000|  0%| F|  |TAMS 0x0000000087e00000, 0x0000000087e00000| Untracked 
|  91|0x0000000087f00000, 0x0000000087f00000, 0x0000000088000000|  0%| F|  |TAMS 0x0000000087f00000, 0x0000000087f00000| Untracked 
|  92|0x0000000088000000, 0x0000000088000000, 0x0000000088100000|  0%| F|  |TAMS 0x0000000088000000, 0x0000000088000000| Untracked 
|  93|0x0000000088100000, 0x0000000088100000, 0x0000000088200000|  0%| F|  |TAMS 0x0000000088100000, 0x0000000088100000| Untracked 
|  94|0x0000000088200000, 0x0000000088200000, 0x0000000088300000|  0%| F|  |TAMS 0x0000000088200000, 0x0000000088200000| Untracked 
|  95|0x0000000088300000, 0x0000000088300000, 0x0000000088400000|  0%| F|  |TAMS 0x0000000088300000, 0x0000000088300000| Untracked 
|  96|0x0000000088400000, 0x0000000088400000, 0x0000000088500000|  0%| F|  |TAMS 0x0000000088400000, 0x0000000088400000| Untracked 
|  97|0x0000000088500000, 0x0000000088500000, 0x0000000088600000|  0%| F|  |TAMS 0x0000000088500000, 0x0000000088500000| Untracked 
|  98|0x0000000088600000, 0x0000000088600000, 0x0000000088700000|  0%| F|  |TAMS 0x0000000088600000, 0x0000000088600000| Untracked 
|  99|0x0000000088700000, 0x0000000088700000, 0x0000000088800000|  0%| F|  |TAMS 0x0000000088700000, 0x0000000088700000| Untracked 
| 100|0x0000000088800000, 0x0000000088800000, 0x0000000088900000|  0%| F|  |TAMS 0x0000000088800000, 0x0000000088800000| Untracked 
| 101|0x0000000088900000, 0x0000000088900000, 0x0000000088a00000|  0%| F|  |TAMS 0x0000000088900000, 0x0000000088900000| Untracked 
| 102|0x0000000088a00000, 0x0000000088a00000, 0x0000000088b00000|  0%| F|  |TAMS 0x0000000088a00000, 0x0000000088a00000| Untracked 
| 103|0x0000000088b00000, 0x0000000088b00000, 0x0000000088c00000|  0%| F|  |TAMS 0x0000000088b00000, 0x0000000088b00000| Untracked 
| 104|0x0000000088c00000, 0x0000000088c00000, 0x0000000088d00000|  0%| F|  |TAMS 0x0000000088c00000, 0x0000000088c00000| Untracked 
| 105|0x0000000088d00000, 0x0000000088d00000, 0x0000000088e00000|  0%| F|  |TAMS 0x0000000088d00000, 0x0000000088d00000| Untracked 
| 106|0x0000000088e00000, 0x0000000088e00000, 0x0000000088f00000|  0%| F|  |TAMS 0x0000000088e00000, 0x0000000088e00000| Untracked 
| 107|0x0000000088f00000, 0x0000000088f00000, 0x0000000089000000|  0%| F|  |TAMS 0x0000000088f00000, 0x0000000088f00000| Untracked 
| 108|0x0000000089000000, 0x0000000089000000, 0x0000000089100000|  0%| F|  |TAMS 0x0000000089000000, 0x0000000089000000| Untracked 
| 109|0x0000000089100000, 0x0000000089100000, 0x0000000089200000|  0%| F|  |TAMS 0x0000000089100000, 0x0000000089100000| Untracked 
| 110|0x0000000089200000, 0x0000000089200000, 0x0000000089300000|  0%| F|  |TAMS 0x0000000089200000, 0x0000000089200000| Untracked 
| 111|0x0000000089300000, 0x0000000089300000, 0x0000000089400000|  0%| F|  |TAMS 0x0000000089300000, 0x0000000089300000| Untracked 
| 112|0x0000000089400000, 0x0000000089400000, 0x0000000089500000|  0%| F|  |TAMS 0x0000000089400000, 0x0000000089400000| Untracked 
| 113|0x0000000089500000, 0x0000000089500000, 0x0000000089600000|  0%| F|  |TAMS 0x0000000089500000, 0x0000000089500000| Untracked 
| 114|0x0000000089600000, 0x0000000089600000, 0x0000000089700000|  0%| F|  |TAMS 0x0000000089600000, 0x0000000089600000| Untracked 
| 115|0x0000000089700000, 0x0000000089700000, 0x0000000089800000|  0%| F|  |TAMS 0x0000000089700000, 0x0000000089700000| Untracked 
| 116|0x0000000089800000, 0x0000000089800000, 0x0000000089900000|  0%| F|  |TAMS 0x0000000089800000, 0x0000000089800000| Untracked 
| 117|0x0000000089900000, 0x00000000899b5268, 0x0000000089a00000| 70%| S|CS|TAMS 0x0000000089900000, 0x0000000089900000| Complete 
| 118|0x0000000089a00000, 0x0000000089b00000, 0x0000000089b00000|100%| S|CS|TAMS 0x0000000089a00000, 0x0000000089a00000| Complete 
| 119|0x0000000089b00000, 0x0000000089b00000, 0x0000000089c00000|  0%| F|  |TAMS 0x0000000089b00000, 0x0000000089b00000| Untracked 
| 120|0x0000000089c00000, 0x0000000089c00000, 0x0000000089d00000|  0%| F|  |TAMS 0x0000000089c00000, 0x0000000089c00000| Untracked 
| 121|0x0000000089d00000, 0x0000000089d00000, 0x0000000089e00000|  0%| F|  |TAMS 0x0000000089d00000, 0x0000000089d00000| Untracked 
| 122|0x0000000089e00000, 0x0000000089e00000, 0x0000000089f00000|  0%| F|  |TAMS 0x0000000089e00000, 0x0000000089e00000| Untracked 
| 123|0x0000000089f00000, 0x0000000089f00000, 0x000000008a000000|  0%| F|  |TAMS 0x0000000089f00000, 0x0000000089f00000| Untracked 
| 124|0x000000008a000000, 0x000000008a000000, 0x000000008a100000|  0%| F|  |TAMS 0x000000008a000000, 0x000000008a000000| Untracked 
| 125|0x000000008a100000, 0x000000008a180000, 0x000000008a200000| 50%| E|  |TAMS 0x000000008a100000, 0x000000008a100000| Complete 

Card table byte_map: [0x0000024e2aa90000,0x0000024e2ae80000] _byte_map_base: 0x0000024e2a67e000

Marking Bits (Prev, Next): (CMBitMap*) 0x0000024e1301e4d0, (CMBitMap*) 0x0000024e1301e498
 Prev Bits: [0x0000024e2d1e0000, 0x0000024e2f150000)
 Next Bits: [0x0000024e2b270000, 0x0000024e2d1e0000)

Polling page: 0x0000024e10f30000

Metaspace:

Usage:
  Non-class:     10.10 MB capacity,     9.93 MB ( 98%) used,   137.91 KB (  1%) free+waste,    30.75 KB ( <1%) overhead. 
      Class:      1.35 MB capacity,     1.18 MB ( 88%) used,   153.85 KB ( 11%) free+waste,    17.75 KB (  1%) overhead. 
       Both:     11.45 MB capacity,    11.12 MB ( 97%) used,   291.77 KB (  2%) free+waste,    48.50 KB ( <1%) overhead. 

Virtual space:
  Non-class space:       16.00 MB reserved,      10.25 MB ( 64%) committed 
      Class space:        1.00 GB reserved,       1.38 MB ( <1%) committed 
             Both:        1.02 GB reserved,      11.63 MB (  1%) committed 

Chunk freelists:
   Non-Class:  3.75 KB
       Class:  2.88 KB
        Both:  6.63 KB

CodeHeap 'non-profiled nmethods': size=120000Kb used=172Kb max_used=172Kb free=119827Kb
 bounds [0x0000024e22e40000, 0x0000024e230b0000, 0x0000024e2a370000]
CodeHeap 'profiled nmethods': size=120000Kb used=968Kb max_used=968Kb free=119032Kb
 bounds [0x0000024e1b910000, 0x0000024e1bb80000, 0x0000024e22e40000]
CodeHeap 'non-nmethods': size=5760Kb used=1127Kb max_used=1136Kb free=4632Kb
 bounds [0x0000024e1b370000, 0x0000024e1b5e0000, 0x0000024e1b910000]
 total_blobs=1157 nmethods=602 adapters=364
 compilation: enabled
              stopped_count=0, restarted_count=0
 full_count=0

Compilation events (10 events):
Event: 0.248 Thread 0x0000024e31bc4000 nmethod 563 0x0000024e1b9e6e10 code [0x0000024e1b9e7000, 0x0000024e1b9e7380]
Event: 0.250 Thread 0x0000024e31bc4000  565       3       sun.invoke.util.VerifyAccess::isClassAccessible (182 bytes)
Event: 0.251 Thread 0x0000024e31bc4000 nmethod 565 0x0000024e1b9e7510 code [0x0000024e1b9e78c0, 0x0000024e1b9e8ee0]
Event: 0.251 Thread 0x0000024e31bc4000  566       3       sun.invoke.util.VerifyAccess::isTypeVisible (47 bytes)
Event: 0.251 Thread 0x0000024e31bc4000 nmethod 566 0x0000024e1b9e9590 code [0x0000024e1b9e9780, 0x0000024e1b9e9bc0]
Event: 0.251 Thread 0x0000024e31bc4000  571       3       java.lang.invoke.MethodHandles$Lookup::lookupClassOrNull (17 bytes)
Event: 0.251 Thread 0x0000024e31bc4000 nmethod 571 0x0000024e1b9e9d90 code [0x0000024e1b9e9f40, 0x0000024e1b9ea118]
Event: 0.251 Thread 0x0000024e31bc4000  567       3       java.lang.invoke.DirectMethodHandle::make (263 bytes)
Event: 0.252 Thread 0x0000024e31bc4000 nmethod 567 0x0000024e1b9ea190 code [0x0000024e1b9ea540, 0x0000024e1b9eba10]
Event: 0.252 Thread 0x0000024e31bc4000  572       3       jdk.internal.org.objectweb.asm.MethodWriter::visitMaxs (1144 bytes)

GC Heap History (0 events):
No events

Deoptimization events (1 events):
Event: 0.071 Thread 0x0000024e12fe0000 Uncommon trap: reason=unstable_if action=reinterpret pc=0x0000024e22e4567c method=java.lang.String.hashCode()I @ 14 c2

Classes redefined (0 events):
No events

Internal exceptions (10 events):
Event: 0.163 Thread 0x0000024e12fe0000 Exception <a 'java/lang/NoSuchMethodError'{0x0000000089fa0ec0}: java.lang.invoke.DelegatingMethodHandle$Holder.reinvoke_L(Ljava/lang/Object;IILjava/lang/Object;Ljava/lang/Object;Ljava/lang/Object;)Ljava/lang/Object;> (0x0000000089fa0ec0) thrown at [t:/wor
Event: 0.163 Thread 0x0000024e12fe0000 Exception <a 'java/lang/NoSuchMethodError'{0x0000000089fa4fa0}: java.lang.invoke.DirectMethodHandle$Holder.invokeStatic(Ljava/lang/Object;Ljava/lang/Object;Ljava/lang/Object;Ljava/lang/Object;I)Ljava/lang/Object;> (0x0000000089fa4fa0) thrown at [t:/worksp
Event: 0.170 Thread 0x0000024e12fe0000 Exception <a 'java/io/FileNotFoundException'{0x0000000089e07f88}> (0x0000000089e07f88) thrown at [t:/workspace/open/src/hotspot/share/prims/jni.cpp, line 615]
Event: 0.210 Thread 0x0000024e32a6f800 Exception <a 'java/lang/NoSuchMethodError'{0x0000000089efb5c8}: java.lang.invoke.DirectMethodHandle$Holder.invokeSpecial(Ljava/lang/Object;Ljava/lang/Object;)V> (0x0000000089efb5c8) thrown at [t:/workspace/open/src/hotspot/share/interpreter/linkResolver.c
Event: 0.212 Thread 0x0000024e12fe0000 Exception <a 'java/lang/NoSuchMethodError'{0x0000000089eb36e0}: java.lang.invoke.DirectMethodHandle$Holder.invokeStatic(Ljava/lang/Object;Ljava/lang/Object;Ljava/lang/Object;Ljava/lang/Object;Ljava/lang/Object;Ljava/lang/Object;Ljava/lang/Object;Ljava/lan
Event: 0.214 Thread 0x0000024e12fe0000 Exception <a 'java/lang/NoSuchMethodError'{0x0000000089ecd638}: java.lang.invoke.DirectMethodHandle$Holder.invokeStatic(Ljava/lang/Object;Ljava/lang/Object;Ljava/lang/Object;Ljava/lang/Object;Ljava/lang/Object;Ljava/lang/Object;Ljava/lang/Object;Ljava/lan
Event: 0.241 Thread 0x0000024e12fe0000 Exception <a 'java/lang/NoSuchMethodError'{0x0000000089c694c8}: java.lang.invoke.DirectMethodHandle$Holder.invokeStatic(Ljava/lang/Object;ILjava/lang/Object;Ljava/lang/Object;Ljava/lang/Object;Ljava/lang/Object;)Ljava/lang/Object;> (0x0000000089c694c8) th
Event: 0.241 Thread 0x0000024e12fe0000 Exception <a 'java/lang/NoSuchMethodError'{0x0000000089c70588}: java.lang.invoke.DirectMethodHandle$Holder.invokeStatic(Ljava/lang/Object;ILjava/lang/Object;Ljava/lang/Object;Ljava/lang/Object;)Ljava/lang/Object;> (0x0000000089c70588) thrown at [t:/worksp
Event: 0.241 Thread 0x0000024e12fe0000 Exception <a 'java/lang/NoSuchMethodError'{0x0000000089c740c8}: java.lang.invoke.DirectMethodHandle$Holder.invokeSpecial(Ljava/lang/Object;Ljava/lang/Object;ILjava/lang/Object;Ljava/lang/Object;Ljava/lang/Object;)Ljava/lang/Object;> (0x0000000089c740c8) t
Event: 0.243 Thread 0x0000024e12fe0000 Exception <a 'java/lang/NoSuchMethodError'{0x0000000089c8bbf0}: java.lang.invoke.DirectMethodHandle$Holder.invokeStatic(Ljava/lang/Object;ILjava/lang/Object;)Ljava/lang/Object;> (0x0000000089c8bbf0) thrown at [t:/workspace/open/src/hotspot/share/interpret

Events (10 events):
Event: 0.242 loading class javax/swing/plaf/basic/BasicLookAndFeel$2
Event: 0.242 loading class javax/swing/plaf/basic/BasicLookAndFeel$2 done
Event: 0.243 loading class javax/swing/plaf/DimensionUIResource
Event: 0.243 loading class javax/swing/plaf/DimensionUIResource done
Event: 0.244 loading class javax/swing/UIDefaults$LazyInputMap
Event: 0.244 loading class javax/swing/UIDefaults$LazyInputMap done
Event: 0.246 loading class java/lang/Character$CharacterCache
Event: 0.246 loading class java/lang/Character$CharacterCache done
Event: 0.248 loading class javax/swing/plaf/metal/MetalLookAndFeel$FontActiveValue
Event: 0.248 loading class javax/swing/plaf/metal/MetalLookAndFeel$FontActiveValue done


Dynamic libraries:
0x00007ff7bdec0000 - 0x00007ff7bdf07000 	C:\Program Files\Java\jdk-11.0.6\bin\java.exe
0x00007ff8c7160000 - 0x00007ff8c7350000 	C:\Windows\SYSTEM32\ntdll.dll
0x00007ff8c69f0000 - 0x00007ff8c6aa2000 	C:\Windows\System32\KERNEL32.DLL
0x00007ff8c4de0000 - 0x00007ff8c5084000 	C:\Windows\System32\KERNELBASE.dll
0x00007ff8c6390000 - 0x00007ff8c6433000 	C:\Windows\System32\ADVAPI32.dll
0x00007ff8c7020000 - 0x00007ff8c70be000 	C:\Windows\System32\msvcrt.dll
0x00007ff8c5830000 - 0x00007ff8c58c7000 	C:\Windows\System32\sechost.dll
0x00007ff8c64c0000 - 0x00007ff8c65e0000 	C:\Windows\System32\RPCRT4.dll
0x00007ff8c6e80000 - 0x00007ff8c7014000 	C:\Windows\System32\USER32.dll
0x00007ff8c4aa0000 - 0x00007ff8c4ac1000 	C:\Windows\System32\win32u.dll
0x00007ff8c6db0000 - 0x00007ff8c6dd6000 	C:\Windows\System32\GDI32.dll
0x00007ff8c4bc0000 - 0x00007ff8c4d54000 	C:\Windows\System32\gdi32full.dll
0x00007ff8c4ad0000 - 0x00007ff8c4b6e000 	C:\Windows\System32\msvcp_win.dll
0x00007ff8c5090000 - 0x00007ff8c518a000 	C:\Windows\System32\ucrtbase.dll
0x00007ff8b5510000 - 0x00007ff8b5794000 	C:\Windows\WinSxS\amd64_microsoft.windows.common-controls_6595b64144ccf1df_6.0.18362.836_none_e6c4b943130f18ed\COMCTL32.dll
0x00007ff8be1c0000 - 0x00007ff8be1ca000 	C:\Windows\SYSTEM32\VERSION.dll
0x00007ff8c66b0000 - 0x00007ff8c69e6000 	C:\Windows\System32\combase.dll
0x00007ff8c5190000 - 0x00007ff8c5210000 	C:\Windows\System32\bcryptPrimitives.dll
0x00007ff8c6100000 - 0x00007ff8c612e000 	C:\Windows\System32\IMM32.DLL
0x00007ff8acc70000 - 0x00007ff8acc86000 	C:\Program Files\Java\jdk-11.0.6\bin\vcruntime140.dll
0x00007ff896c40000 - 0x00007ff896cea000 	C:\Program Files\Java\jdk-11.0.6\bin\msvcp140.dll
0x00007ff892800000 - 0x00007ff893329000 	C:\Program Files\Java\jdk-11.0.6\bin\server\jvm.dll
0x00007ff8c6e70000 - 0x00007ff8c6e78000 	C:\Windows\System32\PSAPI.DLL
0x00007ff8b3630000 - 0x00007ff8b3639000 	C:\Windows\SYSTEM32\WSOCK32.dll
0x00007ff8c6d40000 - 0x00007ff8c6daf000 	C:\Windows\System32\WS2_32.dll
0x00007ff8c1de0000 - 0x00007ff8c1e04000 	C:\Windows\SYSTEM32\WINMM.dll
0x00007ff8c1cf0000 - 0x00007ff8c1d1d000 	C:\Windows\SYSTEM32\winmmbase.dll
0x00007ff8c4b70000 - 0x00007ff8c4bba000 	C:\Windows\System32\cfgmgr32.dll
0x00007ff8c4060000 - 0x00007ff8c4071000 	C:\Windows\System32\kernel.appcore.dll
0x00007ff8a7cd0000 - 0x00007ff8a7ce1000 	C:\Program Files\Java\jdk-11.0.6\bin\verify.dll
0x00007ff8c2950000 - 0x00007ff8c2b44000 	C:\Windows\SYSTEM32\DBGHELP.DLL
0x00007ff8b1e20000 - 0x00007ff8b1e4a000 	C:\Windows\SYSTEM32\dbgcore.DLL
0x00007ff8a7d20000 - 0x00007ff8a7d49000 	C:\Program Files\Java\jdk-11.0.6\bin\java.dll
0x00007ff8a7cb0000 - 0x00007ff8a7cc6000 	C:\Program Files\Java\jdk-11.0.6\bin\zip.dll
0x00007ff8b1c90000 - 0x00007ff8b1c9a000 	C:\Program Files\Java\jdk-11.0.6\bin\jimage.dll
0x00007ff8c59a0000 - 0x00007ff8c6084000 	C:\Windows\System32\SHELL32.dll
0x00007ff8c6c90000 - 0x00007ff8c6d39000 	C:\Windows\System32\shcore.dll
0x00007ff8c4320000 - 0x00007ff8c4a9e000 	C:\Windows\System32\windows.storage.dll
0x00007ff8c4030000 - 0x00007ff8c4053000 	C:\Windows\System32\profapi.dll
0x00007ff8c4080000 - 0x00007ff8c40ca000 	C:\Windows\System32\powrprof.dll
0x00007ff8c4020000 - 0x00007ff8c4030000 	C:\Windows\System32\UMPDC.dll
0x00007ff8c6c30000 - 0x00007ff8c6c82000 	C:\Windows\System32\shlwapi.dll
0x00007ff8c4dc0000 - 0x00007ff8c4dd7000 	C:\Windows\System32\cryptsp.dll
0x00007ff8a7c90000 - 0x00007ff8a7ca9000 	C:\Program Files\Java\jdk-11.0.6\bin\net.dll
0x00007ff8b4ff0000 - 0x00007ff8b50e0000 	C:\Windows\SYSTEM32\WINHTTP.dll
0x00007ff8c3890000 - 0x00007ff8c38f7000 	C:\Windows\system32\mswsock.dll
0x00007ff8a04f0000 - 0x00007ff8a0503000 	C:\Program Files\Java\jdk-11.0.6\bin\nio.dll
0x00007ff896cf0000 - 0x00007ff896e8f000 	C:\Program Files\Java\jdk-11.0.6\bin\awt.dll
0x00007ff8c65e0000 - 0x00007ff8c66a4000 	C:\Windows\System32\OLEAUT32.dll
0x00007ff8c1d20000 - 0x00007ff8c1daf000 	C:\Windows\SYSTEM32\apphelp.dll
0x00007ff8c2420000 - 0x00007ff8c244d000 	C:\Windows\system32\DWMAPI.DLL
0x00007ff8c1ff0000 - 0x00007ff8c2089000 	C:\Windows\system32\uxtheme.dll
0x00007ff8b5ee0000 - 0x00007ff8b6036000 	C:\Windows\system32\opengl32.dll
0x00007ff8bd120000 - 0x00007ff8bd14c000 	C:\Windows\SYSTEM32\GLU32.dll
0x00007ff8c2c90000 - 0x00007ff8c2cb0000 	C:\Windows\SYSTEM32\dxcore.dll
0x00007ff8c6130000 - 0x00007ff8c6266000 	C:\Windows\System32\MSCTF.dll
0x00007ff8c6ad0000 - 0x00007ff8c6c27000 	C:\Windows\System32\ole32.dll

dbghelp: loaded successfully - version: 4.0.5 - missing functions: none
symbol engine: initialized successfully - sym options: 0x614 - pdb path: .;C:\Program Files\Java\jdk-11.0.6\bin;C:\Windows\SYSTEM32;C:\Windows\WinSxS\amd64_microsoft.windows.common-controls_6595b64144ccf1df_6.0.18362.836_none_e6c4b943130f18ed;C:\Program Files\Java\jdk-11.0.6\bin\server

VM Arguments:
jvm_args: -Dfile.encoding=UTF-8 
java_command: hotelmanagementsystem.AddCustomer
java_class_path (initial): C:\Users\rk565\Desktop\mysql-connector-java-8.0.20.jar;C:\Users\rk565\Desktop\jar file\rs2xml.jar;C:\Users\rk565\Documents\NetBeansProjects\HotelManagementSystem\build\classes
Launcher Type: SUN_STANDARD

[Global flags]
     intx CICompilerCount                          = 4                                         {product} {ergonomic}
     uint ConcGCThreads                            = 2                                         {product} {ergonomic}
     uint G1ConcRefinementThreads                  = 8                                         {product} {ergonomic}
   size_t G1HeapRegionSize                         = 1048576                                   {product} {ergonomic}
    uintx GCDrainStackTargetSize                   = 64                                        {product} {ergonomic}
   size_t InitialHeapSize                          = 132120576                                 {product} {ergonomic}
   size_t MarkStackSize                            = 4194304                                   {product} {ergonomic}
   size_t MaxHeapSize                              = 2109734912                                {product} {ergonomic}
   size_t MaxNewSize                               = 1265631232                                {product} {ergonomic}
   size_t MinHeapDeltaBytes                        = 1048576                                   {product} {ergonomic}
    uintx NonNMethodCodeHeapSize                   = 5836300                                {pd product} {ergonomic}
    uintx NonProfiledCodeHeapSize                  = 122910970                              {pd product} {ergonomic}
    uintx ProfiledCodeHeapSize                     = 122910970                              {pd product} {ergonomic}
    uintx ReservedCodeCacheSize                    = 251658240                              {pd product} {ergonomic}
     bool SegmentedCodeCache                       = true                                      {product} {ergonomic}
     bool UseCompressedClassPointers               = true                                 {lp64_product} {ergonomic}
     bool UseCompressedOops                        = true                                 {lp64_product} {ergonomic}
     bool UseG1GC                                  = true                                      {product} {ergonomic}
     bool UseLargePagesIndividualAllocation        = false                                  {pd product} {ergonomic}

Logging:
Log output configuration:
 #0: stdout all=warning uptime,level,tags
 #1: stderr all=off uptime,level,tags

Environment Variables:
JAVA_HOME=C:\Program Files\Java\jdk-11.0.6
PATH=C:\Program Files (x86)\Common Files\Oracle\Java\javapath;C:\Windows\system32;C:\Windows;C:\Windows\System32\Wbem;C:\Windows\System32\WindowsPowerShell\v1.0\C:;C:\Windows\System32\OpenSSH\;C:\Program Files (x86)\NVIDIA Corporation\PhysX\Common;C:\Program Files\Intel\WiFi\bin\;C:\Program Files\Common Files\Intel\WirelessCommon\;C:\Program Files\Java;C:\Program Files\Java\jdk-11.0.6\bin;C:\Program Files\MySQL\MySQL Server 5.5\bin;C:\Users\rk565\AppData\Local\Microsoft\WindowsApps;C:\Users\rk565\AppData\Local\atom\bin
USERNAME=rk565
OS=Windows_NT
PROCESSOR_IDENTIFIER=Intel64 Family 6 Model 142 Stepping 12, GenuineIntel



---------------  S Y S T E M  ---------------

OS: Windows 10 , 64 bit Build 18362 (10.0.18362.778)

CPU:total 8 (initial active 8) (4 cores per cpu, 2 threads per core) family 6 model 142 stepping 12, cmov, cx8, fxsr, mmx, sse, sse2, sse3, ssse3, sse4.1, sse4.2, popcnt, avx, avx2, aes, clmul, erms, 3dnowpref, lzcnt, ht, tsc, tscinvbit, bmi1, bmi2, adx, fma

Memory: 4k page, system-wide physical 8043M (2384M free)
TotalPageFile size 20843M (AvailPageFile size 2M)
current process WorkingSet (physical memory assigned to process): 58M, peak: 58M
current process commit charge ("private bytes"): 217M, peak: 217M

vm_info: Java HotSpot(TM) 64-Bit Server VM (11.0.6+8-LTS) for windows-amd64 JRE (11.0.6+8-LTS), built on Dec 11 2019 09:17:57 by "mach5one" with MS VC++ 15.5 (VS2017)

END.
